 ++++++++++++++BUFR ARCHIVE LIBRARY+++++++++++++++++
 BUFRLIB: RCSTPL - MAXSS OVERFLOW; SUBSET SKIPPED
 ++++++++++++++BUFR ARCHIVE LIBRARY+++++++++++++++++
 ++++++++++++++BUFR ARCHIVE LIBRARY+++++++++++++++++
 BUFRLIB: RCSTPL - MAXSS OVERFLOW; SUBSET SKIPPED
 ++++++++++++++BUFR ARCHIVE LIBRARY+++++++++++++++++
 ++++++++++++++BUFR ARCHIVE LIBRARY+++++++++++++++++
 BUFRLIB: RCSTPL - MAXSS OVERFLOW; SUBSET SKIPPED
 ++++++++++++++BUFR ARCHIVE LIBRARY+++++++++++++++++
 ++++++++++++++BUFR ARCHIVE LIBRARY+++++++++++++++++
 BUFRLIB: RCSTPL - MAXSS OVERFLOW; SUBSET SKIPPED
 ++++++++++++++BUFR ARCHIVE LIBRARY+++++++++++++++++
 ++++++++++++++BUFR ARCHIVE LIBRARY+++++++++++++++++
 BUFRLIB: RCSTPL - MAXSS OVERFLOW; SUBSET SKIPPED
 ++++++++++++++BUFR ARCHIVE LIBRARY+++++++++++++++++
 ++++++++++++++BUFR ARCHIVE LIBRARY+++++++++++++++++
 BUFRLIB: RCSTPL - MAXSS OVERFLOW; SUBSET SKIPPED
 ++++++++++++++BUFR ARCHIVE LIBRARY+++++++++++++++++
 ++++++++++++++BUFR ARCHIVE LIBRARY+++++++++++++++++
 BUFRLIB: RCSTPL - MAXSS OVERFLOW; SUBSET SKIPPED
 ++++++++++++++BUFR ARCHIVE LIBRARY+++++++++++++++++
 ++++++++++++++BUFR ARCHIVE LIBRARY+++++++++++++++++
 BUFRLIB: RCSTPL - MAXSS OVERFLOW; SUBSET SKIPPED
 ++++++++++++++BUFR ARCHIVE LIBRARY+++++++++++++++++
 ++++++++++++++BUFR ARCHIVE LIBRARY+++++++++++++++++
 BUFRLIB: RCSTPL - MAXSS OVERFLOW; SUBSET SKIPPED
 ++++++++++++++BUFR ARCHIVE LIBRARY+++++++++++++++++
 ++++++++++++++BUFR ARCHIVE LIBRARY+++++++++++++++++
 BUFRLIB: RCSTPL - MAXSS OVERFLOW; SUBSET SKIPPED
 ++++++++++++++BUFR ARCHIVE LIBRARY+++++++++++++++++
 ++++++++++++++BUFR ARCHIVE LIBRARY+++++++++++++++++
 BUFRLIB: RCSTPL - MAXSS OVERFLOW; SUBSET SKIPPED
 ++++++++++++++BUFR ARCHIVE LIBRARY+++++++++++++++++
 ++++++++++++++BUFR ARCHIVE LIBRARY+++++++++++++++++
 BUFRLIB: RCSTPL - MAXSS OVERFLOW; SUBSET SKIPPED
 ++++++++++++++BUFR ARCHIVE LIBRARY+++++++++++++++++
 ++++++++++++++BUFR ARCHIVE LIBRARY+++++++++++++++++
 BUFRLIB: RCSTPL - MAXSS OVERFLOW; SUBSET SKIPPED
 ++++++++++++++BUFR ARCHIVE LIBRARY+++++++++++++++++
 ++++++++++++++BUFR ARCHIVE LIBRARY+++++++++++++++++
 BUFRLIB: RCSTPL - MAXSS OVERFLOW; SUBSET SKIPPED
 ++++++++++++++BUFR ARCHIVE LIBRARY+++++++++++++++++
 ++++++++++++++BUFR ARCHIVE LIBRARY+++++++++++++++++
 BUFRLIB: RCSTPL - MAXSS OVERFLOW; SUBSET SKIPPED
 ++++++++++++++BUFR ARCHIVE LIBRARY+++++++++++++++++
 ++++++++++++++BUFR ARCHIVE LIBRARY+++++++++++++++++
 BUFRLIB: RCSTPL - MAXSS OVERFLOW; SUBSET SKIPPED
 ++++++++++++++BUFR ARCHIVE LIBRARY+++++++++++++++++
 ++++++++++++++BUFR ARCHIVE LIBRARY+++++++++++++++++
 BUFRLIB: RCSTPL - MAXSS OVERFLOW; SUBSET SKIPPED
 ++++++++++++++BUFR ARCHIVE LIBRARY+++++++++++++++++
 ++++++++++++++BUFR ARCHIVE LIBRARY+++++++++++++++++
 BUFRLIB: RCSTPL - MAXSS OVERFLOW; SUBSET SKIPPED
 ++++++++++++++BUFR ARCHIVE LIBRARY+++++++++++++++++
 ++++++++++++++BUFR ARCHIVE LIBRARY+++++++++++++++++
 BUFRLIB: RCSTPL - MAXSS OVERFLOW; SUBSET SKIPPED
 ++++++++++++++BUFR ARCHIVE LIBRARY+++++++++++++++++
 ++++++++++++++BUFR ARCHIVE LIBRARY+++++++++++++++++
 BUFRLIB: RCSTPL - MAXSS OVERFLOW; SUBSET SKIPPED
 ++++++++++++++BUFR ARCHIVE LIBRARY+++++++++++++++++
 ++++++++++++++BUFR ARCHIVE LIBRARY+++++++++++++++++
 BUFRLIB: RCSTPL - MAXSS OVERFLOW; SUBSET SKIPPED
 ++++++++++++++BUFR ARCHIVE LIBRARY+++++++++++++++++
 ++++++++++++++BUFR ARCHIVE LIBRARY+++++++++++++++++
 BUFRLIB: RCSTPL - MAXSS OVERFLOW; SUBSET SKIPPED
 ++++++++++++++BUFR ARCHIVE LIBRARY+++++++++++++++++
 ++++++++++++++BUFR ARCHIVE LIBRARY+++++++++++++++++
 BUFRLIB: RCSTPL - MAXSS OVERFLOW; SUBSET SKIPPED
 ++++++++++++++BUFR ARCHIVE LIBRARY+++++++++++++++++
 ++++++++++++++BUFR ARCHIVE LIBRARY+++++++++++++++++
 BUFRLIB: RCSTPL - MAXSS OVERFLOW; SUBSET SKIPPED
 ++++++++++++++BUFR ARCHIVE LIBRARY+++++++++++++++++
 ++++++++++++++BUFR ARCHIVE LIBRARY+++++++++++++++++
 BUFRLIB: RCSTPL - MAXSS OVERFLOW; SUBSET SKIPPED
 ++++++++++++++BUFR ARCHIVE LIBRARY+++++++++++++++++
 ++++++++++++++BUFR ARCHIVE LIBRARY+++++++++++++++++
 BUFRLIB: RCSTPL - MAXSS OVERFLOW; SUBSET SKIPPED
 ++++++++++++++BUFR ARCHIVE LIBRARY+++++++++++++++++
 ++++++++++++++BUFR ARCHIVE LIBRARY+++++++++++++++++
 BUFRLIB: RCSTPL - MAXSS OVERFLOW; SUBSET SKIPPED
 ++++++++++++++BUFR ARCHIVE LIBRARY+++++++++++++++++
 ++++++++++++++BUFR ARCHIVE LIBRARY+++++++++++++++++
 BUFRLIB: RCSTPL - MAXSS OVERFLOW; SUBSET SKIPPED
 ++++++++++++++BUFR ARCHIVE LIBRARY+++++++++++++++++
 ++++++++++++++BUFR ARCHIVE LIBRARY+++++++++++++++++
 BUFRLIB: RCSTPL - MAXSS OVERFLOW; SUBSET SKIPPED
 ++++++++++++++BUFR ARCHIVE LIBRARY+++++++++++++++++
 ++++++++++++++BUFR ARCHIVE LIBRARY+++++++++++++++++
 BUFRLIB: RCSTPL - MAXSS OVERFLOW; SUBSET SKIPPED
 ++++++++++++++BUFR ARCHIVE LIBRARY+++++++++++++++++
 ++++++++++++++BUFR ARCHIVE LIBRARY+++++++++++++++++
 BUFRLIB: RCSTPL - MAXSS OVERFLOW; SUBSET SKIPPED
 ++++++++++++++BUFR ARCHIVE LIBRARY+++++++++++++++++
 ++++++++++++++BUFR ARCHIVE LIBRARY+++++++++++++++++
 BUFRLIB: RCSTPL - MAXSS OVERFLOW; SUBSET SKIPPED
 ++++++++++++++BUFR ARCHIVE LIBRARY+++++++++++++++++
 ++++++++++++++BUFR ARCHIVE LIBRARY+++++++++++++++++
 BUFRLIB: RCSTPL - MAXSS OVERFLOW; SUBSET SKIPPED
 ++++++++++++++BUFR ARCHIVE LIBRARY+++++++++++++++++
 ++++++++++++++BUFR ARCHIVE LIBRARY+++++++++++++++++
 BUFRLIB: RCSTPL - MAXSS OVERFLOW; SUBSET SKIPPED
 ++++++++++++++BUFR ARCHIVE LIBRARY+++++++++++++++++
 ++++++++++++++BUFR ARCHIVE LIBRARY+++++++++++++++++
 BUFRLIB: RCSTPL - MAXSS OVERFLOW; SUBSET SKIPPED
 ++++++++++++++BUFR ARCHIVE LIBRARY+++++++++++++++++
 ++++++++++++++BUFR ARCHIVE LIBRARY+++++++++++++++++
 BUFRLIB: RCSTPL - MAXSS OVERFLOW; SUBSET SKIPPED
 ++++++++++++++BUFR ARCHIVE LIBRARY+++++++++++++++++
 ++++++++++++++BUFR ARCHIVE LIBRARY+++++++++++++++++
 BUFRLIB: RCSTPL - MAXSS OVERFLOW; SUBSET SKIPPED
 ++++++++++++++BUFR ARCHIVE LIBRARY+++++++++++++++++
 ++++++++++++++BUFR ARCHIVE LIBRARY+++++++++++++++++
 BUFRLIB: RCSTPL - MAXSS OVERFLOW; SUBSET SKIPPED
 ++++++++++++++BUFR ARCHIVE LIBRARY+++++++++++++++++
 ++++++++++++++BUFR ARCHIVE LIBRARY+++++++++++++++++
 BUFRLIB: RCSTPL - MAXSS OVERFLOW; SUBSET SKIPPED
 ++++++++++++++BUFR ARCHIVE LIBRARY+++++++++++++++++
 ++++++++++++++BUFR ARCHIVE LIBRARY+++++++++++++++++
 BUFRLIB: RCSTPL - MAXSS OVERFLOW; SUBSET SKIPPED
 ++++++++++++++BUFR ARCHIVE LIBRARY+++++++++++++++++
 ++++++++++++++BUFR ARCHIVE LIBRARY+++++++++++++++++
 BUFRLIB: RCSTPL - MAXSS OVERFLOW; SUBSET SKIPPED
 ++++++++++++++BUFR ARCHIVE LIBRARY+++++++++++++++++
 ++++++++++++++BUFR ARCHIVE LIBRARY+++++++++++++++++
 BUFRLIB: RCSTPL - MAXSS OVERFLOW; SUBSET SKIPPED
 ++++++++++++++BUFR ARCHIVE LIBRARY+++++++++++++++++
 ++++++++++++++BUFR ARCHIVE LIBRARY+++++++++++++++++
 BUFRLIB: RCSTPL - MAXSS OVERFLOW; SUBSET SKIPPED
 ++++++++++++++BUFR ARCHIVE LIBRARY+++++++++++++++++
 ++++++++++++++BUFR ARCHIVE LIBRARY+++++++++++++++++
 BUFRLIB: RCSTPL - MAXSS OVERFLOW; SUBSET SKIPPED
 ++++++++++++++BUFR ARCHIVE LIBRARY+++++++++++++++++
 ++++++++++++++BUFR ARCHIVE LIBRARY+++++++++++++++++
 BUFRLIB: RCSTPL - MAXSS OVERFLOW; SUBSET SKIPPED
 ++++++++++++++BUFR ARCHIVE LIBRARY+++++++++++++++++
 ++++++++++++++BUFR ARCHIVE LIBRARY+++++++++++++++++
 BUFRLIB: RCSTPL - MAXSS OVERFLOW; SUBSET SKIPPED
 ++++++++++++++BUFR ARCHIVE LIBRARY+++++++++++++++++
 ++++++++++++++BUFR ARCHIVE LIBRARY+++++++++++++++++
 BUFRLIB: RCSTPL - MAXSS OVERFLOW; SUBSET SKIPPED
 ++++++++++++++BUFR ARCHIVE LIBRARY+++++++++++++++++
 ++++++++++++++BUFR ARCHIVE LIBRARY+++++++++++++++++
 BUFRLIB: RCSTPL - MAXSS OVERFLOW; SUBSET SKIPPED
 ++++++++++++++BUFR ARCHIVE LIBRARY+++++++++++++++++
 ++++++++++++++BUFR ARCHIVE LIBRARY+++++++++++++++++
 BUFRLIB: RCSTPL - MAXSS OVERFLOW; SUBSET SKIPPED
 ++++++++++++++BUFR ARCHIVE LIBRARY+++++++++++++++++
 ++++++++++++++BUFR ARCHIVE LIBRARY+++++++++++++++++
 BUFRLIB: RCSTPL - MAXSS OVERFLOW; SUBSET SKIPPED
 ++++++++++++++BUFR ARCHIVE LIBRARY+++++++++++++++++
 ++++++++++++++BUFR ARCHIVE LIBRARY+++++++++++++++++
 BUFRLIB: RCSTPL - MAXSS OVERFLOW; SUBSET SKIPPED
 ++++++++++++++BUFR ARCHIVE LIBRARY+++++++++++++++++
 ++++++++++++++BUFR ARCHIVE LIBRARY+++++++++++++++++
 BUFRLIB: RCSTPL - MAXSS OVERFLOW; SUBSET SKIPPED
 ++++++++++++++BUFR ARCHIVE LIBRARY+++++++++++++++++
 ++++++++++++++BUFR ARCHIVE LIBRARY+++++++++++++++++
 BUFRLIB: RCSTPL - MAXSS OVERFLOW; SUBSET SKIPPED
 ++++++++++++++BUFR ARCHIVE LIBRARY+++++++++++++++++
 ++++++++++++++BUFR ARCHIVE LIBRARY+++++++++++++++++
 BUFRLIB: RCSTPL - MAXSS OVERFLOW; SUBSET SKIPPED
 ++++++++++++++BUFR ARCHIVE LIBRARY+++++++++++++++++
 ++++++++++++++BUFR ARCHIVE LIBRARY+++++++++++++++++
 BUFRLIB: RCSTPL - MAXSS OVERFLOW; SUBSET SKIPPED
 ++++++++++++++BUFR ARCHIVE LIBRARY+++++++++++++++++
 ++++++++++++++BUFR ARCHIVE LIBRARY+++++++++++++++++
 BUFRLIB: RCSTPL - MAXSS OVERFLOW; SUBSET SKIPPED
 ++++++++++++++BUFR ARCHIVE LIBRARY+++++++++++++++++
 ++++++++++++++BUFR ARCHIVE LIBRARY+++++++++++++++++
 BUFRLIB: RCSTPL - MAXSS OVERFLOW; SUBSET SKIPPED
 ++++++++++++++BUFR ARCHIVE LIBRARY+++++++++++++++++
 ++++++++++++++BUFR ARCHIVE LIBRARY+++++++++++++++++
 BUFRLIB: RCSTPL - MAXSS OVERFLOW; SUBSET SKIPPED
 ++++++++++++++BUFR ARCHIVE LIBRARY+++++++++++++++++
 ++++++++++++++BUFR ARCHIVE LIBRARY+++++++++++++++++
 BUFRLIB: RCSTPL - MAXSS OVERFLOW; SUBSET SKIPPED
 ++++++++++++++BUFR ARCHIVE LIBRARY+++++++++++++++++
 ++++++++++++++BUFR ARCHIVE LIBRARY+++++++++++++++++
 BUFRLIB: RCSTPL - MAXSS OVERFLOW; SUBSET SKIPPED
 ++++++++++++++BUFR ARCHIVE LIBRARY+++++++++++++++++
 ++++++++++++++BUFR ARCHIVE LIBRARY+++++++++++++++++
 BUFRLIB: RCSTPL - MAXSS OVERFLOW; SUBSET SKIPPED
 ++++++++++++++BUFR ARCHIVE LIBRARY+++++++++++++++++
 ++++++++++++++BUFR ARCHIVE LIBRARY+++++++++++++++++
 BUFRLIB: RCSTPL - MAXSS OVERFLOW; SUBSET SKIPPED
 ++++++++++++++BUFR ARCHIVE LIBRARY+++++++++++++++++
 ++++++++++++++BUFR ARCHIVE LIBRARY+++++++++++++++++
 BUFRLIB: RCSTPL - MAXSS OVERFLOW; SUBSET SKIPPED
 ++++++++++++++BUFR ARCHIVE LIBRARY+++++++++++++++++
 ++++++++++++++BUFR ARCHIVE LIBRARY+++++++++++++++++
 BUFRLIB: RCSTPL - MAXSS OVERFLOW; SUBSET SKIPPED
 ++++++++++++++BUFR ARCHIVE LIBRARY+++++++++++++++++
 ++++++++++++++BUFR ARCHIVE LIBRARY+++++++++++++++++
 BUFRLIB: RCSTPL - MAXSS OVERFLOW; SUBSET SKIPPED
 ++++++++++++++BUFR ARCHIVE LIBRARY+++++++++++++++++
 ++++++++++++++BUFR ARCHIVE LIBRARY+++++++++++++++++
 BUFRLIB: RCSTPL - MAXSS OVERFLOW; SUBSET SKIPPED
 ++++++++++++++BUFR ARCHIVE LIBRARY+++++++++++++++++
 ++++++++++++++BUFR ARCHIVE LIBRARY+++++++++++++++++
 BUFRLIB: RCSTPL - MAXSS OVERFLOW; SUBSET SKIPPED
 ++++++++++++++BUFR ARCHIVE LIBRARY+++++++++++++++++
 ++++++++++++++BUFR ARCHIVE LIBRARY+++++++++++++++++
 BUFRLIB: RCSTPL - MAXSS OVERFLOW; SUBSET SKIPPED
 ++++++++++++++BUFR ARCHIVE LIBRARY+++++++++++++++++
 ++++++++++++++BUFR ARCHIVE LIBRARY+++++++++++++++++
 BUFRLIB: RCSTPL - MAXSS OVERFLOW; SUBSET SKIPPED
 ++++++++++++++BUFR ARCHIVE LIBRARY+++++++++++++++++
 ++++++++++++++BUFR ARCHIVE LIBRARY+++++++++++++++++
 BUFRLIB: RCSTPL - MAXSS OVERFLOW; SUBSET SKIPPED
 ++++++++++++++BUFR ARCHIVE LIBRARY+++++++++++++++++
 ++++++++++++++BUFR ARCHIVE LIBRARY+++++++++++++++++
 BUFRLIB: RCSTPL - MAXSS OVERFLOW; SUBSET SKIPPED
 ++++++++++++++BUFR ARCHIVE LIBRARY+++++++++++++++++
 ++++++++++++++BUFR ARCHIVE LIBRARY+++++++++++++++++
 BUFRLIB: RCSTPL - MAXSS OVERFLOW; SUBSET SKIPPED
 ++++++++++++++BUFR ARCHIVE LIBRARY+++++++++++++++++
 ++++++++++++++BUFR ARCHIVE LIBRARY+++++++++++++++++
 BUFRLIB: RCSTPL - MAXSS OVERFLOW; SUBSET SKIPPED
 ++++++++++++++BUFR ARCHIVE LIBRARY+++++++++++++++++
 ++++++++++++++BUFR ARCHIVE LIBRARY+++++++++++++++++
 BUFRLIB: RCSTPL - MAXSS OVERFLOW; SUBSET SKIPPED
 ++++++++++++++BUFR ARCHIVE LIBRARY+++++++++++++++++
 ++++++++++++++BUFR ARCHIVE LIBRARY+++++++++++++++++
 BUFRLIB: RCSTPL - MAXSS OVERFLOW; SUBSET SKIPPED
 ++++++++++++++BUFR ARCHIVE LIBRARY+++++++++++++++++
 ++++++++++++++BUFR ARCHIVE LIBRARY+++++++++++++++++
 BUFRLIB: RCSTPL - MAXSS OVERFLOW; SUBSET SKIPPED
 ++++++++++++++BUFR ARCHIVE LIBRARY+++++++++++++++++
 ++++++++++++++BUFR ARCHIVE LIBRARY+++++++++++++++++
 BUFRLIB: RCSTPL - MAXSS OVERFLOW; SUBSET SKIPPED
 ++++++++++++++BUFR ARCHIVE LIBRARY+++++++++++++++++
 ++++++++++++++BUFR ARCHIVE LIBRARY+++++++++++++++++
 BUFRLIB: RCSTPL - MAXSS OVERFLOW; SUBSET SKIPPED
 ++++++++++++++BUFR ARCHIVE LIBRARY+++++++++++++++++
 ++++++++++++++BUFR ARCHIVE LIBRARY+++++++++++++++++
 BUFRLIB: RCSTPL - MAXSS OVERFLOW; SUBSET SKIPPED
 ++++++++++++++BUFR ARCHIVE LIBRARY+++++++++++++++++
 ++++++++++++++BUFR ARCHIVE LIBRARY+++++++++++++++++
 BUFRLIB: RCSTPL - MAXSS OVERFLOW; SUBSET SKIPPED
 ++++++++++++++BUFR ARCHIVE LIBRARY+++++++++++++++++
 ++++++++++++++BUFR ARCHIVE LIBRARY+++++++++++++++++
 BUFRLIB: RCSTPL - MAXSS OVERFLOW; SUBSET SKIPPED
 ++++++++++++++BUFR ARCHIVE LIBRARY+++++++++++++++++
 ++++++++++++++BUFR ARCHIVE LIBRARY+++++++++++++++++
 BUFRLIB: RCSTPL - MAXSS OVERFLOW; SUBSET SKIPPED
 ++++++++++++++BUFR ARCHIVE LIBRARY+++++++++++++++++
 ++++++++++++++BUFR ARCHIVE LIBRARY+++++++++++++++++
 BUFRLIB: RCSTPL - MAXSS OVERFLOW; SUBSET SKIPPED
 ++++++++++++++BUFR ARCHIVE LIBRARY+++++++++++++++++
 ++++++++++++++BUFR ARCHIVE LIBRARY+++++++++++++++++
 BUFRLIB: RCSTPL - MAXSS OVERFLOW; SUBSET SKIPPED
 ++++++++++++++BUFR ARCHIVE LIBRARY+++++++++++++++++
 ++++++++++++++BUFR ARCHIVE LIBRARY+++++++++++++++++
 BUFRLIB: RCSTPL - MAXSS OVERFLOW; SUBSET SKIPPED
 ++++++++++++++BUFR ARCHIVE LIBRARY+++++++++++++++++
 ++++++++++++++BUFR ARCHIVE LIBRARY+++++++++++++++++
 BUFRLIB: RCSTPL - MAXSS OVERFLOW; SUBSET SKIPPED
 ++++++++++++++BUFR ARCHIVE LIBRARY+++++++++++++++++
 ++++++++++++++BUFR ARCHIVE LIBRARY+++++++++++++++++
 BUFRLIB: RCSTPL - MAXSS OVERFLOW; SUBSET SKIPPED
 ++++++++++++++BUFR ARCHIVE LIBRARY+++++++++++++++++
 ++++++++++++++BUFR ARCHIVE LIBRARY+++++++++++++++++
 BUFRLIB: RCSTPL - MAXSS OVERFLOW; SUBSET SKIPPED
 ++++++++++++++BUFR ARCHIVE LIBRARY+++++++++++++++++
 ++++++++++++++BUFR ARCHIVE LIBRARY+++++++++++++++++
 BUFRLIB: RCSTPL - MAXSS OVERFLOW; SUBSET SKIPPED
 ++++++++++++++BUFR ARCHIVE LIBRARY+++++++++++++++++
 ++++++++++++++BUFR ARCHIVE LIBRARY+++++++++++++++++
 BUFRLIB: RCSTPL - MAXSS OVERFLOW; SUBSET SKIPPED
 ++++++++++++++BUFR ARCHIVE LIBRARY+++++++++++++++++
 ++++++++++++++BUFR ARCHIVE LIBRARY+++++++++++++++++
 BUFRLIB: RCSTPL - MAXSS OVERFLOW; SUBSET SKIPPED
 ++++++++++++++BUFR ARCHIVE LIBRARY+++++++++++++++++
 ++++++++++++++BUFR ARCHIVE LIBRARY+++++++++++++++++
 BUFRLIB: RCSTPL - MAXSS OVERFLOW; SUBSET SKIPPED
 ++++++++++++++BUFR ARCHIVE LIBRARY+++++++++++++++++
 ++++++++++++++BUFR ARCHIVE LIBRARY+++++++++++++++++
 BUFRLIB: RCSTPL - MAXSS OVERFLOW; SUBSET SKIPPED
 ++++++++++++++BUFR ARCHIVE LIBRARY+++++++++++++++++
 ++++++++++++++BUFR ARCHIVE LIBRARY+++++++++++++++++
 BUFRLIB: RCSTPL - MAXSS OVERFLOW; SUBSET SKIPPED
 ++++++++++++++BUFR ARCHIVE LIBRARY+++++++++++++++++
 ++++++++++++++BUFR ARCHIVE LIBRARY+++++++++++++++++
 BUFRLIB: RCSTPL - MAXSS OVERFLOW; SUBSET SKIPPED
 ++++++++++++++BUFR ARCHIVE LIBRARY+++++++++++++++++
 ++++++++++++++BUFR ARCHIVE LIBRARY+++++++++++++++++
 BUFRLIB: RCSTPL - MAXSS OVERFLOW; SUBSET SKIPPED
 ++++++++++++++BUFR ARCHIVE LIBRARY+++++++++++++++++
 ++++++++++++++BUFR ARCHIVE LIBRARY+++++++++++++++++
 BUFRLIB: RCSTPL - MAXSS OVERFLOW; SUBSET SKIPPED
 ++++++++++++++BUFR ARCHIVE LIBRARY+++++++++++++++++
 ++++++++++++++BUFR ARCHIVE LIBRARY+++++++++++++++++
 BUFRLIB: RCSTPL - MAXSS OVERFLOW; SUBSET SKIPPED
 ++++++++++++++BUFR ARCHIVE LIBRARY+++++++++++++++++
 ++++++++++++++BUFR ARCHIVE LIBRARY+++++++++++++++++
 BUFRLIB: RCSTPL - MAXSS OVERFLOW; SUBSET SKIPPED
 ++++++++++++++BUFR ARCHIVE LIBRARY+++++++++++++++++
 ++++++++++++++BUFR ARCHIVE LIBRARY+++++++++++++++++
 BUFRLIB: RCSTPL - MAXSS OVERFLOW; SUBSET SKIPPED
 ++++++++++++++BUFR ARCHIVE LIBRARY+++++++++++++++++
 ++++++++++++++BUFR ARCHIVE LIBRARY+++++++++++++++++
 BUFRLIB: RCSTPL - MAXSS OVERFLOW; SUBSET SKIPPED
 ++++++++++++++BUFR ARCHIVE LIBRARY+++++++++++++++++
 ++++++++++++++BUFR ARCHIVE LIBRARY+++++++++++++++++
 BUFRLIB: RCSTPL - MAXSS OVERFLOW; SUBSET SKIPPED
 ++++++++++++++BUFR ARCHIVE LIBRARY+++++++++++++++++
 ++++++++++++++BUFR ARCHIVE LIBRARY+++++++++++++++++
 BUFRLIB: RCSTPL - MAXSS OVERFLOW; SUBSET SKIPPED
 ++++++++++++++BUFR ARCHIVE LIBRARY+++++++++++++++++
 ++++++++++++++BUFR ARCHIVE LIBRARY+++++++++++++++++
 BUFRLIB: RCSTPL - MAXSS OVERFLOW; SUBSET SKIPPED
 ++++++++++++++BUFR ARCHIVE LIBRARY+++++++++++++++++
 ++++++++++++++BUFR ARCHIVE LIBRARY+++++++++++++++++
 BUFRLIB: RCSTPL - MAXSS OVERFLOW; SUBSET SKIPPED
 ++++++++++++++BUFR ARCHIVE LIBRARY+++++++++++++++++
 ++++++++++++++BUFR ARCHIVE LIBRARY+++++++++++++++++
 BUFRLIB: RCSTPL - MAXSS OVERFLOW; SUBSET SKIPPED
 ++++++++++++++BUFR ARCHIVE LIBRARY+++++++++++++++++
 ++++++++++++++BUFR ARCHIVE LIBRARY+++++++++++++++++
 BUFRLIB: RCSTPL - MAXSS OVERFLOW; SUBSET SKIPPED
 ++++++++++++++BUFR ARCHIVE LIBRARY+++++++++++++++++
 ++++++++++++++BUFR ARCHIVE LIBRARY+++++++++++++++++
 BUFRLIB: RCSTPL - MAXSS OVERFLOW; SUBSET SKIPPED
 ++++++++++++++BUFR ARCHIVE LIBRARY+++++++++++++++++
 ++++++++++++++BUFR ARCHIVE LIBRARY+++++++++++++++++
 BUFRLIB: RCSTPL - MAXSS OVERFLOW; SUBSET SKIPPED
 ++++++++++++++BUFR ARCHIVE LIBRARY+++++++++++++++++
 ++++++++++++++BUFR ARCHIVE LIBRARY+++++++++++++++++
 BUFRLIB: RCSTPL - MAXSS OVERFLOW; SUBSET SKIPPED
 ++++++++++++++BUFR ARCHIVE LIBRARY+++++++++++++++++
 ++++++++++++++BUFR ARCHIVE LIBRARY+++++++++++++++++
 BUFRLIB: RCSTPL - MAXSS OVERFLOW; SUBSET SKIPPED
 ++++++++++++++BUFR ARCHIVE LIBRARY+++++++++++++++++
 ++++++++++++++BUFR ARCHIVE LIBRARY+++++++++++++++++
 BUFRLIB: RCSTPL - MAXSS OVERFLOW; SUBSET SKIPPED
 ++++++++++++++BUFR ARCHIVE LIBRARY+++++++++++++++++
 ++++++++++++++BUFR ARCHIVE LIBRARY+++++++++++++++++
 BUFRLIB: RCSTPL - MAXSS OVERFLOW; SUBSET SKIPPED
 ++++++++++++++BUFR ARCHIVE LIBRARY+++++++++++++++++
 ++++++++++++++BUFR ARCHIVE LIBRARY+++++++++++++++++
 BUFRLIB: RCSTPL - MAXSS OVERFLOW; SUBSET SKIPPED
 ++++++++++++++BUFR ARCHIVE LIBRARY+++++++++++++++++
 ++++++++++++++BUFR ARCHIVE LIBRARY+++++++++++++++++
 BUFRLIB: RCSTPL - MAXSS OVERFLOW; SUBSET SKIPPED
 ++++++++++++++BUFR ARCHIVE LIBRARY+++++++++++++++++
 ++++++++++++++BUFR ARCHIVE LIBRARY+++++++++++++++++
 BUFRLIB: RCSTPL - MAXSS OVERFLOW; SUBSET SKIPPED
 ++++++++++++++BUFR ARCHIVE LIBRARY+++++++++++++++++
 ++++++++++++++BUFR ARCHIVE LIBRARY+++++++++++++++++
 BUFRLIB: RCSTPL - MAXSS OVERFLOW; SUBSET SKIPPED
 ++++++++++++++BUFR ARCHIVE LIBRARY+++++++++++++++++
 ++++++++++++++BUFR ARCHIVE LIBRARY+++++++++++++++++
 BUFRLIB: RCSTPL - MAXSS OVERFLOW; SUBSET SKIPPED
 ++++++++++++++BUFR ARCHIVE LIBRARY+++++++++++++++++
 ++++++++++++++BUFR ARCHIVE LIBRARY+++++++++++++++++
 BUFRLIB: RCSTPL - MAXSS OVERFLOW; SUBSET SKIPPED
 ++++++++++++++BUFR ARCHIVE LIBRARY+++++++++++++++++
 ++++++++++++++BUFR ARCHIVE LIBRARY+++++++++++++++++
 BUFRLIB: RCSTPL - MAXSS OVERFLOW; SUBSET SKIPPED
 ++++++++++++++BUFR ARCHIVE LIBRARY+++++++++++++++++
 ++++++++++++++BUFR ARCHIVE LIBRARY+++++++++++++++++
 BUFRLIB: RCSTPL - MAXSS OVERFLOW; SUBSET SKIPPED
 ++++++++++++++BUFR ARCHIVE LIBRARY+++++++++++++++++
 ++++++++++++++BUFR ARCHIVE LIBRARY+++++++++++++++++
 BUFRLIB: RCSTPL - MAXSS OVERFLOW; SUBSET SKIPPED
 ++++++++++++++BUFR ARCHIVE LIBRARY+++++++++++++++++
 ++++++++++++++BUFR ARCHIVE LIBRARY+++++++++++++++++
 BUFRLIB: RCSTPL - MAXSS OVERFLOW; SUBSET SKIPPED
 ++++++++++++++BUFR ARCHIVE LIBRARY+++++++++++++++++
 ++++++++++++++BUFR ARCHIVE LIBRARY+++++++++++++++++
 BUFRLIB: RCSTPL - MAXSS OVERFLOW; SUBSET SKIPPED
 ++++++++++++++BUFR ARCHIVE LIBRARY+++++++++++++++++
 ++++++++++++++BUFR ARCHIVE LIBRARY+++++++++++++++++
 BUFRLIB: RCSTPL - MAXSS OVERFLOW; SUBSET SKIPPED
 ++++++++++++++BUFR ARCHIVE LIBRARY+++++++++++++++++
 ++++++++++++++BUFR ARCHIVE LIBRARY+++++++++++++++++
 BUFRLIB: RCSTPL - MAXSS OVERFLOW; SUBSET SKIPPED
 ++++++++++++++BUFR ARCHIVE LIBRARY+++++++++++++++++
 ++++++++++++++BUFR ARCHIVE LIBRARY+++++++++++++++++
 BUFRLIB: RCSTPL - MAXSS OVERFLOW; SUBSET SKIPPED
 ++++++++++++++BUFR ARCHIVE LIBRARY+++++++++++++++++
 ++++++++++++++BUFR ARCHIVE LIBRARY+++++++++++++++++
 BUFRLIB: RCSTPL - MAXSS OVERFLOW; SUBSET SKIPPED
 ++++++++++++++BUFR ARCHIVE LIBRARY+++++++++++++++++
 ++++++++++++++BUFR ARCHIVE LIBRARY+++++++++++++++++
 BUFRLIB: RCSTPL - MAXSS OVERFLOW; SUBSET SKIPPED
 ++++++++++++++BUFR ARCHIVE LIBRARY+++++++++++++++++
 ++++++++++++++BUFR ARCHIVE LIBRARY+++++++++++++++++
 BUFRLIB: RCSTPL - MAXSS OVERFLOW; SUBSET SKIPPED
 ++++++++++++++BUFR ARCHIVE LIBRARY+++++++++++++++++
 ++++++++++++++BUFR ARCHIVE LIBRARY+++++++++++++++++
 BUFRLIB: RCSTPL - MAXSS OVERFLOW; SUBSET SKIPPED
 ++++++++++++++BUFR ARCHIVE LIBRARY+++++++++++++++++
 ++++++++++++++BUFR ARCHIVE LIBRARY+++++++++++++++++
 BUFRLIB: RCSTPL - MAXSS OVERFLOW; SUBSET SKIPPED
 ++++++++++++++BUFR ARCHIVE LIBRARY+++++++++++++++++
 ++++++++++++++BUFR ARCHIVE LIBRARY+++++++++++++++++
 BUFRLIB: RCSTPL - MAXSS OVERFLOW; SUBSET SKIPPED
 ++++++++++++++BUFR ARCHIVE LIBRARY+++++++++++++++++
 ++++++++++++++BUFR ARCHIVE LIBRARY+++++++++++++++++
 BUFRLIB: RCSTPL - MAXSS OVERFLOW; SUBSET SKIPPED
 ++++++++++++++BUFR ARCHIVE LIBRARY+++++++++++++++++
 ++++++++++++++BUFR ARCHIVE LIBRARY+++++++++++++++++
 BUFRLIB: RCSTPL - MAXSS OVERFLOW; SUBSET SKIPPED
 ++++++++++++++BUFR ARCHIVE LIBRARY+++++++++++++++++
 ++++++++++++++BUFR ARCHIVE LIBRARY+++++++++++++++++
 BUFRLIB: RCSTPL - MAXSS OVERFLOW; SUBSET SKIPPED
 ++++++++++++++BUFR ARCHIVE LIBRARY+++++++++++++++++
 ++++++++++++++BUFR ARCHIVE LIBRARY+++++++++++++++++
 BUFRLIB: RCSTPL - MAXSS OVERFLOW; SUBSET SKIPPED
 ++++++++++++++BUFR ARCHIVE LIBRARY+++++++++++++++++
 ++++++++++++++BUFR ARCHIVE LIBRARY+++++++++++++++++
 BUFRLIB: RCSTPL - MAXSS OVERFLOW; SUBSET SKIPPED
 ++++++++++++++BUFR ARCHIVE LIBRARY+++++++++++++++++
 ++++++++++++++BUFR ARCHIVE LIBRARY+++++++++++++++++
 BUFRLIB: RCSTPL - MAXSS OVERFLOW; SUBSET SKIPPED
 ++++++++++++++BUFR ARCHIVE LIBRARY+++++++++++++++++
 ++++++++++++++BUFR ARCHIVE LIBRARY+++++++++++++++++
 BUFRLIB: RCSTPL - MAXSS OVERFLOW; SUBSET SKIPPED
 ++++++++++++++BUFR ARCHIVE LIBRARY+++++++++++++++++
 ++++++++++++++BUFR ARCHIVE LIBRARY+++++++++++++++++
 BUFRLIB: RCSTPL - MAXSS OVERFLOW; SUBSET SKIPPED
 ++++++++++++++BUFR ARCHIVE LIBRARY+++++++++++++++++
 ++++++++++++++BUFR ARCHIVE LIBRARY+++++++++++++++++
 BUFRLIB: RCSTPL - MAXSS OVERFLOW; SUBSET SKIPPED
 ++++++++++++++BUFR ARCHIVE LIBRARY+++++++++++++++++
 ++++++++++++++BUFR ARCHIVE LIBRARY+++++++++++++++++
 BUFRLIB: RCSTPL - MAXSS OVERFLOW; SUBSET SKIPPED
 ++++++++++++++BUFR ARCHIVE LIBRARY+++++++++++++++++
 ++++++++++++++BUFR ARCHIVE LIBRARY+++++++++++++++++
 BUFRLIB: RCSTPL - MAXSS OVERFLOW; SUBSET SKIPPED
 ++++++++++++++BUFR ARCHIVE LIBRARY+++++++++++++++++
 ++++++++++++++BUFR ARCHIVE LIBRARY+++++++++++++++++
 BUFRLIB: RCSTPL - MAXSS OVERFLOW; SUBSET SKIPPED
 ++++++++++++++BUFR ARCHIVE LIBRARY+++++++++++++++++
 ++++++++++++++BUFR ARCHIVE LIBRARY+++++++++++++++++
 BUFRLIB: RCSTPL - MAXSS OVERFLOW; SUBSET SKIPPED
 ++++++++++++++BUFR ARCHIVE LIBRARY+++++++++++++++++
 ++++++++++++++BUFR ARCHIVE LIBRARY+++++++++++++++++
 BUFRLIB: RCSTPL - MAXSS OVERFLOW; SUBSET SKIPPED
 ++++++++++++++BUFR ARCHIVE LIBRARY+++++++++++++++++
 ++++++++++++++BUFR ARCHIVE LIBRARY+++++++++++++++++
 BUFRLIB: RCSTPL - MAXSS OVERFLOW; SUBSET SKIPPED
 ++++++++++++++BUFR ARCHIVE LIBRARY+++++++++++++++++
 ++++++++++++++BUFR ARCHIVE LIBRARY+++++++++++++++++
 BUFRLIB: RCSTPL - MAXSS OVERFLOW; SUBSET SKIPPED
 ++++++++++++++BUFR ARCHIVE LIBRARY+++++++++++++++++
 ++++++++++++++BUFR ARCHIVE LIBRARY+++++++++++++++++
 BUFRLIB: RCSTPL - MAXSS OVERFLOW; SUBSET SKIPPED
 ++++++++++++++BUFR ARCHIVE LIBRARY+++++++++++++++++
 ++++++++++++++BUFR ARCHIVE LIBRARY+++++++++++++++++
 BUFRLIB: RCSTPL - MAXSS OVERFLOW; SUBSET SKIPPED
 ++++++++++++++BUFR ARCHIVE LIBRARY+++++++++++++++++
 ++++++++++++++BUFR ARCHIVE LIBRARY+++++++++++++++++
 BUFRLIB: RCSTPL - MAXSS OVERFLOW; SUBSET SKIPPED
 ++++++++++++++BUFR ARCHIVE LIBRARY+++++++++++++++++
 ++++++++++++++BUFR ARCHIVE LIBRARY+++++++++++++++++
 BUFRLIB: RCSTPL - MAXSS OVERFLOW; SUBSET SKIPPED
 ++++++++++++++BUFR ARCHIVE LIBRARY+++++++++++++++++
 ++++++++++++++BUFR ARCHIVE LIBRARY+++++++++++++++++
 BUFRLIB: RCSTPL - MAXSS OVERFLOW; SUBSET SKIPPED
 ++++++++++++++BUFR ARCHIVE LIBRARY+++++++++++++++++
 ++++++++++++++BUFR ARCHIVE LIBRARY+++++++++++++++++
 BUFRLIB: RCSTPL - MAXSS OVERFLOW; SUBSET SKIPPED
 ++++++++++++++BUFR ARCHIVE LIBRARY+++++++++++++++++
 ++++++++++++++BUFR ARCHIVE LIBRARY+++++++++++++++++
 BUFRLIB: RCSTPL - MAXSS OVERFLOW; SUBSET SKIPPED
 ++++++++++++++BUFR ARCHIVE LIBRARY+++++++++++++++++
 ++++++++++++++BUFR ARCHIVE LIBRARY+++++++++++++++++
 BUFRLIB: RCSTPL - MAXSS OVERFLOW; SUBSET SKIPPED
 ++++++++++++++BUFR ARCHIVE LIBRARY+++++++++++++++++
 ++++++++++++++BUFR ARCHIVE LIBRARY+++++++++++++++++
 BUFRLIB: RCSTPL - MAXSS OVERFLOW; SUBSET SKIPPED
 ++++++++++++++BUFR ARCHIVE LIBRARY+++++++++++++++++
 ++++++++++++++BUFR ARCHIVE LIBRARY+++++++++++++++++
 BUFRLIB: RCSTPL - MAXSS OVERFLOW; SUBSET SKIPPED
 ++++++++++++++BUFR ARCHIVE LIBRARY+++++++++++++++++
 ++++++++++++++BUFR ARCHIVE LIBRARY+++++++++++++++++
 BUFRLIB: RCSTPL - MAXSS OVERFLOW; SUBSET SKIPPED
 ++++++++++++++BUFR ARCHIVE LIBRARY+++++++++++++++++
 ++++++++++++++BUFR ARCHIVE LIBRARY+++++++++++++++++
 BUFRLIB: RCSTPL - MAXSS OVERFLOW; SUBSET SKIPPED
 ++++++++++++++BUFR ARCHIVE LIBRARY+++++++++++++++++
 ++++++++++++++BUFR ARCHIVE LIBRARY+++++++++++++++++
 BUFRLIB: RCSTPL - MAXSS OVERFLOW; SUBSET SKIPPED
 ++++++++++++++BUFR ARCHIVE LIBRARY+++++++++++++++++
 ++++++++++++++BUFR ARCHIVE LIBRARY+++++++++++++++++
 BUFRLIB: RCSTPL - MAXSS OVERFLOW; SUBSET SKIPPED
 ++++++++++++++BUFR ARCHIVE LIBRARY+++++++++++++++++
 ++++++++++++++BUFR ARCHIVE LIBRARY+++++++++++++++++
 BUFRLIB: RCSTPL - MAXSS OVERFLOW; SUBSET SKIPPED
 ++++++++++++++BUFR ARCHIVE LIBRARY+++++++++++++++++
 ++++++++++++++BUFR ARCHIVE LIBRARY+++++++++++++++++
 BUFRLIB: RCSTPL - MAXSS OVERFLOW; SUBSET SKIPPED
 ++++++++++++++BUFR ARCHIVE LIBRARY+++++++++++++++++
 ++++++++++++++BUFR ARCHIVE LIBRARY+++++++++++++++++
 BUFRLIB: RCSTPL - MAXSS OVERFLOW; SUBSET SKIPPED
 ++++++++++++++BUFR ARCHIVE LIBRARY+++++++++++++++++
 ++++++++++++++BUFR ARCHIVE LIBRARY+++++++++++++++++
 BUFRLIB: RCSTPL - MAXSS OVERFLOW; SUBSET SKIPPED
 ++++++++++++++BUFR ARCHIVE LIBRARY+++++++++++++++++
 ++++++++++++++BUFR ARCHIVE LIBRARY+++++++++++++++++
 BUFRLIB: RCSTPL - MAXSS OVERFLOW; SUBSET SKIPPED
 ++++++++++++++BUFR ARCHIVE LIBRARY+++++++++++++++++
 ++++++++++++++BUFR ARCHIVE LIBRARY+++++++++++++++++
 BUFRLIB: RCSTPL - MAXSS OVERFLOW; SUBSET SKIPPED
 ++++++++++++++BUFR ARCHIVE LIBRARY+++++++++++++++++
 ++++++++++++++BUFR ARCHIVE LIBRARY+++++++++++++++++
 BUFRLIB: RCSTPL - MAXSS OVERFLOW; SUBSET SKIPPED
 ++++++++++++++BUFR ARCHIVE LIBRARY+++++++++++++++++
 ++++++++++++++BUFR ARCHIVE LIBRARY+++++++++++++++++
 BUFRLIB: RCSTPL - MAXSS OVERFLOW; SUBSET SKIPPED
 ++++++++++++++BUFR ARCHIVE LIBRARY+++++++++++++++++
 ++++++++++++++BUFR ARCHIVE LIBRARY+++++++++++++++++
 BUFRLIB: RCSTPL - MAXSS OVERFLOW; SUBSET SKIPPED
 ++++++++++++++BUFR ARCHIVE LIBRARY+++++++++++++++++
 ++++++++++++++BUFR ARCHIVE LIBRARY+++++++++++++++++
 BUFRLIB: RCSTPL - MAXSS OVERFLOW; SUBSET SKIPPED
 ++++++++++++++BUFR ARCHIVE LIBRARY+++++++++++++++++
 ++++++++++++++BUFR ARCHIVE LIBRARY+++++++++++++++++
 BUFRLIB: RCSTPL - MAXSS OVERFLOW; SUBSET SKIPPED
 ++++++++++++++BUFR ARCHIVE LIBRARY+++++++++++++++++
 ++++++++++++++BUFR ARCHIVE LIBRARY+++++++++++++++++
 BUFRLIB: RCSTPL - MAXSS OVERFLOW; SUBSET SKIPPED
 ++++++++++++++BUFR ARCHIVE LIBRARY+++++++++++++++++
 ++++++++++++++BUFR ARCHIVE LIBRARY+++++++++++++++++
 BUFRLIB: RCSTPL - MAXSS OVERFLOW; SUBSET SKIPPED
 ++++++++++++++BUFR ARCHIVE LIBRARY+++++++++++++++++
 ++++++++++++++BUFR ARCHIVE LIBRARY+++++++++++++++++
 BUFRLIB: RCSTPL - MAXSS OVERFLOW; SUBSET SKIPPED
 ++++++++++++++BUFR ARCHIVE LIBRARY+++++++++++++++++
 ++++++++++++++BUFR ARCHIVE LIBRARY+++++++++++++++++
 BUFRLIB: RCSTPL - MAXSS OVERFLOW; SUBSET SKIPPED
 ++++++++++++++BUFR ARCHIVE LIBRARY+++++++++++++++++
 ++++++++++++++BUFR ARCHIVE LIBRARY+++++++++++++++++
 BUFRLIB: RCSTPL - MAXSS OVERFLOW; SUBSET SKIPPED
 ++++++++++++++BUFR ARCHIVE LIBRARY+++++++++++++++++
 ++++++++++++++BUFR ARCHIVE LIBRARY+++++++++++++++++
 BUFRLIB: RCSTPL - MAXSS OVERFLOW; SUBSET SKIPPED
 ++++++++++++++BUFR ARCHIVE LIBRARY+++++++++++++++++
 ++++++++++++++BUFR ARCHIVE LIBRARY+++++++++++++++++
 BUFRLIB: RCSTPL - MAXSS OVERFLOW; SUBSET SKIPPED
 ++++++++++++++BUFR ARCHIVE LIBRARY+++++++++++++++++
 ++++++++++++++BUFR ARCHIVE LIBRARY+++++++++++++++++
 BUFRLIB: RCSTPL - MAXSS OVERFLOW; SUBSET SKIPPED
 ++++++++++++++BUFR ARCHIVE LIBRARY+++++++++++++++++
 ++++++++++++++BUFR ARCHIVE LIBRARY+++++++++++++++++
 BUFRLIB: RCSTPL - MAXSS OVERFLOW; SUBSET SKIPPED
 ++++++++++++++BUFR ARCHIVE LIBRARY+++++++++++++++++
 ++++++++++++++BUFR ARCHIVE LIBRARY+++++++++++++++++
 BUFRLIB: RCSTPL - MAXSS OVERFLOW; SUBSET SKIPPED
 ++++++++++++++BUFR ARCHIVE LIBRARY+++++++++++++++++
 ++++++++++++++BUFR ARCHIVE LIBRARY+++++++++++++++++
 BUFRLIB: RCSTPL - MAXSS OVERFLOW; SUBSET SKIPPED
 ++++++++++++++BUFR ARCHIVE LIBRARY+++++++++++++++++
 ++++++++++++++BUFR ARCHIVE LIBRARY+++++++++++++++++
 BUFRLIB: RCSTPL - MAXSS OVERFLOW; SUBSET SKIPPED
 ++++++++++++++BUFR ARCHIVE LIBRARY+++++++++++++++++
 ++++++++++++++BUFR ARCHIVE LIBRARY+++++++++++++++++
 BUFRLIB: RCSTPL - MAXSS OVERFLOW; SUBSET SKIPPED
 ++++++++++++++BUFR ARCHIVE LIBRARY+++++++++++++++++
 ++++++++++++++BUFR ARCHIVE LIBRARY+++++++++++++++++
 BUFRLIB: RCSTPL - MAXSS OVERFLOW; SUBSET SKIPPED
 ++++++++++++++BUFR ARCHIVE LIBRARY+++++++++++++++++
 ++++++++++++++BUFR ARCHIVE LIBRARY+++++++++++++++++
 BUFRLIB: RCSTPL - MAXSS OVERFLOW; SUBSET SKIPPED
 ++++++++++++++BUFR ARCHIVE LIBRARY+++++++++++++++++
 ++++++++++++++BUFR ARCHIVE LIBRARY+++++++++++++++++
 BUFRLIB: RCSTPL - MAXSS OVERFLOW; SUBSET SKIPPED
 ++++++++++++++BUFR ARCHIVE LIBRARY+++++++++++++++++
 ++++++++++++++BUFR ARCHIVE LIBRARY+++++++++++++++++
 BUFRLIB: RCSTPL - MAXSS OVERFLOW; SUBSET SKIPPED
 ++++++++++++++BUFR ARCHIVE LIBRARY+++++++++++++++++
 ++++++++++++++BUFR ARCHIVE LIBRARY+++++++++++++++++
 BUFRLIB: RCSTPL - MAXSS OVERFLOW; SUBSET SKIPPED
 ++++++++++++++BUFR ARCHIVE LIBRARY+++++++++++++++++
 ++++++++++++++BUFR ARCHIVE LIBRARY+++++++++++++++++
 BUFRLIB: RCSTPL - MAXSS OVERFLOW; SUBSET SKIPPED
 ++++++++++++++BUFR ARCHIVE LIBRARY+++++++++++++++++
 ++++++++++++++BUFR ARCHIVE LIBRARY+++++++++++++++++
 BUFRLIB: RCSTPL - MAXSS OVERFLOW; SUBSET SKIPPED
 ++++++++++++++BUFR ARCHIVE LIBRARY+++++++++++++++++
 ++++++++++++++BUFR ARCHIVE LIBRARY+++++++++++++++++
 BUFRLIB: RCSTPL - MAXSS OVERFLOW; SUBSET SKIPPED
 ++++++++++++++BUFR ARCHIVE LIBRARY+++++++++++++++++
 ++++++++++++++BUFR ARCHIVE LIBRARY+++++++++++++++++
 BUFRLIB: RCSTPL - MAXSS OVERFLOW; SUBSET SKIPPED
 ++++++++++++++BUFR ARCHIVE LIBRARY+++++++++++++++++
 ++++++++++++++BUFR ARCHIVE LIBRARY+++++++++++++++++
 BUFRLIB: RCSTPL - MAXSS OVERFLOW; SUBSET SKIPPED
 ++++++++++++++BUFR ARCHIVE LIBRARY+++++++++++++++++
 ++++++++++++++BUFR ARCHIVE LIBRARY+++++++++++++++++
 BUFRLIB: RCSTPL - MAXSS OVERFLOW; SUBSET SKIPPED
 ++++++++++++++BUFR ARCHIVE LIBRARY+++++++++++++++++
 ++++++++++++++BUFR ARCHIVE LIBRARY+++++++++++++++++
 BUFRLIB: RCSTPL - MAXSS OVERFLOW; SUBSET SKIPPED
 ++++++++++++++BUFR ARCHIVE LIBRARY+++++++++++++++++
 ++++++++++++++BUFR ARCHIVE LIBRARY+++++++++++++++++
 BUFRLIB: RCSTPL - MAXSS OVERFLOW; SUBSET SKIPPED
 ++++++++++++++BUFR ARCHIVE LIBRARY+++++++++++++++++
 ++++++++++++++BUFR ARCHIVE LIBRARY+++++++++++++++++
 BUFRLIB: RCSTPL - MAXSS OVERFLOW; SUBSET SKIPPED
 ++++++++++++++BUFR ARCHIVE LIBRARY+++++++++++++++++
 ++++++++++++++BUFR ARCHIVE LIBRARY+++++++++++++++++
 BUFRLIB: RCSTPL - MAXSS OVERFLOW; SUBSET SKIPPED
 ++++++++++++++BUFR ARCHIVE LIBRARY+++++++++++++++++
 ++++++++++++++BUFR ARCHIVE LIBRARY+++++++++++++++++
 BUFRLIB: RCSTPL - MAXSS OVERFLOW; SUBSET SKIPPED
 ++++++++++++++BUFR ARCHIVE LIBRARY+++++++++++++++++
 ++++++++++++++BUFR ARCHIVE LIBRARY+++++++++++++++++
 BUFRLIB: RCSTPL - MAXSS OVERFLOW; SUBSET SKIPPED
 ++++++++++++++BUFR ARCHIVE LIBRARY+++++++++++++++++
 ++++++++++++++BUFR ARCHIVE LIBRARY+++++++++++++++++
 BUFRLIB: RCSTPL - MAXSS OVERFLOW; SUBSET SKIPPED
 ++++++++++++++BUFR ARCHIVE LIBRARY+++++++++++++++++
 ++++++++++++++BUFR ARCHIVE LIBRARY+++++++++++++++++
 BUFRLIB: RCSTPL - MAXSS OVERFLOW; SUBSET SKIPPED
 ++++++++++++++BUFR ARCHIVE LIBRARY+++++++++++++++++
 ++++++++++++++BUFR ARCHIVE LIBRARY+++++++++++++++++
 BUFRLIB: RCSTPL - MAXSS OVERFLOW; SUBSET SKIPPED
 ++++++++++++++BUFR ARCHIVE LIBRARY+++++++++++++++++
 ++++++++++++++BUFR ARCHIVE LIBRARY+++++++++++++++++
 BUFRLIB: RCSTPL - MAXSS OVERFLOW; SUBSET SKIPPED
 ++++++++++++++BUFR ARCHIVE LIBRARY+++++++++++++++++
 ++++++++++++++BUFR ARCHIVE LIBRARY+++++++++++++++++
 BUFRLIB: RCSTPL - MAXSS OVERFLOW; SUBSET SKIPPED
 ++++++++++++++BUFR ARCHIVE LIBRARY+++++++++++++++++
 ++++++++++++++BUFR ARCHIVE LIBRARY+++++++++++++++++
 BUFRLIB: RCSTPL - MAXSS OVERFLOW; SUBSET SKIPPED
 ++++++++++++++BUFR ARCHIVE LIBRARY+++++++++++++++++
 ++++++++++++++BUFR ARCHIVE LIBRARY+++++++++++++++++
 BUFRLIB: RCSTPL - MAXSS OVERFLOW; SUBSET SKIPPED
 ++++++++++++++BUFR ARCHIVE LIBRARY+++++++++++++++++
 ++++++++++++++BUFR ARCHIVE LIBRARY+++++++++++++++++
 BUFRLIB: RCSTPL - MAXSS OVERFLOW; SUBSET SKIPPED
 ++++++++++++++BUFR ARCHIVE LIBRARY+++++++++++++++++
 ++++++++++++++BUFR ARCHIVE LIBRARY+++++++++++++++++
 BUFRLIB: RCSTPL - MAXSS OVERFLOW; SUBSET SKIPPED
 ++++++++++++++BUFR ARCHIVE LIBRARY+++++++++++++++++
 ++++++++++++++BUFR ARCHIVE LIBRARY+++++++++++++++++
 BUFRLIB: RCSTPL - MAXSS OVERFLOW; SUBSET SKIPPED
 ++++++++++++++BUFR ARCHIVE LIBRARY+++++++++++++++++
 ++++++++++++++BUFR ARCHIVE LIBRARY+++++++++++++++++
 BUFRLIB: RCSTPL - MAXSS OVERFLOW; SUBSET SKIPPED
 ++++++++++++++BUFR ARCHIVE LIBRARY+++++++++++++++++
 ++++++++++++++BUFR ARCHIVE LIBRARY+++++++++++++++++
 BUFRLIB: RCSTPL - MAXSS OVERFLOW; SUBSET SKIPPED
 ++++++++++++++BUFR ARCHIVE LIBRARY+++++++++++++++++
 ++++++++++++++BUFR ARCHIVE LIBRARY+++++++++++++++++
 BUFRLIB: RCSTPL - MAXSS OVERFLOW; SUBSET SKIPPED
 ++++++++++++++BUFR ARCHIVE LIBRARY+++++++++++++++++
 ++++++++++++++BUFR ARCHIVE LIBRARY+++++++++++++++++
 BUFRLIB: RCSTPL - MAXSS OVERFLOW; SUBSET SKIPPED
 ++++++++++++++BUFR ARCHIVE LIBRARY+++++++++++++++++
 ++++++++++++++BUFR ARCHIVE LIBRARY+++++++++++++++++
 BUFRLIB: RCSTPL - MAXSS OVERFLOW; SUBSET SKIPPED
 ++++++++++++++BUFR ARCHIVE LIBRARY+++++++++++++++++
 ++++++++++++++BUFR ARCHIVE LIBRARY+++++++++++++++++
 BUFRLIB: RCSTPL - MAXSS OVERFLOW; SUBSET SKIPPED
 ++++++++++++++BUFR ARCHIVE LIBRARY+++++++++++++++++
 ++++++++++++++BUFR ARCHIVE LIBRARY+++++++++++++++++
 BUFRLIB: RCSTPL - MAXSS OVERFLOW; SUBSET SKIPPED
 ++++++++++++++BUFR ARCHIVE LIBRARY+++++++++++++++++
 ++++++++++++++BUFR ARCHIVE LIBRARY+++++++++++++++++
 BUFRLIB: RCSTPL - MAXSS OVERFLOW; SUBSET SKIPPED
 ++++++++++++++BUFR ARCHIVE LIBRARY+++++++++++++++++
 ++++++++++++++BUFR ARCHIVE LIBRARY+++++++++++++++++
 BUFRLIB: RCSTPL - MAXSS OVERFLOW; SUBSET SKIPPED
 ++++++++++++++BUFR ARCHIVE LIBRARY+++++++++++++++++
 ++++++++++++++BUFR ARCHIVE LIBRARY+++++++++++++++++
 BUFRLIB: RCSTPL - MAXSS OVERFLOW; SUBSET SKIPPED
 ++++++++++++++BUFR ARCHIVE LIBRARY+++++++++++++++++
Traceback (most recent call last):
  File "/work/noaa/da/svarga/anomDetec/AnomDetecBufr/PresHis.py", line 71, in <module>
    plt.savefig('/work/noaa/da/svarga/anomDetec/AnomDetecBufr/pics/{}short.png'.format(str(filepath).rstrip('.bufr')))
  File "/apps/python-3.9.2/lib/python3.9/site-packages/matplotlib/pyplot.py", line 859, in savefig
Traceback (most recent call last):
  File "/work/noaa/da/svarga/anomDetec/AnomDetecBufr/PresHis.py", line 71, in <module>
    plt.savefig('/work/noaa/da/svarga/anomDetec/AnomDetecBufr/pics/{}short.png'.format(str(filepath).rstrip('.bufr')))
  File "/apps/python-3.9.2/lib/python3.9/site-packages/matplotlib/pyplot.py", line 859, in savefig
    res = fig.savefig(*args, **kwargs)
  File "/apps/python-3.9.2/lib/python3.9/site-packages/matplotlib/figure.py", line 2311, in savefig
    res = fig.savefig(*args, **kwargs)
  File "/apps/python-3.9.2/lib/python3.9/site-packages/matplotlib/figure.py", line 2311, in savefig
    self.canvas.print_figure(fname, **kwargs)
  File "/apps/python-3.9.2/lib/python3.9/site-packages/matplotlib/backend_bases.py", line 2210, in print_figure
    self.canvas.print_figure(fname, **kwargs)
  File "/apps/python-3.9.2/lib/python3.9/site-packages/matplotlib/backend_bases.py", line 2210, in print_figure
    result = print_method(
  File "/apps/python-3.9.2/lib/python3.9/site-packages/matplotlib/backend_bases.py", line 1639, in wrapper
    result = print_method(
  File "/apps/python-3.9.2/lib/python3.9/site-packages/matplotlib/backend_bases.py", line 1639, in wrapper
    return func(*args, **kwargs)
  File "/apps/python-3.9.2/lib/python3.9/site-packages/matplotlib/backends/backend_agg.py", line 510, in print_png
    return func(*args, **kwargs)
  File "/apps/python-3.9.2/lib/python3.9/site-packages/matplotlib/backends/backend_agg.py", line 510, in print_png
    mpl.image.imsave(
  File "/apps/python-3.9.2/lib/python3.9/site-packages/matplotlib/image.py", line 1611, in imsave
    mpl.image.imsave(
  File "/apps/python-3.9.2/lib/python3.9/site-packages/matplotlib/image.py", line 1611, in imsave
    image.save(fname, **pil_kwargs)
  File "/apps/python-3.9.2/lib/python3.9/site-packages/PIL/Image.py", line 2161, in save
    image.save(fname, **pil_kwargs)
  File "/apps/python-3.9.2/lib/python3.9/site-packages/PIL/Image.py", line 2161, in save
    fp = builtins.open(filename, "w+b")
FileNotFoundError: [Errno 2] No such file or directory: '/work/noaa/da/svarga/anomDetec/AnomDetecBufr/pics//work/noaa/stmp/Cory.R.Martin/svarga/hd_sondes/gdas.20210607/gdas.t00z.uprair.tm00.bufr_dshort.png'
    fp = builtins.open(filename, "w+b")
FileNotFoundError: [Errno 2] No such file or directory: '/work/noaa/da/svarga/anomDetec/AnomDetecBufr/pics//work/noaa/stmp/Cory.R.Martin/svarga/hd_sondes/gdas.20210607/gdas.t00z.uprair.tm00.bufr_dshort.png'
srun: error: Orion-01-24: tasks 0-1: Exited with exit code 1
srun: Terminating job step 2461528.0
