/apps/python-3.9.2/lib/python3.9/site-packages/scipy/interpolate/interpolate.py:623: RuntimeWarning: divide by zero encountered in true_divide
  slope = (y_hi - y_lo) / (x_hi - x_lo)[:, None]
/apps/python-3.9.2/lib/python3.9/site-packages/scipy/interpolate/interpolate.py:626: RuntimeWarning: invalid value encountered in multiply
  y_new = slope*(x_new - x_lo)[:, None] + y_lo
(11,)
(11,)
(10,)
(10,)
Stats for normIMO: -12.100137710571289, 5.622611999511719, 0.6017272472381592, 2.4826292991638184
Stats for shortIMO: -5.010734558105469. 2.0053529739379883, -0.47436490654945374, 1.2427518367767334
For Sampled Data: m=1.020802994277411, b=0.06631039945077077, r=0.9969456354174439,r^2=0.9939005999778909, Se=0.0014005712827706656
For Stride Data: m=0.978472604296506, b=-0.21693406493432832, r=0.999349178988493,r^2=0.9986987815449749, Se=0.0006185826256487351
(51,)
(51,)
(50,)
(50,)
Stats for normIMO: -2.3297576904296875, 2.5911922454833984, 0.019177626818418503, 0.4841633439064026
Stats for shortIMO: -3.2897491455078125. 2.0926132202148438, -0.002692537847906351, 0.4240811765193939
For Sampled Data: m=0.9995979649336818, b=-0.03208684925112948, r=0.9998701651908246,r^2=0.9997403472387268, Se=0.00028214309506604065
For Stride Data: m=1.0020525213420373, b=0.06860484459723182, r=0.9999029077330147,r^2=0.9998058248929377, Se=0.0002445798252860981
(102,)
(102,)
(100,)
(100,)
Stats for normIMO: -0.9991912841796875, 3.140392303466797, 0.0256342813372612, 0.30320894718170166
Stats for shortIMO: -2.8879966735839844. 0.7190628051757812, -0.011375567875802517, 0.23661813139915466
For Sampled Data: m=0.9999697482526713, b=-0.02660622599202611, r=0.9999490802398107,r^2=0.9998981630724433, Se=0.00017674731308727482
For Stride Data: m=0.9998044631495345, b=0.0050924281283002415, r=0.9999689979100683,r^2=0.9999379967812663, Se=0.00013788812083784488
(156,)
(156,)
(150,)
(150,)
Stats for normIMO: -1.505645751953125, 3.716958999633789, 0.033247485756874084, 0.32270118594169617
Stats for shortIMO: -2.7279129028320312. 0.791473388671875, -0.012347045354545116, 0.19006720185279846
For Sampled Data: m=1.0003372386476201, b=-0.022419312688143123, r=0.9999424221484225,r^2=0.9998848476120541, Se=0.00018801786501320854
For Stride Data: m=1.000015031833154, b=0.012827070655667683, r=0.9999799922223274,r^2=0.9999599848449658, Se=0.00011079461927190216
(204,)
(204,)
(200,)
(200,)
Stats for normIMO: -0.9212207794189453, 3.8170604705810547, -0.007046754006296396, 0.1651916652917862
Stats for shortIMO: -2.5485916137695312. 0.8949947357177734, -0.0010251993080601096, 0.1575177013874054
For Sampled Data: m=1.0002298381698105, b=0.014426432669928602, r=0.9999849193409898,r^2=0.9999698389094058, Se=9.621019081804992e-05
For Stride Data: m=1.0002601469296368, b=0.009376316870493895, r=0.9999862985587037,r^2=0.9999725973051369, Se=9.17079010092447e-05
(11,)
(11,)
(10,)
(10,)
Stats for normIMO: -9.708492279052734, 2.6409873962402344, -0.7273011803627014, 2.426178216934204
Stats for shortIMO: -3.463489532470703. 2.7747650146484375, -0.07900206744670868, 1.14175283908844
For Sampled Data: m=0.977864545469682, b=-0.0639772092263371, r=0.9938228023994975,r^2=0.9876837625691907, Se=0.001916908657573648
For Stride Data: m=0.9937206595117436, b=-0.1454662444233108, r=0.9986307578777371,r^2=0.9972633905794637, Se=0.0009138153290205697
(51,)
(51,)
(50,)
(50,)
Stats for normIMO: -2.247791290283203, 2.45892333984375, 0.056120265275239944, 0.5363203287124634
Stats for shortIMO: -1.03125. 1.6000022888183594, 0.007254586089402437, 0.2987063229084015
For Sampled Data: m=0.9947940078097067, b=-0.24222510622398374, r=0.9997073338546576,r^2=0.9994147533627878, Se=0.00042259309386608144
For Stride Data: m=1.0020170154004715, b=0.0648470295004131, r=0.9999083320465304,r^2=0.9998166724960745, Se=0.00023818881909356244
(102,)
(102,)
(100,)
(100,)
Stats for normIMO: -1.596923828125, 1.6194868087768555, 0.007505389396101236, 0.3409986197948456
Stats for shortIMO: -0.755218505859375. 0.5994720458984375, 0.006585965398699045, 0.1704375296831131
For Sampled Data: m=0.9978907802137198, b=-0.08290595337430062, r=0.9998791238470937,r^2=0.9997582623052317, Se=0.00027239576216137837
For Stride Data: m=1.0008324478969932, b=0.023169670715994073, r=0.9999697671683241,r^2=0.9999395352506723, Se=0.00013662125960751733
(155,)
(155,)
(150,)
(150,)
Stats for normIMO: -1.1970901489257812, 3.769977569580078, 0.061911698430776596, 0.387011855840683
Stats for shortIMO: -0.5070610046386719. 0.532501220703125, -0.0019463009666651487, 0.1148722767829895
For Sampled Data: m=1.0013969987944285, b=-0.011973789261993772, r=0.9998435146391144,r^2=0.999687053765897, Se=0.0003110296315065545
For Stride Data: m=1.0001100482202792, b=0.005883222265836707, r=0.9999860950918477,r^2=0.9999721903770418, Se=9.258572450658222e-05
(203,)
(203,)
(200,)
(200,)
Stats for normIMO: -0.5703544616699219, 0.6796741485595703, 0.02000122331082821, 0.14707213640213013
Stats for shortIMO: -0.4909038543701172. 0.4799995422363281, -0.002134778071194887, 0.08988530933856964
For Sampled Data: m=1.0003465017337136, b=-0.007614002880224291, r=0.9999772683004025,r^2=0.9999545371175351, Se=0.00011840811389296146
For Stride Data: m=1.0004923642389076, b=0.01973304179458779, r=0.9999916101858611,r^2=0.9999832204421113, Se=7.194495220716761e-05
(11,)
(11,)
(10,)
(10,)
Stats for normIMO: -4.3030853271484375, 10.662055969238281, 1.004798412322998, 2.6468734741210938
Stats for shortIMO: -4.947357177734375. 1.3995513916015625, -0.07314356416463852, 1.0842361450195312
For Sampled Data: m=1.0120554622603313, b=-0.652449717420744, r=0.9973987524139617,r^2=0.9948042713169273, Se=0.0012703311815281603
For Stride Data: m=0.9931370560241629, b=-0.12744072832509445, r=0.9995567681136235,r^2=0.9991137326817521, Se=0.0005137387485209573
(51,)
(51,)
(50,)
(50,)
Stats for normIMO: -3.2631759643554688, 1.5213775634765625, 0.04404513165354729, 0.6270476579666138
Stats for shortIMO: -1.6032867431640625. 1.1797561645507812, 0.004735863301903009, 0.29543381929397583
For Sampled Data: m=0.9965865645349106, b=-0.1438082481017382, r=0.9998506485498168,r^2=0.9997013194054892, Se=0.00029918625146608646
For Stride Data: m=1.0005885275070714, b=0.012467058020401822, r=0.9999659868659089,r^2=0.999931974888711, Se=0.00014333859893666374
(101,)
(101,)
(100,)
(100,)
Stats for normIMO: -1.445211410522461, 1.6544876098632812, -0.009256781078875065, 0.28203698992729187
Stats for shortIMO: -1.1583518981933594. 1.1223831176757812, 0.002946391236037016, 0.1801915317773819
For Sampled Data: m=1.0020299640682502, b=0.06858873330715554, r=0.9999709853084584,r^2=0.9999419714587692, Se=0.0001325782767754523
For Stride Data: m=1.0004089177017295, b=0.009006633036772627, r=0.9999873611743477,r^2=0.9999747225084353, Se=8.735912272094761e-05
(151,)
(151,)
(150,)
(150,)
Stats for normIMO: -1.220001220703125, 1.5047378540039062, 0.017680594697594643, 0.2317812144756317
Stats for shortIMO: -1.0687084197998047. 0.9521408081054688, -0.009865271858870983, 0.13533681631088257
For Sampled Data: m=0.9996935980854547, b=-0.026634529377794536, r=0.9999789669301619,r^2=0.9999579343027137, Se=0.00011261554043812793
For Stride Data: m=1.0003734835526155, b=0.02078455500074483, r=0.9999928923218601,r^2=0.9999857846942392, Se=6.550909424919723e-05
(208,)
(208,)
(200,)
(200,)
Stats for normIMO: nan, nan, nan, nan
Stats for shortIMO: -1.0246620178222656. 0.930908203125, -0.00031354205566458404, 0.11122913658618927
For Sampled Data: m=nan, b=nan, r=nan,r^2=nan, Se=nan
For Stride Data: m=1.0002339044392552, b=0.00715111859976858, r=0.9999951778838847,r^2=0.9999903557910222, Se=5.3950466660087306e-05
Traceback (most recent call last):
  File "/work/noaa/da/svarga/anomDetec/AnomDetecBufr/terp.py", line 209, in <module>
    ax[1].hist(normIMO)
  File "/apps/python-3.9.2/lib/python3.9/site-packages/matplotlib/__init__.py", line 1447, in inner
    return func(ax, *map(sanitize_sequence, args), **kwargs)
  File "/apps/python-3.9.2/lib/python3.9/site-packages/matplotlib/axes/_axes.py", line 6651, in hist
    m, bins = np.histogram(x[i], bins, weights=w[i], **hist_kwargs)
  File "<__array_function__ internals>", line 5, in histogram
  File "/apps/python-3.9.2/lib/python3.9/site-packages/numpy/lib/histograms.py", line 792, in histogram
    bin_edges, uniform_bins = _get_bin_edges(a, bins, range, weights)
  File "/apps/python-3.9.2/lib/python3.9/site-packages/numpy/lib/histograms.py", line 426, in _get_bin_edges
    first_edge, last_edge = _get_outer_edges(a, range)
  File "/apps/python-3.9.2/lib/python3.9/site-packages/numpy/lib/histograms.py", line 315, in _get_outer_edges
    raise ValueError(
ValueError: supplied range of [-0.49288129806518555, inf] is not finite
srun: error: Orion-03-01: task 1: Exited with exit code 1
srun: Terminating job step 2646533.0
slurmstepd: error: *** STEP 2646533.0 ON Orion-03-01 CANCELLED AT 2021-07-26T14:05:24 ***
srun: error: Orion-03-01: task 0: Terminated
srun: Force Terminated job step 2646533.0
