/apps/python-3.9.2/lib/python3.9/site-packages/scipy/interpolate/interpolate.py:623: RuntimeWarning: invalid value encountered in true_divide
  slope = (y_hi - y_lo) / (x_hi - x_lo)[:, None]
(11,)
(11,)
(10,)
(10,)
Stats for normIMO: -0.04689788818359375, 0.11167272925376892, 0.0006910033989697695, 0.01854337751865387
Stats for shortIMO: -0.07936447858810425. 0.017656683921813965, -0.006065339781343937, 0.01848459243774414
For Sampled Data: m=0.975990614871904, b=0.016857143064529234, r=0.9971836710143471,r^2=0.9943752737376497, Se=0.0012856192865409578
For Stride Data: m=0.9488627302841138, b=0.043440790831129505, r=0.9981658345867536,r^2=0.9963350333362703, Se=0.0010079219479474516
(51,)
(51,)
(50,)
(50,)
Stats for normIMO: -0.04580426216125488, 0.16836413741111755, 0.0025290115736424923, 0.01996552385389805
Stats for shortIMO: -0.018929898738861084. 0.033609598875045776, 0.0005691972910426557, 0.0046070646494627
For Sampled Data: m=1.006884632746557, b=-0.00756083473170388, r=0.9966302992903634,r^2=0.9932719534635993, Se=0.0014513806195842382
For Stride Data: m=1.0014021402158328, b=-0.0015939668750086788, r=0.9998174577115524,r^2=0.9996349487447919, Se=0.0003351628869529507
(102,)
(102,)
(100,)
(100,)
Stats for normIMO: -0.023682832717895508, 0.030382096767425537, 7.51623374526389e-05, 0.004653019830584526
Stats for shortIMO: -0.0160062313079834. 0.01556462049484253, -8.409648580709472e-05, 0.002506124321371317
For Sampled Data: m=0.9961504249963787, b=0.002738491672787391, r=0.9998182839067434,r^2=0.9996366008342255, Se=0.0003326496057117453
For Stride Data: m=0.9987122836213089, b=0.0010253929110896065, r=0.9999462220184399,r^2=0.999892446928951, Se=0.00018141214374184364
(156,)
(156,)
(150,)
(150,)
Stats for normIMO: -0.01746213436126709, 0.01142778992652893, 0.00026634152163751423, 0.0017459545051679015
Stats for shortIMO: -0.017687469720840454. 0.014670073986053467, -6.557701271958649e-05, 0.0019365329062566161
For Sampled Data: m=1.0001411918135807, b=-0.0003694488131328333, r=0.9999735796661579,r^2=0.9999471600303498, Se=0.00012733425994575708
For Stride Data: m=0.9990989035893894, b=0.0007242218380202337, r=0.9999678239388832,r^2=0.9999356489130653, Se=0.00014037559169881525
(204,)
(204,)
(200,)
(200,)
Stats for normIMO: -0.01993122696876526, 0.006512075662612915, -0.000398591801058501, 0.002796198707073927
Stats for shortIMO: -0.010384798049926758. 0.013688921928405762, 6.678522186120972e-05, 0.0014349003322422504
For Sampled Data: m=0.997581085672465, b=0.0021665821137981656, r=0.9999348040085906,r^2=0.9998696122676984, Se=0.00019951983981984317
For Stride Data: m=0.9999782609007145, b=-5.086843808077557e-05, r=0.9999821424821542,r^2=0.9999642852831994, Se=0.00010466780570569931
(11,)
(11,)
(10,)
(10,)
Stats for normIMO: -0.11359161138534546, 0.027866780757904053, -0.00777320796623826, 0.027353622019290924
Stats for shortIMO: -0.0486217737197876. 0.0386042594909668, 0.000803573289886117, 0.01479167677462101
For Sampled Data: m=0.9404870089347773, b=0.05242665569913996, r=0.9879860635800136,r^2=0.9761164618283307, Se=0.002582521609822754
For Stride Data: m=0.9637358396551922, b=0.026405992937977074, r=0.9967593154911273,r^2=0.9935291330183407, Se=0.0013653424476064598
(51,)
(51,)
(50,)
(50,)
Stats for normIMO: -0.022137463092803955, 0.01455223560333252, -0.0004528872959781438, 0.004847454372793436
Stats for shortIMO: -0.014567017555236816. 0.022750139236450195, 0.0004385306383483112, 0.0037764348089694977
For Sampled Data: m=0.9917509519458949, b=0.006642209914350938, r=0.9996327366192095,r^2=0.9992656081208099, Se=0.0004719747206832931
For Stride Data: m=0.9996827134837598, b=-0.000200505800066475, r=0.9997599740677796,r^2=0.9995200057480074, Se=0.0003845715074054946
(102,)
(102,)
(100,)
(100,)
Stats for normIMO: -0.013912618160247803, 0.015865623950958252, 0.0007665907614864409, 0.003441013628616929
Stats for shortIMO: -0.010673165321350098. 0.008391201496124268, 0.00020127272000536323, 0.002116590039804578
For Sampled Data: m=1.0000347168960555, b=-0.0007926835865783577, r=0.9998008054028567,r^2=0.9996016504842008, Se=0.0003504502636625536
For Stride Data: m=1.0001730834264286, b=-0.00033121176867600965, r=0.9999246551093053,r^2=0.9998493158954631, Se=0.0002155431651623331
(155,)
(155,)
(150,)
(150,)
Stats for normIMO: -0.01002347469329834, 0.010935366153717041, -2.8909867978654802e-05, 0.002321477048099041
Stats for shortIMO: -0.006781399250030518. 0.007222414016723633, 1.0971752089972142e-05, 0.001434384728781879
For Sampled Data: m=0.9994252822351677, b=0.0004601282351034408, r=0.9999093759344206,r^2=0.9998187600815626, Se=0.00023621597728087348
For Stride Data: m=0.9997431501083389, b=0.00018169174545745737, r=0.9999653914035537,r^2=0.9999307840048622, Se=0.00014601563141838065
(203,)
(203,)
(200,)
(200,)
Stats for normIMO: -0.007804811000823975, 0.012946546077728271, -0.00018691398145165294, 0.002049734815955162
Stats for shortIMO: -0.004667758941650391. 0.0068732500076293945, 5.2450617658905685e-05, 0.001108958967961371
For Sampled Data: m=0.9993744031543016, b=0.0006562559364422516, r=0.9999294080138851,r^2=0.9998588210109987, Se=0.00020846663859920003
For Stride Data: m=0.9999320463357803, b=-1.4653602101732943e-06, r=0.9999793036342689,r^2=0.9999586076968774, Se=0.00011293587495224393
(11,)
(11,)
(10,)
(10,)
Stats for normIMO: -0.031952857971191406, 0.31456655263900757, 0.03215775266289711, 0.07311856746673584
Stats for shortIMO: -0.08418770134449005. 0.02381978929042816, 0.0008612651145085692, 0.01711721532046795
For Sampled Data: m=1.1331945713856495, b=-0.1271126389308863, r=0.9855273829064071,r^2=0.9712642224583519, Se=0.0033853649990298468
For Stride Data: m=0.9754459553576842, b=0.016643433915492056, r=0.9987142581211925,r^2=0.997430169374564, Se=0.0008599485053805554
(51,)
(51,)
(50,)
(50,)
Stats for normIMO: -0.08022026717662811, 0.02631784975528717, -0.0013962546363472939, 0.010918143205344677
Stats for shortIMO: -0.027651771903038025. 0.020174026489257812, 0.000352539645973593, 0.003624143311753869
For Sampled Data: m=0.9898333060279523, b=0.008644109303967418, r=0.9994190920607875,r^2=0.9988385215756088, Se=0.0005862437535751672
For Stride Data: m=1.0003091939622124, b=-0.00057292729006031, r=0.9999316369542665,r^2=0.9998632785820389, Se=0.00020316105609117003
(101,)
(101,)
(100,)
(100,)
Stats for normIMO: -0.04506124556064606, 0.024133577942848206, -0.0005043604760430753, 0.0053686960600316525
Stats for shortIMO: -0.01766417920589447. 0.01918470859527588, 0.00018294237088412046, 0.002199267502874136
For Sampled Data: m=0.995612165893541, b=0.003632476271192009, r=0.9998581818603284,r^2=0.9997163838330415, Se=0.0002912564255417712
For Stride Data: m=1.0003319209591695, b=-0.0004196138332759336, r=0.9999748621240725,r^2=0.9999497248800578, Se=0.0001231940793152334
(151,)
(151,)
(150,)
(150,)
Stats for normIMO: -0.02054096758365631, 0.010567918419837952, -7.558958895970136e-05, 0.0021023608278483152
Stats for shortIMO: -0.012499645352363586. 0.01627454161643982, 6.985499931033701e-05, 0.0018140138126909733
For Sampled Data: m=0.99865724466689, b=0.0010328335055913573, r=0.9999778048342752,r^2=0.9999556101611758, Se=0.00011556494420363377
For Stride Data: m=0.9999327006917901, b=-2.1878739355774002e-05, r=0.999982848654293,r^2=0.9999656976027547, Se=0.00010171820548890289
(208,)
(208,)
(200,)
(200,)
Stats for normIMO: -0.017262667417526245, 0.012354955077171326, 0.00025777300470508635, 0.0021822487469762564
Stats for shortIMO: -0.009274229407310486. 0.015908345580101013, 7.671317871427163e-05, 0.0014824720565229654
For Sampled Data: m=0.9994764708324667, b=0.00011549522926057598, r=0.9999752901598342,r^2=0.9999505809302447, Se=0.00012203624126033445
For Stride Data: m=1.0002359221806276, b=-0.000244900897905298, r=0.9999885782841583,r^2=0.9999771566987723, Se=8.303191895040463e-05
(11,)
(11,)
(10,)
(10,)
Stats for normIMO: -0.20142138004302979, 0.15140938758850098, 0.005036418791860342, 0.059039000421762466
Stats for shortIMO: -0.04901733994483948. 0.05051779747009277, 0.005583382677286863, 0.01804928295314312
For Sampled Data: m=0.8736582054622956, b=0.08455638001237864, r=0.9227293748606104,r^2=0.8514294992306528, Se=0.006431400742555173
For Stride Data: m=0.9885338812469333, b=0.002547572056873726, r=0.993008569314217,r^2=0.986066018731468, Se=0.002070848072186428
(51,)
(51,)
(50,)
(50,)
(11,)
(11,)
(10,)
(10,)
Stats for normIMO: -0.12069082260131836, 0.08196550607681274, -0.008082895539700985, 0.04864699766039848
Stats for shortIMO: -0.07936447858810425. 0.017656683921813965, -0.006065339781343937, 0.01848459243774414
For Sampled Data: m=0.8592408461883949, b=0.11096156700771875, r=0.9859203465719265,r^2=0.9720389297845077, Se=0.002552355592282827
For Stride Data: m=0.9488627302841138, b=0.043440790831129505, r=0.9981658345867536,r^2=0.9963350333362703, Se=0.0010079219479474516
(51,)
(51,)
(50,)
(50,)
Stats for normIMO: -0.031135380268096924, 0.030763089656829834, 5.0893631851067767e-05, 0.007579476572573185
Stats for shortIMO: -0.018929898738861084. 0.033609598875045776, 0.0005691972910426557, 0.0046070646494627
For Sampled Data: m=0.9933270681942493, b=0.004826238020321116, r=0.9995179378625528,r^2=0.99903610810901, Se=0.0005403896729183122
For Stride Data: m=1.0014021402158328, b=-0.0015939668750086788, r=0.9998174577115524,r^2=0.9996349487447919, Se=0.0003351628869529507
(102,)
(102,)
(100,)
(100,)
Stats for normIMO: -0.03138530254364014, 0.03684872388839722, 0.0008623476605862379, 0.005872075911611319
Stats for shortIMO: -0.0160062313079834. 0.01556462049484253, -8.409648580709472e-05, 0.002506124321371317
For Sampled Data: m=1.0024716303032684, b=-0.0026687163143156445, r=0.9997055815955644,r^2=0.9994112498733257, Se=0.00042614429716274156
For Stride Data: m=0.9987122836213089, b=0.0010253929110896065, r=0.9999462220184399,r^2=0.999892446928951, Se=0.00018141214374184364
(156,)
(156,)
(150,)
(150,)
Stats for normIMO: -0.020573914051055908, 0.03550651669502258, 8.806172991171479e-05, 0.004387871827930212
Stats for shortIMO: -0.017687469720840454. 0.014670073986053467, -6.557701271958649e-05, 0.0019365329062566161
For Sampled Data: m=1.0016881631078676, b=-0.0013218281887543704, r=0.9998350358462315,r^2=0.999670098905635, Se=0.00031870381984906655
For Stride Data: m=0.9990989035893894, b=0.0007242218380202337, r=0.9999678239388832,r^2=0.9999356489130653, Se=0.00014037559169881525
(204,)
(204,)
(200,)
(200,)
Stats for normIMO: nan, nan, nan, nan
Stats for shortIMO: -0.010384798049926758. 0.013688921928405762, 6.678522186120972e-05, 0.0014349003322422504
For Sampled Data: m=nan, b=nan, r=nan,r^2=nan, Se=nan
For Stride Data: m=0.9999782609007145, b=-5.086843808077557e-05, r=0.9999821424821542,r^2=0.9999642852831994, Se=0.00010466780570569931
(11,)
(11,)
(10,)
(10,)
Stats for normIMO: -0.08010411262512207, 0.03495168685913086, -0.0022743381559848785, 0.021036261692643166
Stats for shortIMO: -0.0486217737197876. 0.0386042594909668, 0.000803573289886117, 0.01479167677462101
For Sampled Data: m=0.9798536480484016, b=0.017390406717800566, r=0.992538941284701,r^2=0.9851335499665551, Se=0.0021130508393632963
For Stride Data: m=0.9637358396551922, b=0.026405992937977074, r=0.9967593154911273,r^2=0.9935291330183407, Se=0.0013653424476064598
(51,)
(51,)
(50,)
(50,)
Stats for normIMO: -0.025399744510650635, 0.02497994899749756, -0.0002928076428361237, 0.005230078008025885
Stats for shortIMO: -0.014567017555236816. 0.022750139236450195, 0.0004385306383483112, 0.0037764348089694977
For Sampled Data: m=0.9948801851016614, b=0.004134257477551029, r=0.9995484534518982,r^2=0.9990971107980816, Se=0.0005250211617297934
For Stride Data: m=0.9996827134837598, b=-0.000200505800066475, r=0.9997599740677796,r^2=0.9995200057480074, Se=0.0003845715074054946
(102,)
(102,)
(100,)
(100,)
Stats for normIMO: -0.017043709754943848, 0.015530049800872803, -0.00041838610195554793, 0.0036219307221472263
Stats for shortIMO: -0.010673165321350098. 0.008391201496124268, 0.00020127272000536323, 0.002116590039804578
For Sampled Data: m=0.997808636418355, b=0.002062580341632203, r=0.9997807397494795,r^2=0.9995615275740164, Se=0.0003668650041174692
For Stride Data: m=1.0001730834264286, b=-0.00033121176867600965, r=0.9999246551093053,r^2=0.9998493158954631, Se=0.0002155431651623331
(155,)
(155,)
(150,)
(150,)
Stats for normIMO: -0.02067464590072632, 0.020641326904296875, 0.00036649516550824046, 0.0033847056329250336
Stats for shortIMO: -0.006781399250030518. 0.007222414016723633, 1.0971752089972142e-05, 0.001434384728781879
For Sampled Data: m=1.0005493444496705, b=-0.0007786909366552797, r=0.9998076175626116,r^2=0.9996152721362255, Se=0.00034458116929167665
For Stride Data: m=0.9997431501083389, b=0.00018169174545745737, r=0.9999653914035537,r^2=0.9999307840048622, Se=0.00014601563141838065
(203,)
(203,)
(200,)
(200,)
Stats for normIMO: -0.010569572448730469, 0.008512139320373535, -0.0001724107569316402, 0.002031525131314993
Stats for shortIMO: -0.004667758941650391. 0.0068732500076293945, 5.2450617658905685e-05, 0.001108958967961371
For Sampled Data: m=0.9988008884223141, b=0.0010720893352568206, r=0.9999311048067201,r^2=0.9998622143599879, Se=0.00020582753368580871
For Stride Data: m=0.9999320463357803, b=-1.4653602101732943e-06, r=0.9999793036342689,r^2=0.9999586076968774, Se=0.00011293587495224393
(11,)
(11,)
(10,)
(10,)
Stats for normIMO: -0.07145093381404877, 0.035695284605026245, 0.011765697039663792, 0.01941874995827675
Stats for shortIMO: -0.08418770134449005. 0.02381978929042816, 0.0008612651145085692, 0.01711721532046795
For Sampled Data: m=0.964082486338413, b=0.01383999844460937, r=0.9985823485727685,r^2=0.9971667068811062, Se=0.0008925535785276897
For Stride Data: m=0.9754459553576842, b=0.016643433915492056, r=0.9987142581211925,r^2=0.997430169374564, Se=0.0008599485053805554
(51,)
(51,)
(50,)
(50,)
Stats for normIMO: -0.028841793537139893, 0.02830234169960022, 0.00013414696149993688, 0.005712069571018219
Stats for shortIMO: -0.027651771903038025. 0.020174026489257812, 0.000352539645973593, 0.003624143311753869
For Sampled Data: m=0.9995226694558443, b=0.0002061801077491987, r=0.9998299302966642,r^2=0.9996598895170324, Se=0.00032020990206232616
For Stride Data: m=1.0003091939622124, b=-0.00057292729006031, r=0.9999316369542665,r^2=0.9998632785820389, Se=0.00020316105609117003
(101,)
(101,)
(100,)
(100,)
Stats for normIMO: -0.09091274440288544, 0.027220696210861206, -0.001421713037416339, 0.011123357340693474
Stats for shortIMO: -0.01766417920589447. 0.01918470859527588, 0.00018294237088412046, 0.002199267502874136
For Sampled Data: m=0.9908941698061766, b=0.007913267113652922, r=0.9993859726439509,r^2=0.9987723223174958, Se=0.0006033849004580556
For Stride Data: m=1.0003319209591695, b=-0.0004196138332759336, r=0.9999748621240725,r^2=0.9999497248800578, Se=0.0001231940793152334
(151,)
(151,)
(150,)
(150,)
Stats for normIMO: -0.019342899322509766, 0.028484418988227844, 0.0007484586094506085, 0.0038388408720493317
Stats for shortIMO: -0.012499645352363586. 0.01627454161643982, 6.985499931033701e-05, 0.0018140138126909733
For Sampled Data: m=1.001731371353829, b=-0.0019828156199512836, r=0.9999249556880467,r^2=0.9998499170077422, Se=0.00021316104513356948
For Stride Data: m=0.9999327006917901, b=-2.1878739355774002e-05, r=0.999982848654293,r^2=0.9999656976027547, Se=0.00010171820548890289
(208,)
(208,)
(200,)
(200,)
Stats for normIMO: -0.020532920956611633, 0.015757158398628235, 2.3759648684062995e-06, 0.002265835413709283
Stats for shortIMO: -0.009274229407310486. 0.015908345580101013, 7.671317871427163e-05, 0.0014824720565229654
For Sampled Data: m=0.999136701628153, b=0.0006130641417873006, r=0.999973568210029,r^2=0.9999471371186975, Se=0.0001261740491856995
For Stride Data: m=1.0002359221806276, b=-0.000244900897905298, r=0.9999885782841583,r^2=0.9999771566987723, Se=8.303191895040463e-05
(11,)
(11,)
(10,)
(10,)
Stats for normIMO: -0.07670068740844727, 0.05880546569824219, -0.003074606414884329, 0.03149352967739105
Stats for shortIMO: -0.04901733994483948. 0.05051779747009277, 0.005583382677286863, 0.01804928295314312
For Sampled Data: m=0.8906018749605594, b=0.08065216238166295, r=0.9813264764584655,r^2=0.9630016533983873, Se=0.003076332765810187
For Stride Data: m=0.9885338812469333, b=0.002547572056873726, r=0.993008569314217,r^2=0.986066018731468, Se=0.002070848072186428
(51,)
(51,)
(50,)
(50,)
Stats for normIMO: -0.04610264301300049, 0.047118961811065674, 0.0005840014782734215, 0.014889102429151535
Stats for normIMO: -0.0525858998298645, 0.03483539819717407, -0.0022991839796304703, 0.010852715000510216
Stats for shortIMO: -0.038677096366882324. 0.024273455142974854, -0.0005290281260386109, 0.006974032614380121
For Sampled Data: m=0.9886358037187434, b=0.010357831154180652, r=0.9974972613528931,r^2=0.9950007864065219, Se=0.0012349447634857473
For Stride Data: m=0.9971543691637188, b=0.002546915591397192, r=0.9989591471154495,r^2=0.9979193776056263, Se=0.0008023860453198473
(101,)
(101,)
(100,)
(100,)
Stats for normIMO: -0.03284701704978943, 0.03531128168106079, 0.0005806185072287917, 0.006164807826280594
Stats for shortIMO: -0.017104506492614746. 0.016077756881713867, -0.0002068669709842652, 0.0037905953358858824
For Sampled Data: m=0.9937504449491362, b=0.0038510832985245713, r=0.9991973587854099,r^2=0.9983953618037392, Se=0.0007020801361575584
For Stride Data: m=0.9998115423069528, b=0.00034052886986901676, r=0.9996926233230543,r^2=0.9993853411265301, Se=0.000436959112437545
(154,)
(154,)
(150,)
(150,)
Stats for normIMO: -0.01990121603012085, 0.021546363830566406, 0.00019207615696359426, 0.004601786844432354
Stats for shortIMO: -0.012209951877593994. 0.023256003856658936, 0.00029923522379249334, 0.002857953542843461
For Sampled Data: m=0.9971205547975613, b=0.001849737801567386, r=0.9995487790104282,r^2=0.9990977616212378, Se=0.0005280516312218035
For Stride Data: m=1.0009964659399728, b=-0.0010058995747377342, r=0.9998261342076645,r^2=0.9996522986446428, Se=0.0003289904684123461
(202,)
(202,)
(200,)
(200,)
Stats for normIMO: -0.01883465051651001, 0.027765750885009766, 6.079869854147546e-05, 0.004049309063702822
Stats for shortIMO: -0.014492928981781006. 0.025146424770355225, -6.052756361896172e-05, 0.002322504064068198
For Sampled Data: m=0.9972345385818003, b=0.001900217426005657, r=0.9996512630802805,r^2=0.9993026477780003, Se=0.00046424469663573716
For Stride Data: m=1.0001176334307806, b=-2.2918770195334837e-05, r=0.9998846474333173,r^2=0.9997693081728493, Se=0.00026772526244582437
Stats for shortIMO: -0.038677096366882324. 0.024273455142974854, -0.0005290281260386109, 0.006974032614380121
For Sampled Data: m=0.9917015521830048, b=0.005300618726388651, r=0.9952463941927515,r^2=0.9905153851536738, Se=0.0017101424766238972
For Stride Data: m=0.9971543691637188, b=0.002546915591397192, r=0.9989591471154495,r^2=0.9979193776056263, Se=0.0008023860453198473
(101,)
(101,)
(100,)
(100,)
Stats for normIMO: -0.02601402997970581, 0.03374844789505005, 0.0003659644571598619, 0.006143786944448948
Stats for shortIMO: -0.017104506492614746. 0.016077756881713867, -0.0002068669709842652, 0.0037905953358858824
For Sampled Data: m=0.992488904346624, b=0.004960376480291573, r=0.9992097166155053,r^2=0.9984200577788384, Se=0.0006957635584772266
For Stride Data: m=0.9998115423069528, b=0.00034052886986901676, r=0.9996926233230543,r^2=0.9993853411265301, Se=0.000436959112437545
(154,)
(154,)
(150,)
(150,)
Stats for normIMO: -0.018684744834899902, 0.033613502979278564, -0.00021547244978137314, 0.004009914584457874
Stats for shortIMO: -0.012209951877593994. 0.023256003856658936, 0.00029923522379249334, 0.002857953542843461
For Sampled Data: m=0.9969251906699728, b=0.0023958530755980867, r=0.9996587824173717,r^2=0.9993176812641821, Se=0.0004590674461983016
For Stride Data: m=1.0009964659399728, b=-0.0010058995747377342, r=0.9998261342076645,r^2=0.9996522986446428, Se=0.0003289904684123461
(202,)
(202,)
(200,)
(200,)
Stats for normIMO: nan, nan, nan, nan
Stats for shortIMO: -0.014492928981781006. 0.025146424770355225, -6.052756361896172e-05, 0.002322504064068198
For Sampled Data: m=nan, b=nan, r=nan,r^2=nan, Se=nan
For Stride Data: m=1.0001176334307806, b=-2.2918770195334837e-05, r=0.9998846474333173,r^2=0.9997693081728493, Se=0.00026772526244582437
