(11,)
(11,)
(10,)
(10,)
Stats for normIMO: -12.609064102172852, 33.83251190185547, 5.628098487854004, 9.037843704223633
Stats for shortIMO: -5.010734558105469. 2.0053529739379883, -0.47436490654945374, 1.2427518367767334
For Sampled Data: m=1.227887840008129, b=1.689955432750665, r=0.9874553240856773,r^2=0.9750680170651499, Se=0.00343883115893501
For Stride Data: m=0.978472604296506, b=-0.21693406493432832, r=0.999349178988493,r^2=0.9986987815449749, Se=0.0006185826256487351
(51,)
(51,)
(50,)
(50,)
Stats for normIMO: -4.873970031738281, 2.2979660034179688, -0.03238103911280632, 0.6835139989852905
Stats for shortIMO: -3.2897491455078125. 2.0926132202148438, -0.002692537847906351, 0.4240811765193939
For Sampled Data: m=1.001810505287125, b=0.09051906910741536, r=0.9997438995342373,r^2=0.9994878646559231, Se=0.0003971736181361503
For Stride Data: m=1.0020525213420373, b=0.06860484459723182, r=0.9999029077330147,r^2=0.9998058248929377, Se=0.0002445798252860981
(102,)
(102,)
(100,)
(100,)
Stats for normIMO: -1.5024032592773438, 2.2397804260253906, -0.001631361898034811, 0.35649195313453674
Stats for shortIMO: -2.8879966735839844. 0.7190628051757812, -0.011375567875802517, 0.23661813139915466
For Sampled Data: m=0.9987296494161013, b=-0.03916530488385206, r=0.9999302468133603,r^2=0.9998604984922276, Se=0.00020661359211902283
For Stride Data: m=0.9998044631495345, b=0.0050924281283002415, r=0.9999689979100683,r^2=0.9999379967812663, Se=0.00013788812083784488
(156,)
(156,)
(150,)
(150,)
Stats for normIMO: -1.7198867797851562, 3.043333053588867, 0.00631824042648077, 0.2685655653476715
Stats for shortIMO: -2.7279129028320312. 0.791473388671875, -0.012347045354545116, 0.19006720185279846
For Sampled Data: m=0.9989788607231954, b=-0.03911232656983543, r=0.9999604933373049,r^2=0.9999209882353861, Se=0.00015552869813615543
For Stride Data: m=1.000015031833154, b=0.012827070655667683, r=0.9999799922223274,r^2=0.9999599848449658, Se=0.00011079461927190216
(204,)
(204,)
(200,)
(200,)
Stats for normIMO: -1.8280296325683594, 2.681264877319336, -0.008092180825769901, 0.32514718174934387
Stats for shortIMO: -2.5485916137695312. 0.8949947357177734, -0.0010251993080601096, 0.1575177013874054
For Sampled Data: m=0.9996061270587883, b=-0.0045572866488328145, r=0.9999414803904093,r^2=0.9998829642053634, Se=0.00018941086133680347
For Stride Data: m=1.0002601469296368, b=0.009376316870493895, r=0.9999862985587037,r^2=0.9999725973051369, Se=9.17079010092447e-05
(11,)
(11,)
(10,)
(10,)
Stats for normIMO: -6.8097991943359375, 3.5591163635253906, -0.8825767040252686, 2.5924081802368164
Stats for shortIMO: -3.463489532470703. 2.7747650146484375, -0.07900206744670868, 1.14175283908844
For Sampled Data: m=0.9397170392633893, b=-1.2723689963589067, r=0.9940855284278677,r^2=0.988206037829713, Se=0.0018021704520143225
For Stride Data: m=0.9937206595117436, b=-0.1454662444233108, r=0.9986307578777371,r^2=0.9972633905794637, Se=0.0009138153290205697
(51,)
(51,)
(50,)
(50,)
Stats for normIMO: -1.611114501953125, 1.857461929321289, 0.05022643879055977, 0.36697471141815186
Stats for shortIMO: -1.03125. 1.6000022888183594, 0.007254586089402437, 0.2987063229084015
For Sampled Data: m=0.9983654191367489, b=-0.10865975183236287, r=0.9998588997986334,r^2=0.9997178195065336, Se=0.0002944468799964524
For Stride Data: m=1.0020170154004715, b=0.0648470295004131, r=0.9999083320465304,r^2=0.9998166724960745, Se=0.00023818881909356244
(102,)
(102,)
(100,)
(100,)
Stats for normIMO: -0.8763656616210938, 1.3720011711120605, 0.13600386679172516, 0.36460161209106445
Stats for shortIMO: -0.755218505859375. 0.5994720458984375, 0.006585965398699045, 0.1704375296831131
For Sampled Data: m=1.0000064502790578, b=-0.13577482241716865, r=0.9998598569591736,r^2=0.999719733558419, Se=0.0002939286149088421
For Stride Data: m=1.0008324478969932, b=0.023169670715994073, r=0.9999697671683241,r^2=0.9999395352506723, Se=0.00013662125960751733
(155,)
(155,)
(150,)
(150,)
Stats for normIMO: -1.0446929931640625, 0.8522224426269531, -0.0089592095464468, 0.21266931295394897
Stats for shortIMO: -0.5070610046386719. 0.532501220703125, -0.0019463009666651487, 0.1148722767829895
For Sampled Data: m=1.0007943477917531, b=0.03735259129897628, r=0.9999527025210069,r^2=0.9999054072790653, Se=0.0001708782917879924
For Stride Data: m=1.0001100482202792, b=0.005883222265836707, r=0.9999860950918477,r^2=0.9999721903770418, Se=9.258572450658222e-05
(203,)
(203,)
(200,)
(200,)
Stats for normIMO: -0.8238983154296875, 0.6711082458496094, -0.008330566808581352, 0.1661362648010254
Stats for shortIMO: -0.4909038543701172. 0.4799995422363281, -0.002134778071194887, 0.08988530933856964
For Sampled Data: m=1.0001233836664414, b=0.012738100497337257, r=0.9999709115525316,r^2=0.999941823951201, Se=0.00013391553937094626
For Stride Data: m=1.0004923642389076, b=0.01973304179458779, r=0.9999916101858611,r^2=0.9999832204421113, Se=7.194495220716761e-05
(11,)
(11,)
(10,)
(10,)
Stats for normIMO: -4.355445861816406, 6.783638954162598, 1.2186872959136963, 2.221259832382202
Stats for shortIMO: -4.947357177734375. 1.3995513916015625, -0.07314356416463852, 1.0842361450195312
For Sampled Data: m=0.9746534395175532, b=-1.95949785392974, r=0.9983056071756998,r^2=0.9966140853184426, Se=0.0009866950471754095
For Stride Data: m=0.9931370560241629, b=-0.12744072832509445, r=0.9995567681136235,r^2=0.9991137326817521, Se=0.0005137387485209573
(51,)
(51,)
(50,)
(50,)
Stats for normIMO: -1.878936767578125, 1.666351318359375, -0.14003784954547882, 0.39514419436454773
Stats for shortIMO: -1.6032867431640625. 1.1797561645507812, 0.004735863301903009, 0.29543381929397583
For Sampled Data: m=0.9992948934278387, b=0.11943295727057901, r=0.9999389367730162,r^2=0.99987787727475, Se=0.00019181239392734737
For Stride Data: m=1.0005885275070714, b=0.012467058020401822, r=0.9999659868659089,r^2=0.999931974888711, Se=0.00014333859893666374
(101,)
(101,)
(100,)
(100,)
Stats for normIMO: -0.6230401992797852, 1.6271419525146484, 0.0731387808918953, 0.25395509600639343
Stats for shortIMO: -1.1583518981933594. 1.1223831176757812, 0.002946391236037016, 0.1801915317773819
For Sampled Data: m=1.0014961987917435, b=-0.029407362925294223, r=0.9999759007530351,r^2=0.9999518020868439, Se=0.00012076250764053781
For Stride Data: m=1.0004089177017295, b=0.009006633036772627, r=0.9999873611743477,r^2=0.9999747225084353, Se=8.735912272094761e-05
(151,)
(151,)
(150,)
(150,)
Stats for normIMO: -0.7918624877929688, 1.0647239685058594, -0.011712605133652687, 0.18087859451770782
Stats for shortIMO: -1.0687084197998047. 0.9521408081054688, -0.009865271858870983, 0.13533681631088257
For Sampled Data: m=0.9992543137061474, b=-0.01007949632855798, r=0.9999874292214971,r^2=0.9999748586010186, Se=8.702307894403677e-05
For Stride Data: m=1.0003734835526155, b=0.02078455500074483, r=0.9999928923218601,r^2=0.9999857846942392, Se=6.550909424919723e-05
(208,)
(208,)
(200,)
(200,)
Stats for normIMO: -1.739013671875, 0.859375, -0.017242971807718277, 0.2109982967376709
Stats for shortIMO: -1.0246620178222656. 0.930908203125, -0.00031354205566458404, 0.11122913658618927
For Sampled Data: m=0.9985441905285218, b=-0.0253012940583055, r=0.9999835532061352,r^2=0.9999671066827674, Se=9.946871386115594e-05
For Stride Data: m=1.0002339044392552, b=0.00715111859976858, r=0.9999951778838847,r^2=0.9999903557910222, Se=5.3950466660087306e-05
(11,)
(11,)
(10,)
(10,)
Stats for normIMO: -13.58047103881836, 3.461254119873047, -1.3697600364685059, 3.0026071071624756
Stats for shortIMO: -4.272617340087891. 7.3640289306640625, 0.6180453896522522, 1.7711793184280396
For Sampled Data: m=0.9392986157447197, b=-1.0927834129630725, r=0.9893705386442248,r^2=0.9788540627371635, Se=0.002432933521802014
For Stride Data: m=0.9468602042153942, b=-2.773828750668507, r=0.9971732036456842,r^2=0.9943543980689972, Se=0.0012573102469693443
(51,)
(51,)
(50,)
(50,)
Stats for normIMO: -8.041900634765625, 2.3680953979492188, 0.04225420951843262, 0.6543535590171814
Stats for shortIMO: -2.5731124877929688. 5.43304443359375, 0.0353955402970314, 0.7391049265861511
(11,)
(11,)
(10,)
(10,)
Stats for normIMO: -10.689207077026367, 4.422660827636719, -0.820179283618927, 1.8764777183532715
Stats for shortIMO: -5.010734558105469. 2.0053529739379883, -0.47436490654945374, 1.2427518367767334
For Sampled Data: m=0.9964153323099967, b=0.7050643030425015, r=0.9980478517111111,r^2=0.996099514305164, Se=0.0010920426046153882
For Stride Data: m=0.978472604296506, b=-0.21693406493432832, r=0.999349178988493,r^2=0.9986987815449749, Se=0.0006185826256487351
(51,)
(51,)
(50,)
(50,)
Stats for normIMO: -2.784404754638672, 3.509998321533203, -0.1394808292388916, 0.6138815879821777
Stats for shortIMO: -3.2897491455078125. 2.0926132202148438, -0.002692537847906351, 0.4240811765193939
For Sampled Data: m=0.9921042546278547, b=-0.11407182761751145, r=0.9998196539943666,r^2=0.9996393405134149, Se=0.0003300467970374878
For Stride Data: m=1.0020525213420373, b=0.06860484459723182, r=0.9999029077330147,r^2=0.9998058248929377, Se=0.0002445798252860981
(102,)
(102,)
(100,)
(100,)
Stats for normIMO: -1.717742919921875, 3.9300003051757812, 0.008140020072460175, 0.33572104573249817
Stats for shortIMO: -2.8879966735839844. 0.7190628051757812, -0.011375567875802517, 0.23661813139915466
For Sampled Data: m=0.9984892086137662, b=-0.056655908834748914, r=0.9999385346410602,r^2=0.9998770730601108, Se=0.0001939031237823848
For Stride Data: m=0.9998044631495345, b=0.0050924281283002415, r=0.9999689979100683,r^2=0.9999379967812663, Se=0.00013788812083784488
(156,)
(156,)
(150,)
(150,)
Stats for normIMO: -1.5150012969970703, 1.9369449615478516, -0.03595228120684624, 0.37919315695762634
Stats for shortIMO: -2.7279129028320312. 0.791473388671875, -0.012347045354545116, 0.19006720185279846
For Sampled Data: m=0.9968077806664349, b=-0.06656055565589014, r=0.999924984844437,r^2=0.9998499753161476, Se=0.00021385359689105667
For Stride Data: m=1.000015031833154, b=0.012827070655667683, r=0.9999799922223274,r^2=0.9999599848449658, Se=0.00011079461927190216
(204,)
(204,)
(200,)
(200,)
Stats for normIMO: -1.0331459045410156, 3.6030941009521484, -0.0026791018899530172, 0.16590586304664612
Stats for shortIMO: -2.5485916137695312. 0.8949947357177734, -0.0010251993080601096, 0.1575177013874054
For Sampled Data: m=0.9998910442796759, b=-0.0008209271616408387, r=0.9999847576444683,r^2=0.9999695155212659, Se=9.669185338919675e-05
For Stride Data: m=1.0002601469296368, b=0.009376316870493895, r=0.9999862985587037,r^2=0.9999725973051369, Se=9.17079010092447e-05
(11,)
(11,)
(10,)
(10,)
Stats for normIMO: -1.4774627685546875, 3.651397705078125, 0.7997020483016968, 1.133928656578064
Stats for shortIMO: -3.463489532470703. 2.7747650146484375, -0.07900206744670868, 1.14175283908844
For Sampled Data: m=0.9842605529604526, b=-1.3623423117070388, r=0.9987307473179196,r^2=0.9974631056382101, Se=0.0008713758120682365
For Stride Data: m=0.9937206595117436, b=-0.1454662444233108, r=0.9986307578777371,r^2=0.9972633905794637, Se=0.0009138153290205697
(51,)
(51,)
(50,)
(50,)
Stats for normIMO: -1.0598602294921875, 2.677417755126953, 0.2825806736946106, 0.6359220743179321
Stats for shortIMO: -1.03125. 1.6000022888183594, 0.007254586089402437, 0.2987063229084015
For Sampled Data: m=1.0055470931584585, b=-0.08428847116827143, r=0.9995937337306205,r^2=0.9991876325135227, Se=0.0005033241931119462
For Stride Data: m=1.0020170154004715, b=0.0648470295004131, r=0.9999083320465304,r^2=0.9998166724960745, Se=0.00023818881909356244
(102,)
(102,)
(100,)
(100,)
Stats for normIMO: -1.1774559020996094, 1.0760040283203125, 0.02229955792427063, 0.23977667093276978
Stats for shortIMO: -0.755218505859375. 0.5994720458984375, 0.006585965398699045, 0.1704375296831131
For Sampled Data: m=0.9991940291674166, b=-0.051111893100397765, r=0.9999396088604086,r^2=0.9998792213679069, Se=0.0001927807924860608
For Stride Data: m=1.0008324478969932, b=0.023169670715994073, r=0.9999697671683241,r^2=0.9999395352506723, Se=0.00013662125960751733
(155,)
(155,)
(150,)
(150,)
Stats for normIMO: -0.9150371551513672, 1.3576164245605469, -0.020855769515037537, 0.1976023018360138
Stats for shortIMO: -0.5070610046386719. 0.532501220703125, -0.0019463009666651487, 0.1148722767829895
For Sampled Data: m=1.000635075674695, b=0.04355710531378776, r=0.9999590828952548,r^2=0.9999181674647191, Se=0.00015890923809279883
For Stride Data: m=1.0001100482202792, b=0.005883222265836707, r=0.9999860950918477,r^2=0.9999721903770418, Se=9.258572450658222e-05
(203,)
(203,)
(200,)
(200,)
Stats for normIMO: -0.9048042297363281, 1.7086305618286133, 0.021081658080220222, 0.19209425151348114
Stats for shortIMO: -0.4909038543701172. 0.4799995422363281, -0.002134778071194887, 0.08988530933856964
For Sampled Data: m=0.9990252761649278, b=-0.055927446211612164, r=0.9999614923316522,r^2=0.9999229861461449, Se=0.00015391121906075165
For Stride Data: m=1.0004923642389076, b=0.01973304179458779, r=0.9999916101858611,r^2=0.9999832204421113, Se=7.194495220716761e-05
(11,)
(11,)
(10,)
(10,)
Stats for normIMO: -3.0275955200195312, 12.273872375488281, 1.2095081806182861, 2.8460919857025146
Stats for shortIMO: -4.947357177734375. 1.3995513916015625, -0.07314356416463852, 1.0842361450195312
For Sampled Data: m=1.026195892413221, b=-0.4438686588269505, r=0.9973201545917878,r^2=0.9946474907549875, Se=0.0013074726800790014
For Stride Data: m=0.9931370560241629, b=-0.12744072832509445, r=0.9995567681136235,r^2=0.9991137326817521, Se=0.0005137387485209573
(51,)
(51,)
(50,)
(50,)
Stats for normIMO: -1.439234733581543, 2.3214263916015625, 0.024180598556995392, 0.4403586685657501
Stats for shortIMO: -1.6032867431640625. 1.1797561645507812, 0.004735863301903009, 0.29543381929397583
For Sampled Data: m=1.0012315401561258, b=0.011815192155420817, r=0.9999249060499222,r^2=0.9998498177389458, Se=0.00021312514363138079
For Stride Data: m=1.0005885275070714, b=0.012467058020401822, r=0.9999659868659089,r^2=0.999931974888711, Se=0.00014333859893666374
(101,)
(101,)
(100,)
(100,)
Stats for normIMO: -0.9742889404296875, 1.2745437622070312, 0.009517237544059753, 0.25173136591911316
Stats for shortIMO: -1.1583518981933594. 1.1223831176757812, 0.002946391236037016, 0.1801915317773819
For Sampled Data: m=0.9992747679000744, b=-0.03071237214874145, r=0.9999753775740269,r^2=0.9999507557543176, Se=0.00012179559833054129
For Stride Data: m=1.0004089177017295, b=0.009006633036772627, r=0.9999873611743477,r^2=0.9999747225084353, Se=8.735912272094761e-05
(151,)
(151,)
(150,)
(150,)
Stats for normIMO: -0.9376969337463379, 1.2478981018066406, -0.0006239617359824479, 0.17637178301811218
Stats for shortIMO: -1.0687084197998047. 0.9521408081054688, -0.009865271858870983, 0.13533681631088257
For Sampled Data: m=0.9998191278564615, b=-0.0046588950967816345, r=0.999987813272218,r^2=0.9999756266929523, Se=8.573185035548688e-05
For Stride Data: m=1.0003734835526155, b=0.02078455500074483, r=0.9999928923218601,r^2=0.9999857846942392, Se=6.550909424919723e-05
(208,)
(208,)
(200,)
(200,)
Stats for normIMO: -0.9574813842773438, 1.3106613159179688, 0.006269069854170084, 0.17983867228031158
Stats for shortIMO: -1.0246620178222656. 0.930908203125, -0.00031354205566458404, 0.11122913658618927
For Sampled Data: m=0.9993015342317285, b=-0.02667994123077122, r=0.9999875435740869,r^2=0.9999750873033364, Se=8.663044946404795e-05
For Stride Data: m=1.0002339044392552, b=0.00715111859976858, r=0.9999951778838847,r^2=0.9999903557910222, Se=5.3950466660087306e-05
(11,)
(11,)
(10,)
(10,)
Stats for normIMO: -16.319971084594727, 11.867770195007324, 1.3815019130706787, 4.059000492095947
Stats for shortIMO: -4.272617340087891. 7.3640289306640625, 0.6180453896522522, 1.7711793184280396
For Sampled Data: m=0.9421792996593085, b=-3.727182281635457, r=0.9791433212499114,r^2=0.9587216435483072, Se=0.0034452485211348425
For Stride Data: m=0.9468602042153942, b=-2.773828750668507, r=0.9971732036456842,r^2=0.9943543980689972, Se=0.0012573102469693443
(51,)
(51,)
(50,)
(50,)
Stats for normIMO: -7.945901870727539, 2.2064390182495117, 0.1686181277036667, 0.7089890837669373
Stats for shortIMO: -2.5731124877929688. 5.43304443359375, 0.0353955402970314, 0.7391049265861511
For Sampled Data: m=0.9953722350481768, b=-0.2299949092657485, r=0.9994661048739504,r^2=0.9989324947919064, Se=0.0005734222195018615
For Stride Data: m=0.9888378658694078, b=-0.48822666591462394, r=0.9993596190935139,r^2=0.9987196482747331, Se=0.0006239359380861057
(101,)
(101,)
(100,)
(100,)
Stats for normIMO: -8.586923599243164, 1.4115180969238281, -0.012060455046594143, 0.48329153656959534
Stats for shortIMO: -1.3792304992675781. 3.8336267471313477, 0.013601137325167656, 0.3935357332229614
For Sampled Data: m=1.0022350947807919, b=0.10273174689524467, r=0.9997093040719666,r^2=0.9994186926480557, Se=0.00042596198687332425
For Stride Data: m=0.995909421785721, b=-0.1795500871738227, r=0.9998115296789392,r^2=0.9996230948789402, Se=0.0003407923079156681
(154,)
(154,)
(150,)
(150,)
Stats for normIMO: -8.650192260742188, 1.6362800598144531, -0.03996613249182701, 0.4993281364440918
Stats for shortIMO: -0.8035316467285156. 3.1037025451660156, 0.03464537858963013, 0.27140140533447266
For Sampled Data: m=1.0018928870739179, b=0.11675355006634192, r=0.9996886186865735,r^2=0.9993773343314695, Se=0.0004407132119639944
For Stride Data: m=0.9989149929145624, b=-0.07866554220710498, r=0.9999074889469214,r^2=0.9998149864521377, Se=0.0002394652724086862
(202,)
(202,)
(200,)
(200,)
Stats for normIMO: -8.207330703735352, 1.5690422058105469, -0.030637498944997787, 0.3976585865020752
Stats for shortIMO: -1.0034370422363281. 2.62374210357666, 0.0038580915424972773, 0.21059677004814148
For Sampled Data: m=1.0003852183419786, b=0.046263399663608595, r=0.9998008218383868,r^2=0.9996016833487137, Se=0.0003519168582268951
For Stride Data: m=0.9988187901309645, b=-0.05177988215028506, r=0.9999446278918861,r^2=0.9998892588498426, Se=0.00018524109151470662
For Sampled Data: m=0.9912104011975861, b=-0.525201966183694, r=0.9993945185015572,r^2=0.9987894036109595, Se=0.0006081358957525841
For Stride Data: m=0.9888378658694078, b=-0.48822666591462394, r=0.9993596190935139,r^2=0.9987196482747331, Se=0.0006239359380861057
(101,)
(101,)
(100,)
(100,)
Stats for normIMO: -7.487337112426758, 5.463836669921875, 0.032257504761219025, 0.7716079950332642
Stats for shortIMO: -1.3792304992675781. 3.8336267471313477, 0.013601137325167656, 0.3935357332229614
For Sampled Data: m=1.0087586824909995, b=0.3230657929891052, r=0.9993004129200311,r^2=0.9986013152621447, Se=0.0006653086976196981
For Stride Data: m=0.995909421785721, b=-0.1795500871738227, r=0.9998115296789392,r^2=0.9996230948789402, Se=0.0003407923079156681
(154,)
(154,)
(150,)
(150,)
Stats for normIMO: -8.11326789855957, 1.616119384765625, 0.011880245991051197, 0.4266408681869507
Stats for shortIMO: -0.8035316467285156. 3.1037025451660156, 0.03464537858963013, 0.27140140533447266
For Sampled Data: m=1.0030689292314174, b=0.11261776394646716, r=0.9997765581322247,r^2=0.9995531661907175, Se=0.00037374286092261
For Stride Data: m=0.9989149929145624, b=-0.07866554220710498, r=0.9999074889469214,r^2=0.9998149864521377, Se=0.0002394652724086862
(202,)
(202,)
(200,)
(200,)
Stats for normIMO: -5.243059158325195, 1.7199974060058594, 0.011986831203103065, 0.3735160529613495
Stats for shortIMO: -1.0034370422363281. 2.62374210357666, 0.0038580915424972773, 0.21059677004814148
For Sampled Data: m=0.9982081264725864, b=-0.08467863536412779, r=0.9998250438657543,r^2=0.9996501183411576, Se=0.0003291014099362636
For Stride Data: m=0.9988187901309645, b=-0.05177988215028506, r=0.9999446278918861,r^2=0.9998892588498426, Se=0.00018524109151470662
