/apps/python-3.9.2/lib/python3.9/site-packages/scipy/interpolate/interpolate.py:623: RuntimeWarning: invalid value encountered in true_divide
  slope = (y_hi - y_lo) / (x_hi - x_lo)[:, None]
/apps/python-3.9.2/lib/python3.9/site-packages/scipy/interpolate/interpolate.py:623: RuntimeWarning: invalid value encountered in true_divide
  slope = (y_hi - y_lo) / (x_hi - x_lo)[:, None]
(11,)
(11,)
(10,)
(10,)
Stats for normIMO: -116.12030029296875, 21.69927406311035, -13.252547264099121, 32.95151901245117
Stats for shortIMO: -26.85306167602539. 17.713476181030273, 0.9203935861587524, 5.482958793640137
For Sampled Data: m=1.5607852265527427, b=39.69534164522037, r=0.8857179894671574,r^2=0.7844963568657436, Se=0.014327360488784201
For Stride Data: m=0.9691222487103639, b=-2.376378329612102, r=0.9862954136041405,r^2=0.9727786428965626, Se=0.0028393415436719855
(51,)
(51,)
(50,)
(50,)
Stats for normIMO: -22.383567810058594, 19.046899795532227, 0.3783155679702759, 4.529233455657959
Stats for shortIMO: -18.604646682739258. 14.744378089904785, -0.1619846671819687, 2.0165798664093018
For Sampled Data: m=0.9956596266425755, b=-0.5829772751622642, r=0.9907656189334912,r^2=0.981616511660664, Se=0.002386410392041071
For Stride Data: m=1.0012424325775309, b=0.22057192218382227, r=0.9981683401541358,r^2=0.9963400352860625, Se=0.0010628331825932957
(102,)
(102,)
(100,)
(100,)
Stats for normIMO: -16.94466781616211, 17.75240135192871, 0.32579830288887024, 2.3336825370788574
Stats for shortIMO: -23.8198299407959. 7.017870903015137, -0.08011867105960846, 1.6298656463623047
For Sampled Data: m=0.9873716245528729, b=-0.9212657956954047, r=0.9975603356360928,r^2=0.9951266232343942, Se=0.001210173569654628
For Stride Data: m=1.0005961010924116, b=0.10822813463938985, r=0.9988004760242073,r^2=0.9976023909061831, Se=0.0008591331052593083
(156,)
(156,)
(150,)
(150,)
Stats for normIMO: -20.76851463317871, 19.63051986694336, 0.09077112376689911, 2.2887444496154785
Stats for shortIMO: -20.884151458740234. 13.416369438171387, 0.00964250136166811, 1.1858775615692139
For Sampled Data: m=0.9906250588285416, b=-0.5328287876139868, r=0.9976352579013337,r^2=0.9952761078078606, Se=0.001195304925575904
For Stride Data: m=0.9980177893330708, b=-0.10311104404611626, r=0.999363034995382,r^2=0.9987264757151811, Se=0.0006241799534311201
(204,)
(204,)
(200,)
(200,)
Stats for normIMO: -6.273143768310547, 8.969287872314453, 0.1156068742275238, 1.2430932521820068
Stats for shortIMO: -16.340702056884766. 5.628255367279053, -0.025586746633052826, 0.8123916983604431
For Sampled Data: m=0.9975361779951445, b=-0.23178138467709886, r=0.9993003581839109,r^2=0.9986012058664927, Se=0.0006538840040505186
For Stride Data: m=0.9998459689975543, b=0.018325941327447026, r=0.9997011028850318,r^2=0.9994022951095489, Se=0.00042825015951517323
(11,)
(11,)
(10,)
(10,)
Stats for normIMO: -16.514116287231445, 10.642265319824219, -0.15339793264865875, 4.065352439880371
Stats for shortIMO: -14.357547760009766. 8.236394882202148, -0.45416802167892456, 2.7656664848327637
For Sampled Data: m=1.037441141929964, b=2.3324814384348898, r=0.9924077379424089,r^2=0.9848731183279689, Se=0.00225704739760466
For Stride Data: m=0.982021760151193, b=-0.5921646489154, r=0.995890000645031,r^2=0.9917968933847597, Se=0.0015678032734532373
(51,)
(51,)
(50,)
(50,)
Stats for normIMO: -4.794414520263672, 10.145904541015625, 0.5357860922813416, 1.9665125608444214
Stats for shortIMO: -3.4202117919921875. 8.402122497558594, 0.22242680191993713, 1.0153958797454834
For Sampled Data: m=0.9749829274579125, b=-1.9917811293034404, r=0.99812737920338,r^2=0.9962582651154079, Se=0.0010489147636026186
For Stride Data: m=0.9902646547755842, b=-0.7890213585657762, r=0.999478322075544,r^2=0.9989569162989449, Se=0.0005617332460037995
(102,)
(102,)
(100,)
(100,)
Stats for normIMO: -6.964678764343262, 7.466487884521484, -0.143275186419487, 1.1567209959030151
Stats for shortIMO: -2.7259254455566406. 4.751899719238281, 0.018337760120630264, 0.5928816199302673
For Sampled Data: m=1.0038754265993328, b=0.3688263265255003, r=0.9992879062346238,r^2=0.9985763195467784, Se=0.0006654081297163307
For Stride Data: m=0.9984356214228891, b=-0.10937656812769347, r=0.9998099813823661,r^2=0.9996199988718072, Se=0.00034173360760588075
(155,)
(155,)
(150,)
(150,)
Stats for normIMO: -3.687328338623047, 4.5319976806640625, 0.09889806061983109, 0.6470404863357544
Stats for shortIMO: -3.2703933715820312. 4.108234405517578, -0.015998324379324913, 0.4391464591026306
For Sampled Data: m=0.9958330270517324, b=-0.3414141573987166, r=0.9997797882835293,r^2=0.9995596250602587, Se=0.0003669324500554912
For Stride Data: m=1.0005209298280329, b=0.04631699447758564, r=0.9998956350456087,r^2=0.9997912809832612, Se=0.0002537728546683223
(203,)
(203,)
(200,)
(200,)
Stats for normIMO: nan, nan, nan, nan
Stats for shortIMO: -2.2170257568359375. 4.912494659423828, 0.007397480309009552, 0.40227001905441284
For Sampled Data: m=nan, b=nan, r=nan,r^2=nan, Se=nan
For Stride Data: m=0.9995263180514375, b=-0.03496120740062025, r=0.9999122485812764,r^2=0.9998245048628642, Se=0.00023246498056517158
(11,)
(11,)
(10,)
(10,)
Stats for normIMO: -12.016515731811523, 39.223548889160156, 2.932720422744751, 7.857129096984863
Stats for shortIMO: -19.572265625. 5.27001953125, -0.6944994926452637, 2.7429962158203125
For Sampled Data: m=0.8751066630877314, b=-7.395877988308552, r=0.9814585785685692,r^2=0.9632609414458364, Se=0.0029683237055874822
For Stride Data: m=1.001956277598519, b=0.7644090282556562, r=0.9972931336174832,r^2=0.9945935943605791, Se=0.0012830349567556193
(51,)
(51,)
(50,)
(50,)
Stats for normIMO: -19.100811004638672, 3.0315475463867188, -0.3859453797340393, 2.50460147857666
Stats for shortIMO: -9.09598159790039. 9.087361335754395, -0.06305166333913803, 0.9587239027023315
For Sampled Data: m=1.0064709803446918, b=0.6171859259214898, r=0.9977807869980592,r^2=0.9955664989024663, Se=0.0011665349744557913
For Stride Data: m=1.0004847130916843, b=0.08037090514211087, r=0.9996670487353795,r^2=0.9993342083273036, Se=0.000448520702098014
(101,)
(101,)
(100,)
(100,)
Stats for normIMO: -6.518535614013672, 10.539782524108887, 0.12214533239603043, 0.922586977481842
Stats for shortIMO: -7.26324462890625. 3.4568700790405273, -0.05621529743075371, 0.581229567527771
For Sampled Data: m=0.9975866397652046, b=-0.20839367344125037, r=0.9996926849738016,r^2=0.9993854643901285, Se=0.00042965104294345865
For Stride Data: m=1.0001752086478144, b=0.06247459237969366, r=0.9998774837963931,r^2=0.9997549826030063, Se=0.000271948076475543
(151,)
(151,)
(150,)
(150,)
Stats for normIMO: -4.073890686035156, 4.491649627685547, 0.011581827886402607, 0.652813732624054
Stats for shortIMO: -2.3156585693359375. 4.189617156982422, 0.025181030854582787, 0.39885616302490234
For Sampled Data: m=0.9991152840485377, b=-0.04319741419878653, r=0.9998454991938557,r^2=0.9996910222582105, Se=0.00030507353731625117
For Stride Data: m=0.9999893631639036, b=-0.025557117331629797, r=0.9999422717682855,r^2=0.9998845468691198, Se=0.00018663003744972146
(208,)
(208,)
(200,)
(200,)
Stats for normIMO: -3.832063674926758, 4.882213592529297, -0.03907460719347, 0.5683379769325256
Stats for shortIMO: -3.5915069580078125. 3.687774658203125, 0.015185011550784111, 0.33171090483665466
For Sampled Data: m=0.9997821817414643, b=0.03129004396975432, r=0.9998827743119681,r^2=0.9997655623657983, Se=0.00026590604135384477
For Stride Data: m=0.9998004308448262, b=-0.022318064432987228, r=0.9999600759414425,r^2=0.9999201534768155, Se=0.00015517326470247434
(11,)
(11,)
(10,)
(10,)
Stats for normIMO: -5.3770599365234375, 39.68724060058594, 3.436414957046509, 8.808847427368164
Stats for shortIMO: -21.357572555541992. 8.703819274902344, 0.2768509089946747, 3.1784610748291016
For Sampled Data: m=0.71238933756977, b=-22.908724022259577, r=0.9635725254124773,r^2=0.9284720117297792, Se=0.003484520884560502
For Stride Data: m=0.9668936676587604, b=-2.518269192322549, r=0.9921961641369581,r^2=0.9844532281280935, Se=0.0021412794515572762
(51,)
(51,)
(50,)
(50,)
Stats for normIMO: -26.056570053100586, 3.756664276123047, -0.38033410906791687, 2.8848824501037598
Stats for shortIMO: -6.1067352294921875. 13.0362548828125, 0.15217635035514832, 1.648705005645752
For Sampled Data: m=1.0229379231673041, b=1.9333229557956457, r=0.994061678838797,r^2=0.9881586213358077, Se=0.001973372837920794
For Stride Data: m=0.9821562663229159, b=-1.360262781329837, r=0.9979594093951489,r^2=0.9959229828003144, Se=0.0011074166542239334
(101,)
(101,)
(100,)
(100,)
(11,)
(11,)
(10,)
(10,)
Stats for normIMO: -17.086170196533203, 88.8167495727539, 6.238737106323242, 16.507875442504883
Stats for shortIMO: -26.85306167602539. 17.713476181030273, 0.9203935861587524, 5.482958793640137
For Sampled Data: m=0.7775222081252227, b=-16.72926147349318, r=0.8682539886256374,r^2=0.7538649887643285, Se=0.007781152237664219
For Stride Data: m=0.9691222487103639, b=-2.376378329612102, r=0.9862954136041405,r^2=0.9727786428965626, Se=0.0028393415436719855
(51,)
(51,)
(50,)
(50,)
Stats for normIMO: -26.336454391479492, 11.502325057983398, -0.32011595368385315, 3.7970399856567383
Stats for shortIMO: -18.604646682739258. 14.744378089904785, -0.1619846671819687, 2.0165798664093018
For Sampled Data: m=0.9989848865886334, b=0.27225214911083384, r=0.9935200762788648,r^2=0.9870821419691614, Se=0.0020015605106629593
For Stride Data: m=1.0012424325775309, b=0.22057192218382227, r=0.9981683401541358,r^2=0.9963400352860625, Se=0.0010628331825932957
(102,)
(102,)
(100,)
(100,)
Stats for normIMO: -18.028879165649414, 12.571456909179688, -0.038896843791007996, 1.7851908206939697
Stats for shortIMO: -23.8198299407959. 7.017870903015137, -0.08011867105960846, 1.6298656463623047
For Sampled Data: m=0.9938504593960273, b=-0.25107559583219796, r=0.9985607651203775,r^2=0.9971236016377937, Se=0.0009348937602080751
For Stride Data: m=1.0005961010924116, b=0.10822813463938985, r=0.9988004760242073,r^2=0.9976023909061831, Se=0.0008591331052593083
(156,)
(156,)
(150,)
(150,)
Stats for normIMO: nan, nan, nan, nan
Stats for shortIMO: -20.884151458740234. 13.416369438171387, 0.00964250136166811, 1.1858775615692139
For Sampled Data: m=nan, b=nan, r=nan,r^2=nan, Se=nan
For Stride Data: m=0.9980177893330708, b=-0.10311104404611626, r=0.999363034995382,r^2=0.9987264757151811, Se=0.0006241799534311201
(204,)
(204,)
(200,)
(200,)
Stats for normIMO: -20.820009231567383, 9.720724105834961, -0.08600427955389023, 1.5687580108642578
Stats for shortIMO: -16.340702056884766. 5.628255367279053, -0.025586746633052826, 0.8123916983604431
For Sampled Data: m=0.994907699979481, b=-0.15411185414403406, r=0.9988887543436104,r^2=0.9977787435541295, Se=0.0008221597638382409
For Stride Data: m=0.9998459689975543, b=0.018325941327447026, r=0.9997011028850318,r^2=0.9994022951095489, Se=0.00042825015951517323
(11,)
(11,)
(10,)
(10,)
Stats for normIMO: -13.579658508300781, 10.433845520019531, 0.15968306362628937, 3.6857807636260986
Stats for shortIMO: -14.357547760009766. 8.236394882202148, -0.45416802167892456, 2.7656664848327637
For Sampled Data: m=0.9962883234162915, b=-0.37570307656221047, r=0.9926632690078123,r^2=0.9853803656372764, Se=0.0021303158230352114
For Stride Data: m=0.982021760151193, b=-0.5921646489154, r=0.995890000645031,r^2=0.9917968933847597, Se=0.0015678032734532373
(51,)
(51,)
(50,)
(50,)
Stats for normIMO: -13.987194061279297, 81.09833526611328, 2.1360316276550293, 11.989862442016602
Stats for shortIMO: -3.4202117919921875. 8.402122497558594, 0.22242680191993713, 1.0153958797454834
For Sampled Data: m=0.8281510361678502, b=-12.137654386117333, r=0.9188724461427884,r^2=0.8443265722804316, Se=0.006242437665478888
For Stride Data: m=0.9902646547755842, b=-0.7890213585657762, r=0.999478322075544,r^2=0.9989569162989449, Se=0.0005617332460037995
(102,)
(102,)
(100,)
(100,)
Stats for normIMO: -7.101388931274414, 2.965686798095703, -0.20038631558418274, 1.190760850906372
Stats for shortIMO: -2.7259254455566406. 4.751899719238281, 0.018337760120630264, 0.5928816199302673
For Sampled Data: m=1.010292510009742, b=0.7994146984734769, r=0.9992989735284884,r^2=0.9985984384950906, Se=0.0006644318182956959
For Stride Data: m=0.9984356214228891, b=-0.10937656812769347, r=0.9998099813823661,r^2=0.9996199988718072, Se=0.00034173360760588075
(155,)
(155,)
(150,)
(150,)
Stats for normIMO: -8.079814910888672, 6.1969146728515625, -0.016583839431405067, 0.9321634769439697
Stats for shortIMO: -3.2703933715820312. 4.108234405517578, -0.015998324379324913, 0.4391464591026306
For Sampled Data: m=0.9983222137818015, b=-0.08106097707294424, r=0.9995287440626116,r^2=0.9990577102073818, Se=0.0005382206291852501
For Stride Data: m=1.0005209298280329, b=0.04631699447758564, r=0.9998956350456087,r^2=0.9997912809832612, Se=0.0002537728546683223
(203,)
(203,)
(200,)
(200,)
Stats for normIMO: -5.383529186248779, 7.359405517578125, 0.04978650063276291, 0.9073800444602966
Stats for shortIMO: -2.2170257568359375. 4.912494659423828, 0.007397480309009552, 0.40227001905441284
For Sampled Data: m=0.9994269365480554, b=-0.08313413419200799, r=0.999553269744278,r^2=0.9991067390564775, Se=0.0005245983598016588
For Stride Data: m=0.9995263180514375, b=-0.03496120740062025, r=0.9999122485812764,r^2=0.9998245048628642, Se=0.00023246498056517158
(11,)
(11,)
(10,)
(10,)
Stats for normIMO: -10.70559310913086, 15.98004150390625, 3.880164623260498, 5.065758228302002
Stats for shortIMO: -19.572265625. 5.27001953125, -0.6944994926452637, 2.7429962158203125
For Sampled Data: m=0.9666471412427297, b=-5.072054719895384, r=0.9907585740717323,r^2=0.9816025520966523, Se=0.002298461089470037
For Stride Data: m=1.001956277598519, b=0.7644090282556562, r=0.9972931336174832,r^2=0.9945935943605791, Se=0.0012830349567556193
(51,)
(51,)
(50,)
(50,)
Stats for normIMO: -18.342342376708984, 3.478634834289551, -0.5288090705871582, 2.2129361629486084
Stats for shortIMO: -9.09598159790039. 9.087361335754395, -0.06305166333913803, 0.9587239027023315
For Sampled Data: m=0.9990970726537799, b=0.4965418024916133, r=0.9982247907080207,r^2=0.9964527327840718, Se=0.001035343643327683
For Stride Data: m=1.0004847130916843, b=0.08037090514211087, r=0.9996670487353795,r^2=0.9993342083273036, Se=0.000448520702098014
(101,)
(101,)
(100,)
(100,)
Stats for normIMO: -12.016403198242188, 3.7693653106689453, -0.0841156542301178, 1.4253093004226685
Stats for shortIMO: -7.26324462890625. 3.4568700790405273, -0.05621529743075371, 0.581229567527771
For Sampled Data: m=0.9995472875533069, b=0.06793605320987695, r=0.9992630206499198,r^2=0.998526584438402, Se=0.0006668749264169432
For Stride Data: m=1.0001752086478144, b=0.06247459237969366, r=0.9998774837963931,r^2=0.9997549826030063, Se=0.000271948076475543
(151,)
(151,)
(150,)
(150,)
Stats for normIMO: -6.514087677001953, 8.628464698791504, 0.03579273074865341, 0.7780683636665344
Stats for shortIMO: -2.3156585693359375. 4.189617156982422, 0.025181030854582787, 0.39885616302490234
For Sampled Data: m=0.9976053377835123, b=-0.12136836892359071, r=0.9997822012823722,r^2=0.9995644500010257, Se=0.00036168508962368384
For Stride Data: m=0.9999893631639036, b=-0.025557117331629797, r=0.9999422717682855,r^2=0.9998845468691198, Se=0.00018663003744972146
(208,)
(208,)
(200,)
(200,)
Stats for normIMO: -2.6873703002929688, 6.651352882385254, 0.027602989226579666, 0.5190243124961853
Stats for shortIMO: -3.5915069580078125. 3.687774658203125, 0.015185011550784111, 0.33171090483665466
For Sampled Data: m=0.9994281601018702, b=-0.04803828043917946, r=0.9999023063970367,r^2=0.9998046223381135, Se=0.0002426552542323636
For Stride Data: m=0.9998004308448262, b=-0.022318064432987228, r=0.9999600759414425,r^2=0.9999201534768155, Se=0.00015517326470247434
(11,)
(11,)
(10,)
(10,)
Stats for normIMO: -24.222068786621094, 6.765415191650391, -0.8465900421142578, 3.225802183151245
Stats for shortIMO: -21.357572555541992. 8.703819274902344, 0.2768509089946747, 3.1784610748291016
For Sampled Data: m=0.9763320545401065, b=-0.7558194586778484, r=0.9918263607180691,r^2=0.9837195298152492, Se=0.0022134383851549625
For Stride Data: m=0.9668936676587604, b=-2.518269192322549, r=0.9921961641369581,r^2=0.9844532281280935, Se=0.0021412794515572762
(51,)
(51,)
(50,)
(50,)
Stats for normIMO: -26.000097274780273, 6.070110321044922, -0.3210183382034302, 3.066434144973755
Stats for shortIMO: -6.1067352294921875. 13.0362548828125, 0.15217635035514832, 1.648705005645752
For Sampled Data: m=1.015413099284969, b=1.3645459582578496, r=0.9930302746917291,r^2=0.986109126454331, Se=0.002123817111767101
For Stride Data: m=0.9821562663229159, b=-1.360262781329837, r=0.9979594093951489,r^2=0.9959229828003144, Se=0.0011074166542239334
(101,)
(101,)
Stats for normIMO: nan, nan, nan, nan
Stats for shortIMO: -11.055622100830078. 7.822780609130859, -0.057243768125772476, 1.0772552490234375
For Sampled Data: m=nan, b=nan, r=nan,r^2=nan, Se=nan
For Stride Data: m=1.0016559413131343, b=0.16935670905481004, r=0.9990946954586265,r^2=0.9981902104935656, Se=0.0007516194590702286
(154,)
(154,)
(150,)
(150,)
Stats for normIMO: -9.59269905090332, 16.1158504486084, 0.014937279745936394, 1.70762300491333
Stats for shortIMO: -9.238601684570312. 12.731828689575195, -0.011516571044921875, 0.9772756099700928
For Sampled Data: m=0.982697691073848, b=-1.186368770974795, r=0.997792146945932,r^2=0.9955891685069723, Se=0.0011526890076639042
For Stride Data: m=0.9980865497437451, b=-0.118034915016338, r=0.9992501298650531,r^2=0.9985008220353255, Se=0.000681542038549849
(202,)
(202,)
(200,)
(200,)
Stats for normIMO: nan, nan, nan, nan
Stats for shortIMO: -4.75206184387207. 10.63581657409668, 0.025660846382379532, 0.6448012590408325
For Sampled Data: m=nan, b=nan, r=nan,r^2=nan, Se=nan
For Stride Data: m=0.9971537672862721, b=-0.2183581533476513, r=0.9996760101588426,r^2=0.9993521252871023, Se=0.00044742520218824585
(100,)
(100,)
Stats for normIMO: -4.620025634765625, 15.089244842529297, -0.020781511440873146, 1.6180404424667358
Stats for shortIMO: -11.055622100830078. 7.822780609130859, -0.057243768125772476, 1.0772552490234375
For Sampled Data: m=0.9825479305502103, b=-1.1607872880676382, r=0.9980348744865631,r^2=0.9960736106914099, Se=0.001087118212376108
For Stride Data: m=1.0016559413131343, b=0.16935670905481004, r=0.9990946954586265,r^2=0.9981902104935656, Se=0.0007516194590702286
(154,)
(154,)
(150,)
(150,)
Stats for normIMO: -15.417688369750977, 8.965791702270508, -0.06983631104230881, 1.4900590181350708
Stats for shortIMO: -9.238601684570312. 12.731828689575195, -0.011516571044921875, 0.9772756099700928
For Sampled Data: m=1.0007644600502048, b=0.12159625513550054, r=0.9982646879232244,r^2=0.9965323871544527, Se=0.0010403357690716335
For Stride Data: m=0.9980865497437451, b=-0.118034915016338, r=0.9992501298650531,r^2=0.9985008220353255, Se=0.000681542038549849
(202,)
(202,)
(200,)
(200,)
Stats for normIMO: -7.3295745849609375, 11.38602066040039, 0.012732107192277908, 0.919678270816803
Stats for shortIMO: -4.75206184387207. 10.63581657409668, 0.025660846382379532, 0.6448012590408325
For Sampled Data: m=0.9943870057528628, b=-0.39274633582115825, r=0.9993451462815801,r^2=0.9986907213965528, Se=0.0006344947492501055
For Stride Data: m=0.9971537672862721, b=-0.2183581533476513, r=0.9996760101588426,r^2=0.9993521252871023, Se=0.00044742520218824585
