(11,)
(11,)
(10,)
(10,)
Stats for normIMO: -5.967214584350586, 9.314788818359375, 0.8983920216560364, 2.068485975265503
Stats for shortIMO: -5.010734558105469. 2.0053529739379883, -0.47436490654945374, 1.2427518367767334
For Sampled Data: m=0.9957337490715509, b=-1.0353918660623016, r=0.997627462639345,r^2=0.9952605542122177, Se=0.001203454877111233
For Stride Data: m=0.978472604296506, b=-0.21693406493432832, r=0.999349178988493,r^2=0.9986987815449749, Se=0.0006185826256487351
(51,)
(51,)
(50,)
(50,)
Stats for normIMO: -1.9742240905761719, 6.67333984375, 0.08820133656263351, 0.9078437685966492
Stats for shortIMO: -3.2897491455078125. 2.0926132202148438, -0.002692537847906351, 0.4240811765193939
For Sampled Data: m=1.003758089771348, b=0.03247836809918425, r=0.9995542247296411,r^2=0.9991086481748738, Se=0.0005250957199834167
For Stride Data: m=1.0020525213420373, b=0.06860484459723182, r=0.9999029077330147,r^2=0.9998058248929377, Se=0.0002445798252860981
(102,)
(102,)
(100,)
(100,)
Stats for normIMO: -1.3272514343261719, 8.375663757324219, 0.1519809514284134, 0.9653275012969971
Stats for shortIMO: -2.8879966735839844. 0.7190628051757812, -0.011375567875802517, 0.23661813139915466
For Sampled Data: m=1.0027056436640203, b=-0.065100085148309, r=0.999490677564379,r^2=0.9989816145381015, Se=0.0005607147840088752
For Stride Data: m=0.9998044631495345, b=0.0050924281283002415, r=0.9999689979100683,r^2=0.9999379967812663, Se=0.00013788812083784488
(156,)
(156,)
(150,)
(150,)
Stats for normIMO: -2.6037979125976562, 4.334239959716797, -0.024287937209010124, 0.42551782727241516
Stats for shortIMO: -2.7279129028320312. 0.791473388671875, -0.012347045354545116, 0.19006720185279846
For Sampled Data: m=0.9979908969012281, b=-0.04022922087745684, r=0.9999013488744938,r^2=0.9998027074810322, Se=0.0002455364285537577
For Stride Data: m=1.000015031833154, b=0.012827070655667683, r=0.9999799922223274,r^2=0.9999599848449658, Se=0.00011079461927190216
(204,)
(204,)
(200,)
(200,)
Stats for normIMO: -0.6449966430664062, 5.707693099975586, 0.020429838448762894, 0.22788697481155396
Stats for shortIMO: -2.5485916137695312. 0.8949947357177734, -0.0010251993080601096, 0.1575177013874054
For Sampled Data: m=0.9991251982432542, b=-0.04852362267180865, r=0.9999715699452933,r^2=0.9999431406988547, Se=0.00013195450384274746
For Stride Data: m=1.0002601469296368, b=0.009376316870493895, r=0.9999862985587037,r^2=0.9999725973051369, Se=9.17079010092447e-05
(11,)
(11,)
(10,)
(10,)
Stats for normIMO: -7.9775848388671875, 2.8940181732177734, -0.2676898241043091, 1.9928559064865112
Stats for shortIMO: -3.463489532470703. 2.7747650146484375, -0.07900206744670868, 1.14175283908844
For Sampled Data: m=0.9669044366273727, b=-0.91538383593128, r=0.9961290233543226,r^2=0.9922730311688366, Se=0.0014978391873835485
For Stride Data: m=0.9937206595117436, b=-0.1454662444233108, r=0.9986307578777371,r^2=0.9972633905794637, Se=0.0009138153290205697
(51,)
(51,)
(50,)
(50,)
Stats for normIMO: -1.4593467712402344, 2.0532875061035156, 0.1296701282262802, 0.4906270503997803
Stats for shortIMO: -1.03125. 1.6000022888183594, 0.007254586089402437, 0.2987063229084015
For Sampled Data: m=1.0036286371376244, b=4.048880062157423e-05, r=0.9997546334552986,r^2=0.9995093271153385, Se=0.0003903626864084824
For Stride Data: m=1.0020170154004715, b=0.0648470295004131, r=0.9999083320465304,r^2=0.9998166724960745, Se=0.00023818881909356244
(102,)
(102,)
(100,)
(100,)
Stats for normIMO: -1.3387603759765625, 1.3525352478027344, -0.0026043797843158245, 0.274787575006485
Stats for shortIMO: -0.755218505859375. 0.5994720458984375, 0.006585965398699045, 0.1704375296831131
For Sampled Data: m=0.9995203178494566, b=-0.014545653774021616, r=0.9999204275994622,r^2=0.9998408615306913, Se=0.0002213637093512195
For Stride Data: m=1.0008324478969932, b=0.023169670715994073, r=0.9999697671683241,r^2=0.9999395352506723, Se=0.00013662125960751733
(155,)
(155,)
(150,)
(150,)
Stats for normIMO: -1.38763427734375, 0.8816070556640625, -0.016098832711577415, 0.24552425742149353
Stats for shortIMO: -0.5070610046386719. 0.532501220703125, -0.0019463009666651487, 0.1148722767829895
For Sampled Data: m=0.9996483679397621, b=0.003528172945237884, r=0.9999364578951638,r^2=0.9998729198279267, Se=0.00019783649295186873
For Stride Data: m=1.0001100482202792, b=0.005883222265836707, r=0.9999860950918477,r^2=0.9999721903770418, Se=9.258572450658222e-05
(203,)
(203,)
(200,)
(200,)
Stats for normIMO: -0.6026878356933594, 1.1300010681152344, 0.007691233418881893, 0.16874650120735168
Stats for shortIMO: -0.4909038543701172. 0.4799995422363281, -0.002134778071194887, 0.08988530933856964
For Sampled Data: m=1.0011532858047196, b=0.03353626905012419, r=0.9999707076938718,r^2=0.9999414162457827, Se=0.0001345223816624224
For Stride Data: m=1.0004923642389076, b=0.01973304179458779, r=0.9999916101858611,r^2=0.9999832204421113, Se=7.194495220716761e-05
(11,)
(11,)
(10,)
(10,)
Stats for normIMO: -9.453208923339844, 2.719423294067383, -0.4209039807319641, 2.506420373916626
Stats for shortIMO: -4.947357177734375. 1.3995513916015625, -0.07314356416463852, 1.0842361450195312
For Sampled Data: m=0.9578123950877349, b=-0.8121275838671238, r=0.9982890152781363,r^2=0.996580958024991, Se=0.0009743940212635143
For Stride Data: m=0.9931370560241629, b=-0.12744072832509445, r=0.9995567681136235,r^2=0.9991137326817521, Se=0.0005137387485209573
(51,)
(51,)
(50,)
(50,)
Stats for normIMO: -1.98388671875, 4.2333831787109375, 0.0649809017777443, 0.6268302202224731
Stats for shortIMO: -1.6032867431640625. 1.1797561645507812, 0.004735863301903009, 0.29543381929397583
For Sampled Data: m=0.9991048677267774, b=-0.0911399869154792, r=0.9998460749928192,r^2=0.9996921736785462, Se=0.000304501221201305
For Stride Data: m=1.0005885275070714, b=0.012467058020401822, r=0.9999659868659089,r^2=0.999931974888711, Se=0.00014333859893666374
(101,)
(101,)
(100,)
(100,)
Stats for normIMO: -1.0573959350585938, 2.3094253540039062, 0.06786923855543137, 0.3099920153617859
Stats for shortIMO: -1.1583518981933594. 1.1223831176757812, 0.002946391236037016, 0.1801915317773819
For Sampled Data: m=1.0011886585032126, b=-0.033124037855287725, r=0.9999631116918147,r^2=0.9999262247443768, Se=0.00014936386293246486
For Stride Data: m=1.0004089177017295, b=0.009006633036772627, r=0.9999873611743477,r^2=0.9999747225084353, Se=8.735912272094761e-05
(151,)
(151,)
(150,)
(150,)
Stats for normIMO: -1.2544174194335938, 0.8566970825195312, -0.016187692061066628, 0.21938548982143402
Stats for shortIMO: -1.0687084197998047. 0.9521408081054688, -0.009865271858870983, 0.13533681631088257
For Sampled Data: m=0.9986957679261428, b=-0.02192966743976399, r=0.9999819292738893,r^2=0.9999638588743297, Se=0.00010427978541868927
For Stride Data: m=1.0003734835526155, b=0.02078455500074483, r=0.9999928923218601,r^2=0.9999857846942392, Se=6.550909424919723e-05
(208,)
(208,)
(200,)
(200,)
Stats for normIMO: -0.7975006103515625, 1.5859966278076172, 0.0048762778751552105, 0.17642858624458313
Stats for shortIMO: -1.0246620178222656. 0.930908203125, -0.00031354205566458404, 0.11122913658618927
For Sampled Data: m=0.9995619570393645, b=-0.017676109114297844, r=0.9999878787861414,r^2=0.9999757577192065, Se=8.54791028097024e-05
For Stride Data: m=1.0002339044392552, b=0.00715111859976858, r=0.9999951778838847,r^2=0.9999903557910222, Se=5.3950466660087306e-05
(11,)
(11,)
(10,)
(10,)
Stats for normIMO: -15.244844436645508, 11.581637382507324, 1.0018820762634277, 4.11185884475708
Stats for shortIMO: -4.272617340087891. 7.3640289306640625, 0.6180453896522522, 1.7711793184280396
For Sampled Data: m=0.922690759214665, b=-4.138171405285888, r=0.979131802500084,r^2=0.9586990866670636, Se=0.003374946606097034
For Stride Data: m=0.9468602042153942, b=-2.773828750668507, r=0.9971732036456842,r^2=0.9943543980689972, Se=0.0012573102469693443
(51,)
(51,)
(50,)
(50,)
Stats for normIMO: -6.416515350341797, 1.4634284973144531, -0.5647295117378235, 1.3314982652664185
Stats for shortIMO: -2.5731124877929688. 5.43304443359375, 0.0353955402970314, 0.7391049265861511
(11,)
(11,)
(10,)
(10,)
Stats for normIMO: -5.026166915893555, 9.250953674316406, 0.774609386920929, 1.4403467178344727
Stats for shortIMO: -5.010734558105469. 2.0053529739379883, -0.47436490654945374, 1.2427518367767334
For Sampled Data: m=1.0097828737716843, b=-0.46045571234405713, r=0.9989217611377815,r^2=0.9978446848746071, Se=0.0008219456753780931
For Stride Data: m=0.978472604296506, b=-0.21693406493432832, r=0.999349178988493,r^2=0.9986987815449749, Se=0.0006185826256487351
(51,)
(51,)
(50,)
(50,)
Stats for normIMO: -3.149219512939453, 1.2659988403320312, -0.03190314397215843, 0.55845707654953
Stats for shortIMO: -3.2897491455078125. 2.0926132202148438, -0.002692537847906351, 0.4240811765193939
For Sampled Data: m=0.9984262928626703, b=-0.018633416046597517, r=0.9998280017007322,r^2=0.9996560329848793, Se=0.00032436972489729716
For Stride Data: m=1.0020525213420373, b=0.06860484459723182, r=0.9999029077330147,r^2=0.9998058248929377, Se=0.0002445798252860981
(102,)
(102,)
(100,)
(100,)
Stats for normIMO: -0.9910430908203125, 3.076559066772461, 0.009151458740234375, 0.32737138867378235
Stats for shortIMO: -2.8879966735839844. 0.7190628051757812, -0.011375567875802517, 0.23661813139915466
For Sampled Data: m=0.9996414320824841, b=-0.020665984396174508, r=0.9999406669411522,r^2=0.9998813374027163, Se=0.0001907296192146917
For Stride Data: m=0.9998044631495345, b=0.0050924281283002415, r=0.9999689979100683,r^2=0.9999379967812663, Se=0.00013788812083784488
(156,)
(156,)
(150,)
(150,)
Stats for normIMO: -1.0229034423828125, 2.7099990844726562, 0.001528555410914123, 0.24558785557746887
Stats for shortIMO: -2.7279129028320312. 0.791473388671875, -0.012347045354545116, 0.19006720185279846
For Sampled Data: m=0.9996000951105201, b=-0.01437165431699583, r=0.9999666487835125,r^2=0.9999332986793287, Se=0.00014298786766387832
For Stride Data: m=1.000015031833154, b=0.012827070655667683, r=0.9999799922223274,r^2=0.9999599848449658, Se=0.00011079461927190216
(204,)
(204,)
(200,)
(200,)
Stats for normIMO: -1.3458328247070312, 5.046689033508301, -0.02417045086622238, 0.22372423112392426
Stats for shortIMO: -2.5485916137695312. 0.8949947357177734, -0.0010251993080601096, 0.1575177013874054
For Sampled Data: m=0.9994774357604769, b=0.007389058197752263, r=0.9999723858982922,r^2=0.999944772559123, Se=0.0001300929154012095
For Stride Data: m=1.0002601469296368, b=0.009376316870493895, r=0.9999862985587037,r^2=0.9999725973051369, Se=9.17079010092447e-05
(11,)
(11,)
(10,)
(10,)
Stats for normIMO: -8.649261474609375, 3.269876480102539, -0.8667624592781067, 1.9985538721084595
Stats for shortIMO: -3.463489532470703. 2.7747650146484375, -0.07900206744670868, 1.14175283908844
For Sampled Data: m=0.9585157743004278, b=-0.6161832352800332, r=0.9963721914326422,r^2=0.9927575438602858, Se=0.0014371869095758378
For Stride Data: m=0.9937206595117436, b=-0.1454662444233108, r=0.9986307578777371,r^2=0.9972633905794637, Se=0.0009138153290205697
(51,)
(51,)
(50,)
(50,)
Stats for normIMO: -1.5808372497558594, 2.8528900146484375, 0.01597668044269085, 0.4633629024028778
Stats for shortIMO: -1.03125. 1.6000022888183594, 0.007254586089402437, 0.2987063229084015
For Sampled Data: m=0.9913514723804063, b=-0.3251363018535187, r=0.9998077432529662,r^2=0.9996155234685892, Se=0.00034130191667112666
For Stride Data: m=1.0020170154004715, b=0.0648470295004131, r=0.9999083320465304,r^2=0.9998166724960745, Se=0.00023818881909356244
(102,)
(102,)
(100,)
(100,)
Stats for normIMO: -1.5582504272460938, 2.5126638412475586, -0.015568050555884838, 0.35349705815315247
Stats for shortIMO: -0.755218505859375. 0.5994720458984375, 0.006585965398699045, 0.1704375296831131
For Sampled Data: m=0.9997443076780065, b=0.0064236890463647, r=0.9998682254824568,r^2=0.9997364683294371, Se=0.0002849411873850588
For Stride Data: m=1.0008324478969932, b=0.023169670715994073, r=0.9999697671683241,r^2=0.9999395352506723, Se=0.00013662125960751733
(155,)
(155,)
(150,)
(150,)
Stats for normIMO: -1.1344337463378906, 1.202944278717041, -0.009288934990763664, 0.2706213891506195
Stats for shortIMO: -0.5070610046386719. 0.532501220703125, -0.0019463009666651487, 0.1148722767829895
For Sampled Data: m=0.996312538879355, b=-0.12252749577620392, r=0.9999290593844719,r^2=0.9998581238015146, Se=0.00020834056007298048
For Stride Data: m=1.0001100482202792, b=0.005883222265836707, r=0.9999860950918477,r^2=0.9999721903770418, Se=9.258572450658222e-05
(203,)
(203,)
(200,)
(200,)
Stats for normIMO: -1.2606468200683594, 0.9409637451171875, 0.0004442913632374257, 0.19318199157714844
Stats for shortIMO: -0.4909038543701172. 0.4799995422363281, -0.002134778071194887, 0.08988530933856964
For Sampled Data: m=1.0000039060977308, b=-0.00030668765733565806, r=0.9999606508318503,r^2=0.9999213032120575, Se=0.00015573633090523275
For Stride Data: m=1.0004923642389076, b=0.01973304179458779, r=0.9999916101858611,r^2=0.9999832204421113, Se=7.194495220716761e-05
(11,)
(11,)
(10,)
(10,)
Stats for normIMO: -4.009605407714844, 10.987838745117188, 0.9510207176208496, 2.5314626693725586
Stats for shortIMO: -4.947357177734375. 1.3995513916015625, -0.07314356416463852, 1.0842361450195312
For Sampled Data: m=1.0105339585525221, b=-0.6431396313178546, r=0.9976020292724043,r^2=0.9952098088084189, Se=0.0012176661858958643
For Stride Data: m=0.9931370560241629, b=-0.12744072832509445, r=0.9995567681136235,r^2=0.9991137326817521, Se=0.0005137387485209573
(51,)
(51,)
(50,)
(50,)
Stats for normIMO: -1.6768276691436768, 1.7711410522460938, 0.08115635812282562, 0.323847234249115
Stats for shortIMO: -1.6032867431640625. 1.1797561645507812, 0.004735863301903009, 0.29543381929397583
For Sampled Data: m=1.001835519404868, b=-0.027506508121668105, r=0.9999607027913723,r^2=0.9999214071270152, Se=0.00015426354531504545
For Stride Data: m=1.0005885275070714, b=0.012467058020401822, r=0.9999659868659089,r^2=0.999931974888711, Se=0.00014333859893666374
(101,)
(101,)
(100,)
(100,)
Stats for normIMO: -1.5014877319335938, 1.2540054321289062, -0.036713749170303345, 0.2810651659965515
Stats for shortIMO: -1.1583518981933594. 1.1223831176757812, 0.002946391236037016, 0.1801915317773819
For Sampled Data: m=1.0000784547756172, b=0.039009486086929, r=0.9999690297299427,r^2=0.9999380604190431, Se=0.0001367067273089333
For Stride Data: m=1.0004089177017295, b=0.009006633036772627, r=0.9999873611743477,r^2=0.9999747225084353, Se=8.735912272094761e-05
(151,)
(151,)
(150,)
(150,)
Stats for normIMO: -0.9457615613937378, 1.4915885925292969, 0.003746464615687728, 0.18121227622032166
Stats for shortIMO: -1.0687084197998047. 0.9521408081054688, -0.009865271858870983, 0.13533681631088257
For Sampled Data: m=0.9998245391943333, b=-0.008874286465246684, r=0.999987133447234,r^2=0.9999742670600161, Se=8.809115753731075e-05
For Stride Data: m=1.0003734835526155, b=0.02078455500074483, r=0.9999928923218601,r^2=0.9999857846942392, Se=6.550909424919723e-05
(208,)
(208,)
(200,)
(200,)
Stats for normIMO: -0.986666202545166, 1.368927001953125, 0.02452932670712471, 0.1867550015449524
Stats for shortIMO: -1.0246620178222656. 0.930908203125, -0.00031354205566458404, 0.11122913658618927
For Sampled Data: m=1.0006622465890864, b=-0.005172792943085369, r=0.9999865598582068,r^2=0.9999731198970511, Se=9.010876747073308e-05
For Stride Data: m=1.0002339044392552, b=0.00715111859976858, r=0.9999951778838847,r^2=0.9999903557910222, Se=5.3950466660087306e-05
(11,)
(11,)
(10,)
(10,)
Stats for normIMO: -7.321544647216797, 4.866670608520508, 0.13808798789978027, 2.231832981109619
Stats for shortIMO: -4.272617340087891. 7.3640289306640625, 0.6180453896522522, 1.7711793184280396
For Sampled Data: m=0.9570874870276993, b=-1.878970011591825, r=0.9941969673961945,r^2=0.9884276099797897, Se=0.0018249997084914089
For Stride Data: m=0.9468602042153942, b=-2.773828750668507, r=0.9971732036456842,r^2=0.9943543980689972, Se=0.0012573102469693443
(51,)
(51,)
(50,)
(50,)
Stats for normIMO: -7.281330108642578, 2.424213409423828, -0.002058548852801323, 0.8440267443656921
Stats for shortIMO: -2.5731124877929688. 5.43304443359375, 0.0353955402970314, 0.7391049265861511
For Sampled Data: m=0.9985317656888039, b=0.5051643460850173, r=0.9977657200734101,r^2=0.9955364321536107, Se=0.00117827439677298
For Stride Data: m=0.9888378658694078, b=-0.48822666591462394, r=0.9993596190935139,r^2=0.9987196482747331, Se=0.0006239359380861057
(101,)
(101,)
(100,)
(100,)
Stats for normIMO: -6.737937927246094, 1.4850692749023438, -0.0128933759406209, 0.486483633518219
Stats for shortIMO: -1.3792304992675781. 3.8336267471313477, 0.013601137325167656, 0.3935357332229614
For Sampled Data: m=1.0017506784229413, b=0.08391151259937146, r=0.9997041740801942,r^2=0.9994084356733632, Se=0.00042949804593111877
For Stride Data: m=0.995909421785721, b=-0.1795500871738227, r=0.9998115296789392,r^2=0.9996230948789402, Se=0.0003407923079156681
(154,)
(154,)
(150,)
(150,)
Stats for normIMO: -1.8586935997009277, 2.869924545288086, 0.004967608489096165, 0.41845929622650146
Stats for shortIMO: -0.8035316467285156. 3.1037025451660156, 0.03464537858963013, 0.27140140533447266
For Sampled Data: m=1.0021021143307387, b=0.08031199235716713, r=0.9997823185116941,r^2=0.9995646844086186, Se=0.0003685366653568302
For Stride Data: m=0.9989149929145624, b=-0.07866554220710498, r=0.9999074889469214,r^2=0.9998149864521377, Se=0.0002394652724086862
(202,)
(202,)
(200,)
(200,)
Stats for normIMO: -1.6724967956542969, 1.7199974060058594, 0.012781909666955471, 0.3192743957042694
Stats for shortIMO: -1.0034370422363281. 2.62374210357666, 0.0038580915424972773, 0.21059677004814148
For Sampled Data: m=0.9997518065132825, b=-0.022851782092068618, r=0.9998714112803754,r^2=0.9997428390958095, Se=0.00028256774300112293
For Stride Data: m=0.9988187901309645, b=-0.05177988215028506, r=0.9999446278918861,r^2=0.9998892588498426, Se=0.00018524109151470662
For Sampled Data: m=0.9899323132315266, b=-0.40637053268390133, r=0.999135880975191,r^2=0.9982725086520711, Se=0.0007257063941366693
For Stride Data: m=0.9888378658694078, b=-0.48822666591462394, r=0.9993596190935139,r^2=0.9987196482747331, Se=0.0006239359380861057
(101,)
(101,)
(100,)
(100,)
Stats for normIMO: -2.4851388931274414, 2.141986846923828, 0.02298339270055294, 0.43045035004615784
Stats for shortIMO: -1.3792304992675781. 3.8336267471313477, 0.013601137325167656, 0.3935357332229614
For Sampled Data: m=0.9975342975527336, b=-0.12301234857478249, r=0.9997682601679433,r^2=0.9995365740392363, Se=0.0003785216593822423
For Stride Data: m=0.995909421785721, b=-0.1795500871738227, r=0.9998115296789392,r^2=0.9996230948789402, Se=0.0003407923079156681
(154,)
(154,)
(150,)
(150,)
Stats for normIMO: -4.427987098693848, 2.1625232696533203, 0.018584219738841057, 0.3956339955329895
Stats for shortIMO: -0.8035316467285156. 3.1037025451660156, 0.03464537858963013, 0.27140140533447266
For Sampled Data: m=0.9971395536953983, b=-0.1346280003558462, r=0.9998055973368063,r^2=0.999611232466008, Se=0.00034654324605154567
For Stride Data: m=0.9989149929145624, b=-0.07866554220710498, r=0.9999074889469214,r^2=0.9998149864521377, Se=0.0002394652724086862
(202,)
(202,)
(200,)
(200,)
Stats for normIMO: -1.733642578125, 2.62374210357666, 0.050040170550346375, 0.31327876448631287
Stats for shortIMO: -1.0034370422363281. 2.62374210357666, 0.0038580915424972773, 0.21059677004814148
For Sampled Data: m=0.9989126551876392, b=-0.09415268275101596, r=0.9998765490322941,r^2=0.9997531133047296, Se=0.0002766317600838337
For Stride Data: m=0.9988187901309645, b=-0.05177988215028506, r=0.9999446278918861,r^2=0.9998892588498426, Se=0.00018524109151470662
