/apps/python-3.9.2/lib/python3.9/site-packages/scipy/interpolate/interpolate.py:623: RuntimeWarning: invalid value encountered in true_divide
  slope = (y_hi - y_lo) / (x_hi - x_lo)[:, None]
(11,)
(11,)
(10,)
(10,)
Stats for normIMO: -5.100841522216797, 7.887027740478516, 1.0894091129302979, 2.856266736984253
Stats for shortIMO: -5.010734558105469. 2.0053529739379883, -0.47436490654945374, 1.2427518367767334
For Sampled Data: m=0.9266837980206094, b=-3.443781966127492, r=0.9978745657682425,r^2=0.9957536490071586, Se=0.0010598752754468793
For Stride Data: m=0.978472604296506, b=-0.21693406493432832, r=0.999349178988493,r^2=0.9986987815449749, Se=0.0006185826256487351
(51,)
(51,)
(50,)
(50,)
Stats for normIMO: -10.965242385864258, 2.4980735778808594, -0.30760458111763, 1.5871559381484985
Stats for shortIMO: -3.2897491455078125. 2.0926132202148438, -0.002692537847906351, 0.4240811765193939
For Sampled Data: m=1.0200322422156574, b=0.9508899630958751, r=0.9988538287875639,r^2=0.997708971283576, Se=0.0008560880350986172
For Stride Data: m=1.0020525213420373, b=0.06860484459723182, r=0.9999029077330147,r^2=0.9998058248929377, Se=0.0002445798252860981
(102,)
(102,)
(100,)
(100,)
Stats for normIMO: -2.816650390625, 6.194889068603516, -0.05937633290886879, 0.4805073142051697
Stats for shortIMO: -2.8879966735839844. 0.7190628051757812, -0.011375567875802517, 0.23661813139915466
For Sampled Data: m=0.994508668885023, b=-0.11696099808108684, r=0.9998859646191998,r^2=0.9997719422424676, Se=0.0002630702428188182
For Stride Data: m=0.9998044631495345, b=0.0050924281283002415, r=0.9999689979100683,r^2=0.9999379967812663, Se=0.00013788812083784488
(156,)
(156,)
(150,)
(150,)
Stats for normIMO: -4.93769645690918, 0.720001220703125, -0.08690124750137329, 0.4938616156578064
Stats for shortIMO: -2.7279129028320312. 0.791473388671875, -0.012347045354545116, 0.19006720185279846
For Sampled Data: m=1.0021405914761832, b=0.15564244221107515, r=0.9998677939061669,r^2=0.999735605290785, Se=0.00028543265273780235
For Stride Data: m=1.000015031833154, b=0.012827070655667683, r=0.9999799922223274,r^2=0.9999599848449658, Se=0.00011079461927190216
(204,)
(204,)
(200,)
(200,)
Stats for normIMO: -0.91278076171875, 2.455707550048828, -0.013663112185895443, 0.18914170563220978
Stats for shortIMO: -2.5485916137695312. 0.8949947357177734, -0.0010251993080601096, 0.1575177013874054
For Sampled Data: m=0.9996805208924642, b=0.0034011461240410767, r=0.999980224278168,r^2=0.9999604489474152, Se=0.00011011336670715486
For Stride Data: m=1.0002601469296368, b=0.009376316870493895, r=0.9999862985587037,r^2=0.9999725973051369, Se=9.17079010092447e-05
(11,)
(11,)
(10,)
(10,)
Stats for normIMO: -6.612209320068359, 1.954477310180664, -0.2901763319969177, 1.63467538356781
Stats for shortIMO: -3.463489532470703. 2.7747650146484375, -0.07900206744670868, 1.14175283908844
For Sampled Data: m=0.9810519105164422, b=-0.3871679171826159, r=0.9972701441148256,r^2=0.994547740342805, Se=0.0012751465053081397
For Stride Data: m=0.9937206595117436, b=-0.1454662444233108, r=0.9986307578777371,r^2=0.9972633905794637, Se=0.0009138153290205697
(51,)
(51,)
(50,)
(50,)
Stats for normIMO: -1.8540878295898438, 5.334716796875, 0.16654224693775177, 0.6942060589790344
Stats for shortIMO: -1.03125. 1.6000022888183594, 0.007254586089402437, 0.2987063229084015
For Sampled Data: m=0.990379259206563, b=-0.5104562683293281, r=0.9995294253654158,r^2=0.9990590721713183, Se=0.0005335520081540872
For Stride Data: m=1.0020170154004715, b=0.0648470295004131, r=0.9999083320465304,r^2=0.9998166724960745, Se=0.00023818881909356244
(102,)
(102,)
(100,)
(100,)
Stats for normIMO: -1.1749076843261719, 2.080066680908203, 0.058494988828897476, 0.2995468080043793
Stats for shortIMO: -0.755218505859375. 0.5994720458984375, 0.006585965398699045, 0.1704375296831131
For Sampled Data: m=0.9991950547935194, b=-0.08726907753042212, r=0.9999055701984854,r^2=0.9998111493139581, Se=0.0002410700295358481
For Stride Data: m=1.0008324478969932, b=0.023169670715994073, r=0.9999697671683241,r^2=0.9999395352506723, Se=0.00013662125960751733
(155,)
(155,)
(150,)
(150,)
Stats for normIMO: -1.263671875, 0.7756853103637695, -0.008264618925750256, 0.19341932237148285
Stats for shortIMO: -0.5070610046386719. 0.532501220703125, -0.0019463009666651487, 0.1148722767829895
For Sampled Data: m=0.9995568682157846, b=-0.007574256333782614, r=0.9999606170584124,r^2=0.999921235667841, Se=0.00015573350521576635
For Stride Data: m=1.0001100482202792, b=0.005883222265836707, r=0.9999860950918477,r^2=0.9999721903770418, Se=9.258572450658222e-05
(203,)
(203,)
(200,)
(200,)
Stats for normIMO: -1.061248779296875, 1.763310432434082, -0.011280328966677189, 0.19851575791835785
Stats for shortIMO: -0.4909038543701172. 0.4799995422363281, -0.002134778071194887, 0.08988530933856964
For Sampled Data: m=0.9984764672209003, b=-0.04318191885882783, r=0.9999594848558909,r^2=0.9999189713532588, Se=0.00015778560223386314
For Stride Data: m=1.0004923642389076, b=0.01973304179458779, r=0.9999916101858611,r^2=0.9999832204421113, Se=7.194495220716761e-05
(11,)
(11,)
(10,)
(10,)
Stats for normIMO: -4.095741271972656, 3.14892578125, 0.3231041133403778, 1.2273221015930176
Stats for shortIMO: -4.947357177734375. 1.3995513916015625, -0.07314356416463852, 1.0842361450195312
For Sampled Data: m=0.9902765438218145, b=-0.6072918658234912, r=0.9994462913939406,r^2=0.9988928893811017, Se=0.0005725992479059505
For Stride Data: m=0.9931370560241629, b=-0.12744072832509445, r=0.9995567681136235,r^2=0.9991137326817521, Se=0.0005137387485209573
(51,)
(51,)
(50,)
(50,)
Stats for normIMO: -1.64850652217865, 5.492216110229492, 0.20964403450489044, 0.6187278628349304
Stats for shortIMO: -1.6032867431640625. 1.1797561645507812, 0.004735863301903009, 0.29543381929397583
For Sampled Data: m=0.9972273274187475, b=-0.2906783649719884, r=0.9998529337052257,r^2=0.9997058890389464, Se=0.0002970789530221708
For Stride Data: m=1.0005885275070714, b=0.012467058020401822, r=0.9999659868659089,r^2=0.999931974888711, Se=0.00014333859893666374
(101,)
(101,)
(100,)
(100,)
Stats for normIMO: -1.2750000953674316, 2.401763916015625, -0.012659227475523949, 0.27027198672294617
Stats for shortIMO: -1.1583518981933594. 1.1223831176757812, 0.002946391236037016, 0.1801915317773819
For Sampled Data: m=0.999549624772107, b=-0.0005022925801370093, r=0.9999714308828549,r^2=0.9999428625819042, Se=0.0001312306583446493
For Stride Data: m=1.0004089177017295, b=0.009006633036772627, r=0.9999873611743477,r^2=0.9999747225084353, Se=8.735912272094761e-05
(151,)
(151,)
(150,)
(150,)
Stats for normIMO: -1.1631240844726562, 1.0453510284423828, -0.009238318540155888, 0.1982118934392929
Stats for shortIMO: -1.0687084197998047. 0.9521408081054688, -0.009865271858870983, 0.13533681631088257
For Sampled Data: m=0.9998757202292976, b=0.005608736214622212, r=0.9999845971170496,r^2=0.9999691944713479, Se=9.638851263328036e-05
For Stride Data: m=1.0003734835526155, b=0.02078455500074483, r=0.9999928923218601,r^2=0.9999857846942392, Se=6.550909424919723e-05
(208,)
(208,)
(200,)
(200,)
Stats for normIMO: nan, nan, nan, nan
Stats for shortIMO: -1.0246620178222656. 0.930908203125, -0.00031354205566458404, 0.11122913658618927
For Sampled Data: m=nan, b=nan, r=nan,r^2=nan, Se=nan
For Stride Data: m=1.0002339044392552, b=0.00715111859976858, r=0.9999951778838847,r^2=0.9999903557910222, Se=5.3950466660087306e-05
(11,)
(11,)
(10,)
(10,)
Stats for normIMO: -23.379919052124023, 10.414836883544922, 0.407938688993454, 4.279951572418213
Stats for shortIMO: -4.272617340087891. 7.3640289306640625, 0.6180453896522522, 1.7711793184280396
For Sampled Data: m=1.034785047065749, b=1.0032224272691224, r=0.9796263387365208,r^2=0.9596677635463207, Se=0.0037384184176413424
For Stride Data: m=0.9468602042153942, b=-2.773828750668507, r=0.9971732036456842,r^2=0.9943543980689972, Se=0.0012573102469693443
(51,)
(51,)
(50,)
(50,)
Stats for normIMO: -5.390066146850586, 6.254831314086914, -0.02107752114534378, 1.160106897354126
Stats for shortIMO: -2.5731124877929688. 5.43304443359375, 0.0353955402970314, 0.7391049265861511
For Sampled Data: m=0.9774202261605912, b=-0.8949417172056684, r=0.9984932787500828,r^2=0.9969888277090905, Se=0.0009466207997638524
(11,)
(11,)
(10,)
(10,)
Stats for normIMO: -7.109731674194336, 11.074211120605469, 0.30771535634994507, 1.90537691116333
Stats for shortIMO: -5.010734558105469. 2.0053529739379883, -0.47436490654945374, 1.2427518367767334
For Sampled Data: m=1.021297569842761, b=0.37620263813581545, r=0.9982939720038676,r^2=0.9965908545392588, Se=0.001046183378455693
For Stride Data: m=0.978472604296506, b=-0.21693406493432832, r=0.999349178988493,r^2=0.9986987815449749, Se=0.0006185826256487351
(51,)
(51,)
(50,)
(50,)
Stats for normIMO: -8.069618225097656, 2.1001739501953125, -0.27192848920822144, 0.9346524477005005
Stats for shortIMO: -3.2897491455078125. 2.0926132202148438, -0.002692537847906351, 0.4240811765193939
For Sampled Data: m=0.9934471656363866, b=0.061500648758531895, r=0.9995318260296299,r^2=0.9990638712461263, Se=0.000532607331752373
For Stride Data: m=1.0020525213420373, b=0.06860484459723182, r=0.9999029077330147,r^2=0.9998058248929377, Se=0.0002445798252860981
(102,)
(102,)
(100,)
(100,)
Stats for normIMO: -1.4923515319824219, 2.67999267578125, 0.016833286732435226, 0.3409186005592346
Stats for shortIMO: -2.8879966735839844. 0.7190628051757812, -0.011375567875802517, 0.23661813139915466
For Sampled Data: m=0.9971741252551996, b=-0.10758026741820004, r=0.9999392810105823,r^2=0.9998785657079602, Se=0.00019246831498227271
For Stride Data: m=0.9998044631495345, b=0.0050924281283002415, r=0.9999689979100683,r^2=0.9999379967812663, Se=0.00013788812083784488
(156,)
(156,)
(150,)
(150,)
Stats for normIMO: -0.9289932250976562, 3.252727508544922, 0.01571434736251831, 0.21406343579292297
Stats for shortIMO: -2.7279129028320312. 0.791473388671875, -0.012347045354545116, 0.19006720185279846
For Sampled Data: m=1.0007779749407817, b=0.009266196635316248, r=0.9999749621634129,r^2=0.999949924953719, Se=0.0001240367825789429
For Stride Data: m=1.000015031833154, b=0.012827070655667683, r=0.9999799922223274,r^2=0.9999599848449658, Se=0.00011079461927190216
(204,)
(204,)
(200,)
(200,)
Stats for normIMO: -1.4799995422363281, 2.762500762939453, -0.0009395692031830549, 0.1807345598936081
Stats for shortIMO: -2.5485916137695312. 0.8949947357177734, -0.0010251993080601096, 0.1575177013874054
For Sampled Data: m=1.0001936034697059, b=0.007155514185953393, r=0.9999819338569153,r^2=0.999963868040216, Se=0.0001053001228670511
For Stride Data: m=1.0002601469296368, b=0.009376316870493895, r=0.9999862985587037,r^2=0.9999725973051369, Se=9.17079010092447e-05
(11,)
(11,)
(10,)
(10,)
Stats for normIMO: -3.0836596488952637, 3.859569549560547, 0.600569486618042, 1.419632911682129
Stats for shortIMO: -3.463489532470703. 2.7747650146484375, -0.07900206744670868, 1.14175283908844
For Sampled Data: m=1.0206069646872404, b=0.1360737168216133, r=0.9981687087027393,r^2=0.9963407710332941, Se=0.001085780451999388
For Stride Data: m=0.9937206595117436, b=-0.1454662444233108, r=0.9986307578777371,r^2=0.9972633905794637, Se=0.0009138153290205697
(51,)
(51,)
(50,)
(50,)
Stats for normIMO: -2.5448646545410156, 1.0591025352478027, -0.0694875419139862, 0.559682309627533
Stats for shortIMO: -1.03125. 1.6000022888183594, 0.007254586089402437, 0.2987063229084015
For Sampled Data: m=0.9948928804088405, b=-0.11308033947904761, r=0.9996796252135007,r^2=0.9993593530670053, Se=0.00044219874676840366
For Stride Data: m=1.0020170154004715, b=0.0648470295004131, r=0.9999083320465304,r^2=0.9998166724960745, Se=0.00023818881909356244
(102,)
(102,)
(100,)
(100,)
Stats for normIMO: -1.6595878601074219, 2.003307342529297, 0.0013255459489300847, 0.33154192566871643
Stats for shortIMO: -0.755218505859375. 0.5994720458984375, 0.006585965398699045, 0.1704375296831131
For Sampled Data: m=1.0007520495390607, b=0.025556124823879145, r=0.9998845698779517,r^2=0.9997691530800165, Se=0.0002669508533179394
For Stride Data: m=1.0008324478969932, b=0.023169670715994073, r=0.9999697671683241,r^2=0.9999395352506723, Se=0.00013662125960751733
(155,)
(155,)
(150,)
(150,)
Stats for normIMO: -0.9229393005371094, 0.6300735473632812, -0.019135503098368645, 0.1890965849161148
Stats for shortIMO: -0.5070610046386719. 0.532501220703125, -0.0019463009666651487, 0.1148722767829895
For Sampled Data: m=0.9994750395936403, b=0.0003686748628268788, r=0.9999623954591487,r^2=0.9999247923323988, Se=0.00015216402725485746
For Stride Data: m=1.0001100482202792, b=0.005883222265836707, r=0.9999860950918477,r^2=0.9999721903770418, Se=9.258572450658222e-05
(203,)
(203,)
(200,)
(200,)
Stats for normIMO: -0.8360862731933594, 0.7699947357177734, -0.012806829996407032, 0.14861686527729034
Stats for shortIMO: -0.4909038543701172. 0.4799995422363281, -0.002134778071194887, 0.08988530933856964
For Sampled Data: m=0.9992853204201909, b=-0.012741830626794126, r=0.9999769333261785,r^2=0.9999538671844285, Se=0.00011915085292273858
For Stride Data: m=1.0004923642389076, b=0.01973304179458779, r=0.9999916101858611,r^2=0.9999832204421113, Se=7.194495220716761e-05
(11,)
(11,)
(10,)
(10,)
Stats for normIMO: -3.9981231689453125, 4.628391265869141, 0.6980125308036804, 1.5373492240905762
Stats for shortIMO: -4.947357177734375. 1.3995513916015625, -0.07314356416463852, 1.0842361450195312
For Sampled Data: m=0.9826695255787373, b=-1.2045351778536144, r=0.9991966594275199,r^2=0.9983939642111151, Se=0.0006845297974365099
For Stride Data: m=0.9931370560241629, b=-0.12744072832509445, r=0.9995567681136235,r^2=0.9991137326817521, Se=0.0005137387485209573
(51,)
(51,)
(50,)
(50,)
Stats for normIMO: -2.1520919799804688, 1.6500015258789062, 0.010163218714296818, 0.47053956985473633
Stats for shortIMO: -1.6032867431640625. 1.1797561645507812, 0.004735863301903009, 0.29543381929397583
For Sampled Data: m=0.9991964197984203, b=-0.033650777792310294, r=0.999913367950287,r^2=0.999826743405686, Se=0.0002284502380683705
For Stride Data: m=1.0005885275070714, b=0.012467058020401822, r=0.9999659868659089,r^2=0.999931974888711, Se=0.00014333859893666374
(101,)
(101,)
(100,)
(100,)
Stats for normIMO: -1.5673675537109375, 1.5938243865966797, -0.03534633666276932, 0.23204949498176575
Stats for shortIMO: -1.1583518981933594. 1.1223831176757812, 0.002946391236037016, 0.1801915317773819
For Sampled Data: m=0.9986637654366207, b=-0.003703790922102712, r=0.9999797226412449,r^2=0.9999594456936611, Se=0.00011045994468461739
For Stride Data: m=1.0004089177017295, b=0.009006633036772627, r=0.9999873611743477,r^2=0.9999747225084353, Se=8.735912272094761e-05
(151,)
(151,)
(150,)
(150,)
Stats for normIMO: -1.2451095581054688, 1.6685829162597656, -0.029767388477921486, 0.21634076535701752
Stats for shortIMO: -1.0687084197998047. 0.9521408081054688, -0.009865271858870983, 0.13533681631088257
For Sampled Data: m=0.9987338351981819, b=-0.00723673982697548, r=0.9999824031619889,r^2=0.9999648066336266, Se=0.0001029072670062552
For Stride Data: m=1.0003734835526155, b=0.02078455500074483, r=0.9999928923218601,r^2=0.9999857846942392, Se=6.550909424919723e-05
(208,)
(208,)
(200,)
(200,)
Stats for normIMO: -1.0183868408203125, 0.8385066986083984, 0.01441836915910244, 0.1693156659603119
Stats for shortIMO: -1.0246620178222656. 0.930908203125, -0.00031354205566458404, 0.11122913658618927
For Sampled Data: m=0.9992330746785472, b=-0.03683284036402412, r=0.999989035115733,r^2=0.9999780703516947, Se=8.127287626668232e-05
For Stride Data: m=1.0002339044392552, b=0.00715111859976858, r=0.9999951778838847,r^2=0.9999903557910222, Se=5.3950466660087306e-05
(11,)
(11,)
(10,)
(10,)
Stats for normIMO: -14.48361587524414, 4.215250015258789, -1.796373963356018, 3.512148141860962
Stats for shortIMO: -4.272617340087891. 7.3640289306640625, 0.6180453896522522, 1.7711793184280396
For Sampled Data: m=0.9120973546719418, b=-1.7696694965723339, r=0.9862307409725095,r^2=0.9726510744391852, Se=0.0026952860247290186
For Stride Data: m=0.9468602042153942, b=-2.773828750668507, r=0.9971732036456842,r^2=0.9943543980689972, Se=0.0012573102469693443
(51,)
(51,)
(50,)
(50,)
Stats for normIMO: -8.261751174926758, 2.625560760498047, -0.12790687382221222, 0.7476885318756104
Stats for shortIMO: -2.5731124877929688. 5.43304443359375, 0.0353955402970314, 0.7391049265861511
For Stride Data: m=0.9888378658694078, b=-0.48822666591462394, r=0.9993596190935139,r^2=0.9987196482747331, Se=0.0006239359380861057
(101,)
(101,)
(100,)
(100,)
Stats for normIMO: -4.903171539306641, 1.557281494140625, 0.0026876891497522593, 0.5016822814941406
Stats for shortIMO: -1.3792304992675781. 3.8336267471313477, 0.013601137325167656, 0.3935357332229614
For Sampled Data: m=1.004952760951961, b=0.1982346076290824, r=0.9996979314710727,r^2=0.9993959541875415, Se=0.00043539542101004387
For Stride Data: m=0.995909421785721, b=-0.1795500871738227, r=0.9998115296789392,r^2=0.9996230948789402, Se=0.0003407923079156681
(154,)
(154,)
(150,)
(150,)
Stats for normIMO: -4.754938125610352, 1.4941701889038086, 0.031148090958595276, 0.36987635493278503
Stats for shortIMO: -0.8035316467285156. 3.1037025451660156, 0.03464537858963013, 0.27140140533447266
For Sampled Data: m=0.99850200939408, b=-0.09191759583661963, r=0.9998280836230654,r^2=0.9996561968013715, Se=0.0003263252147889233
For Stride Data: m=0.9989149929145624, b=-0.07866554220710498, r=0.9999074889469214,r^2=0.9998149864521377, Se=0.0002394652724086862
(202,)
(202,)
(200,)
(200,)
Stats for normIMO: -4.434863090515137, 1.6697196960449219, -0.007690264377743006, 0.35077446699142456
Stats for shortIMO: -1.0034370422363281. 2.62374210357666, 0.0038580915424972773, 0.21059677004814148
For Sampled Data: m=1.0013533591063377, b=0.06258978638042834, r=0.9998461640883922,r^2=0.9996923518422721, Se=0.00030956610138803246
For Stride Data: m=0.9988187901309645, b=-0.05177988215028506, r=0.9999446278918861,r^2=0.9998892588498426, Se=0.00018524109151470662
For Sampled Data: m=1.0017751808147657, b=0.19991864998485198, r=0.9992996424149678,r^2=0.9985997753306826, Se=0.0006610669760852922
For Stride Data: m=0.9888378658694078, b=-0.48822666591462394, r=0.9993596190935139,r^2=0.9987196482747331, Se=0.0006239359380861057
(101,)
(101,)
(100,)
(100,)
Stats for normIMO: -3.6413917541503906, 1.5869483947753906, -0.03709129989147186, 0.41512009501457214
Stats for shortIMO: -1.3792304992675781. 3.8336267471313477, 0.013601137325167656, 0.3935357332229614
For Sampled Data: m=0.9970702954306128, b=-0.08176216812460524, r=0.9997857390575878,r^2=0.9995715240229271, Se=0.0003637928367710368
For Stride Data: m=0.995909421785721, b=-0.1795500871738227, r=0.9998115296789392,r^2=0.9996230948789402, Se=0.0003407923079156681
(154,)
(154,)
(150,)
(150,)
Stats for normIMO: -8.00465202331543, 1.8450775146484375, 0.009145000949501991, 0.43281155824661255
Stats for shortIMO: -0.8035316467285156. 3.1037025451660156, 0.03464537858963013, 0.27140140533447266
For Sampled Data: m=1.0022691087638034, b=0.08290572655074158, r=0.999767423044941,r^2=0.9995349001819221, Se=0.0003810048575362296
For Stride Data: m=0.9989149929145624, b=-0.07866554220710498, r=0.9999074889469214,r^2=0.9998149864521377, Se=0.0002394652724086862
(202,)
(202,)
(200,)
(200,)
Stats for normIMO: -0.7332496643066406, 1.431488037109375, 0.024660030379891396, 0.28544309735298157
Stats for shortIMO: -1.0034370422363281. 2.62374210357666, 0.0038580915424972773, 0.21059677004814148
For Sampled Data: m=0.9966611660891096, b=-0.16011207656465842, r=0.9999021612728529,r^2=0.9998043321181224, Se=0.00024570945332326964
For Stride Data: m=0.9988187901309645, b=-0.05177988215028506, r=0.9999446278918861,r^2=0.9998892588498426, Se=0.00018524109151470662
