/apps/python-3.9.2/lib/python3.9/site-packages/scipy/interpolate/interpolate.py:623: RuntimeWarning: invalid value encountered in true_divide
  slope = (y_hi - y_lo) / (x_hi - x_lo)[:, None]
(11,)
(11,)
(10,)
(10,)
Stats for normIMO: -0.7079819440841675, 1.069370985031128, -0.022541329145870058, 0.25311882036796435
Stats for shortIMO: -1.045602560043335. 0.443113774061203, 0.00020320922739296732, 0.18830722708346478
For Sampled Data: m=0.6694526277216596, b=0.0014071462245482044, r=0.8058772950938337,r^2=0.6494382147477539, Se=0.008613066831488105
For Stride Data: m=0.7861011815745704, b=-0.013566531116497742, r=0.8996362335114779,r^2=0.8093453526467185, Se=0.006681282098403369
(51,)
(51,)
(50,)
(50,)
Stats for normIMO: -0.4070303440093994, 0.3550434112548828, -0.011051669141253688, 0.10095385380215104
Stats for shortIMO: -0.38425207138061523. 0.35806503891944885, -0.0012114707273182732, 0.07429663180007337
For Sampled Data: m=0.9299038697127485, b=0.006844653413459863, r=0.9720265817186527,r^2=0.9448356755676487, Se=0.003934718488411639
For Stride Data: m=0.9890758654380166, b=0.0004978403338320447, r=0.9851687398191546,r^2=0.9705574459168612, Se=0.003016694442243629
(101,)
(101,)
(100,)
(100,)
Stats for normIMO: -0.2576941251754761, 0.4601629674434662, 0.006155111685916005, 0.0687936674258076
Stats for shortIMO: -0.2772948741912842. 0.41221556067466736, 0.0019682861412324325, 0.045209489978618414
For Sampled Data: m=0.9911687800123646, b=-0.0069368156347956456, r=0.9868293042352636,r^2=0.9738320756974544, Se=0.0028452131979948797
For Stride Data: m=0.9906686237056229, b=-0.002703527960321611, r=0.9942631040858239,r^2=0.9885591201463778, Se=0.001866299749543865
(152,)
(152,)
(150,)
(150,)
Stats for normIMO: -0.6115236282348633, 0.33234795928001404, -0.0071548728545263165, 0.06145215592778362
Stats for shortIMO: -0.2540305256843567. 0.25646737217903137, 0.0008328745951322161, 0.027894617419846487
For Sampled Data: m=0.9666756415813473, b=0.0051165192057599646, r=0.9898397318791679,r^2=0.979782694806623, Se=0.0024316559481790075
For Stride Data: m=0.9942498450324291, b=-0.0009753768373337093, r=0.9974904347063224,r^2=0.994987167330608, Se=0.0012358136753382902
(208,)
(208,)
(200,)
(200,)
Stats for normIMO: -0.3522663712501526, 0.12103061378002167, -0.005169789532369664, 0.03272181223179113
Stats for shortIMO: -0.5382956266403198. 0.18986767530441284, -0.0008320796716293625, 0.026799788091731433
For Sampled Data: m=0.9877224813816914, b=0.004763046964013758, r=0.9959897010501247,r^2=0.9919954845979169, Se=0.00155371806049706
For Stride Data: m=0.9961573445794012, b=0.0013623629110038685, r=0.9928817629407569,r^2=0.9858141951803454, Se=0.0020925796534033833
(11,)
(11,)
(10,)
(10,)
Stats for normIMO: -1.3027474880218506, 0.6614499688148499, -0.040453197407582964, 0.2531290921986058
Stats for shortIMO: -0.7757822871208191. 1.0558254718780518, -0.03247090754671981, 0.20752891730567236
For Sampled Data: m=0.50784615059475, b=0.33071362617490707, r=0.7774913007330094,r^2=0.6044927227155069, Se=0.007211182973800426
For Stride Data: m=0.6727157360061435, b=0.22549522079404322, r=0.8532069781481327,r^2=0.7279621475606682, Se=0.007219124077408529
(51,)
(51,)
(50,)
(50,)
Stats for normIMO: -0.6817597150802612, 0.7705457806587219, -0.013220187587520691, 0.1355359451009152
Stats for shortIMO: -0.9067538976669312. 1.2737605571746826, -0.010556248323271962, 0.11660330090615266
For Sampled Data: m=0.9301167709118765, b=0.05443562839318805, r=0.9404936942215489,r^2=0.8845283888704963, Se=0.005899454409262497
For Stride Data: m=0.9116527599485643, b=0.06266122564506449, r=0.9554043476920245,r^2=0.912797467588823, Se=0.004946516201787862
(101,)
(101,)
(100,)
(100,)
Stats for normIMO: -0.6813563704490662, 1.1643681526184082, 0.004052065540028235, 0.12572478411298735
Stats for shortIMO: -0.5583109855651855. 1.0680088996887207, 0.00028017292692362436, 0.06501026884694806
For Sampled Data: m=0.9771746027509797, b=0.00940982397782908, r=0.9510332646667299,r^2=0.9044642705026583, Se=0.005575091823469079
For Stride Data: m=0.9685819034413802, b=0.018249431619396517, r=0.986363250415656,r^2=0.972912461770538, Se=0.002837114645170802
(152,)
(152,)
(150,)
(150,)
Stats for normIMO: -0.45047327876091003, 0.4574683904647827, -0.00013522305854254588, 0.05420036008704961
Stats for shortIMO: -0.4032498598098755. 0.6096541881561279, 0.00035653343412154337, 0.04360232616938151
For Sampled Data: m=0.9758359792559768, b=0.01438659762155281, r=0.9905491102156387,r^2=0.9811875397489936, Se=0.0023720086120142085
For Stride Data: m=0.9792409698162435, b=0.011886618663436987, r=0.9939224958725368,r^2=0.9878819278014929, Se=0.00190391025155121
(208,)
(208,)
(200,)
(200,)
Stats for normIMO: -0.3966405391693115, 1.4472334384918213, 0.014973732372926572, 0.12103817875191016
Stats for shortIMO: -0.6637353301048279. 0.41781312227249146, -0.0015877125114156607, 0.038664007433087004
For Sampled Data: m=1.062008840330969, b=-0.05154501350352236, r=0.9622941323869549,r^2=0.9260099972263623, Se=0.005269864703558394
For Stride Data: m=0.9783333024710874, b=0.014366242411273378, r=0.9952703070334614,r^2=0.9905629840624806, Se=0.0016763155873596332
(11,)
(11,)
(10,)
(10,)
Stats for normIMO: -1.050064206123352, 1.3364624977111816, -0.023636227671842026, 0.3335728981119982
Stats for shortIMO: -0.9114303588867188. 0.9540770649909973, 0.009438859435280727, 0.2735946579010793
For Sampled Data: m=0.8049050066057389, b=0.03897265934522311, r=0.7999308897909173,r^2=0.6398894284416887, Se=0.010487412012407707
For Stride Data: m=0.6837478253983106, b=0.015421729694343606, r=0.855771184652488,r^2=0.7323443204815228, Se=0.007179344021855575
(51,)
(51,)
(50,)
(50,)
Stats for normIMO: -0.8899819850921631, 2.750351905822754, 0.034721800028145726, 0.33812147499096673
Stats for shortIMO: -1.4927213191986084. 0.4641287922859192, -0.018139616926283516, 0.1456031686633653
For Sampled Data: m=0.9677618085985465, b=-0.032187547902011934, r=0.833149774862277,r^2=0.6941385473530629, Se=0.011157477122093692
For Stride Data: m=0.9503911920696039, b=0.022039378356841596, r=0.9612661935450262,r^2=0.9240326948525437, Se=0.00473293268467132
(101,)
(101,)
(100,)
(100,)
Stats for normIMO: -0.6762009263038635, 0.9891383051872253, -0.015236839315134393, 0.09476959139143977
Stats for shortIMO: -1.4161376953125. 0.23033732175827026, -0.010978857436595569, 0.09504825909855276
For Sampled Data: m=0.9644233079241775, b=0.01803352299254357, r=0.9836201316402352,r^2=0.9675085633679537, Se=0.0030696084362270277
For Stride Data: m=0.9753063480755544, b=0.012920030327004534, r=0.9835509021214263,r^2=0.9673723770638715, Se=0.0031109652563593316
(152,)
(152,)
(150,)
(150,)
Stats for normIMO: -1.1446597576141357, 0.2803901433944702, 0.0024041991511273893, 0.07960028508468359
Stats for shortIMO: -1.3334989547729492. 0.23492039740085602, -0.004099975266225158, 0.07078258431569434
For Sampled Data: m=0.9501708318711739, b=0.0015128722628108965, r=0.9888652040123757,r^2=0.9778543917064373, Se=0.00248351415549098
For Stride Data: m=0.9850914168075211, b=0.005271943543931082, r=0.990898470049786,r^2=0.9818797779470068, Se=0.002324274237710875
(208,)
(208,)
(200,)
(200,)
Stats for normIMO: -1.4113848209381104, 0.1311545968055725, -0.009145828122865518, 0.08811638102542386
Stats for shortIMO: -0.35011348128318787. 1.328113079071045, 0.004456174779736137, 0.06042679046060312
For Sampled Data: m=0.9859298121058433, b=0.010251890854714923, r=0.9859506938183319,r^2=0.97209877064085, Se=0.0029010866802893845
For Stride Data: m=0.9868621258492274, b=-0.003423394322133247, r=0.9933712284233621,r^2=0.9867863974593395, Se=0.0019834157516145264
(11,)
(11,)
(10,)
(10,)
Stats for normIMO: -1.432208776473999, 1.9194444417953491, 0.08341552810148006, 0.43697457898048364
Stats for shortIMO: -1.9342900514602661. 1.580886960029602, -0.12753062896444367, 0.577472840516679
For Sampled Data: m=0.48608820768377187, b=0.12400398148192876, r=0.6106612541648325,r^2=0.3729071673381662, Se=0.01110843051347783
For Stride Data: m=0.40050330801754247, b=0.3694929409751869, r=0.4095794116656317,r^2=0.16775529446036502, Se=0.015720471746147963
(51,)
(51,)
(50,)
(50,)
Stats for normIMO: -1.5138216018676758, 0.7563234567642212, -0.06340435082538019, 0.2766525981640255
Stats for shortIMO: -1.400855302810669. 1.4571112394332886, 0.03445061388258457, 0.23894169620100406
(11,)
(11,)
(10,)
(10,)
Stats for normIMO: -0.966335654258728, 0.6274228692054749, -0.053403946755489345, 0.3081937091269757
Stats for shortIMO: -1.045602560043335. 0.443113774061203, 0.00020320922739296732, 0.18830722708346478
For Sampled Data: m=0.4192960620905946, b=0.016982414350356006, r=0.7063725337709181,r^2=0.4989621564659469, Se=0.007357780793560204
For Stride Data: m=0.7861011815745704, b=-0.013566531116497742, r=0.8996362335114779,r^2=0.8093453526467185, Se=0.006681282098403369
(51,)
(51,)
(50,)
(50,)
Stats for normIMO: -0.8170892000198364, 0.6219080686569214, 0.04779846079140481, 0.15927229640415144
Stats for shortIMO: -0.38425207138061523. 0.35806503891944885, -0.0012114707273182732, 0.07429663180007337
For Sampled Data: m=0.9557583146043597, b=-0.0506240282615279, r=0.9334155264010415,r^2=0.8712645449265335, Se=0.0064334917899758915
For Stride Data: m=0.9890758654380166, b=0.0004978403338320447, r=0.9851687398191546,r^2=0.9705574459168612, Se=0.003016694442243629
(101,)
(101,)
(100,)
(100,)
Stats for normIMO: nan, nan, nan, --
Stats for shortIMO: -0.2772948741912842. 0.41221556067466736, 0.0019682861412324325, 0.045209489978618414
For Sampled Data: m=nan, b=nan, r=nan,r^2=nan, Se=nan
For Stride Data: m=0.9906686237056229, b=-0.002703527960321611, r=0.9942631040858239,r^2=0.9885591201463778, Se=0.001866299749543865
(152,)
(152,)
(150,)
(150,)
Stats for normIMO: -0.34335362911224365, 0.7477478981018066, 0.0005788878382969897, 0.0741223681908585
Stats for shortIMO: -0.2540305256843567. 0.25646737217903137, 0.0008328745951322161, 0.027894617419846487
For Sampled Data: m=0.997654471351687, b=-0.0013084592137799639, r=0.9825698689744284,r^2=0.9654435474164255, Se=0.003305261983351489
For Stride Data: m=0.9942498450324291, b=-0.0009753768373337093, r=0.9974904347063224,r^2=0.994987167330608, Se=0.0012358136753382902
(208,)
(208,)
(200,)
(200,)
Stats for normIMO: -0.4939468502998352, 0.259967178106308, 0.0010798511002269864, 0.05133960728577861
Stats for shortIMO: -0.5382956266403198. 0.18986767530441284, -0.0008320796716293625, 0.026799788091731433
For Sampled Data: m=0.9766605247030362, b=-0.0024926168577947896, r=0.9928947392577023,r^2=0.9858399632456207, Se=0.002049732634624152
For Stride Data: m=0.9961573445794012, b=0.0013623629110038685, r=0.9928817629407569,r^2=0.9858141951803454, Se=0.0020925796534033833
(11,)
(11,)
(10,)
(10,)
Stats for normIMO: -2.0228476524353027, 1.7886734008789062, -0.02573317941020076, 0.5591063345767431
Stats for shortIMO: -0.7757822871208191. 1.0558254718780518, -0.03247090754671981, 0.20752891730567236
For Sampled Data: m=1.431357345905105, b=-0.22867095117762382, r=0.7278195320504577,r^2=0.5297212712341473, Se=0.023675255912545934
For Stride Data: m=0.6727157360061435, b=0.22549522079404322, r=0.8532069781481327,r^2=0.7279621475606682, Se=0.007219124077408529
(51,)
(51,)
(50,)
(50,)
Stats for normIMO: -0.8206727504730225, 1.2886970043182373, -0.017995772671618754, 0.19653909630656025
Stats for shortIMO: -0.9067538976669312. 1.2737605571746826, -0.010556248323271962, 0.11660330090615266
For Sampled Data: m=0.8558820478678156, b=0.10299305536065873, r=0.8737524213996992,r^2=0.7634432939018375, Se=0.008363456577435233
For Stride Data: m=0.9116527599485643, b=0.06266122564506449, r=0.9554043476920245,r^2=0.912797467588823, Se=0.004946516201787862
(101,)
(101,)
(100,)
(100,)
Stats for normIMO: -0.36792099475860596, 1.1799163818359375, 0.024321750820619274, 0.12754270015142036
Stats for shortIMO: -0.5583109855651855. 1.0680088996887207, 0.00028017292692362436, 0.06501026884694806
For Sampled Data: m=0.9936807763283735, b=-0.02059480970447569, r=0.9510341711096008,r^2=0.9044659946181254, Se=0.005669208232526983
For Stride Data: m=0.9685819034413802, b=0.018249431619396517, r=0.986363250415656,r^2=0.972912461770538, Se=0.002837114645170802
(152,)
(152,)
(150,)
(150,)
Stats for normIMO: -1.0141955614089966, 0.9418564438819885, -0.009385051674427236, 0.08502387208556145
Stats for shortIMO: -0.4032498598098755. 0.6096541881561279, 0.00035653343412154337, 0.04360232616938151
For Sampled Data: m=0.9260122418100778, b=0.0530212386719352, r=0.9769767807748292,r^2=0.9544836301731486, Se=0.003549841350507307
For Stride Data: m=0.9792409698162435, b=0.011886618663436987, r=0.9939224958725368,r^2=0.9878819278014929, Se=0.00190391025155121
(208,)
(208,)
(200,)
(200,)
Stats for normIMO: -0.9437055587768555, 1.1621012687683105, 0.0004567583781372484, 0.08643851807416822
Stats for shortIMO: -0.6637353301048279. 0.41781312227249146, -0.0015877125114156607, 0.038664007433087004
For Sampled Data: m=0.9848043433778519, b=0.008505220554006376, r=0.9762843620334068,r^2=0.9531311555509762, Se=0.0038336141107526236
For Stride Data: m=0.9783333024710874, b=0.014366242411273378, r=0.9952703070334614,r^2=0.9905629840624806, Se=0.0016763155873596332
(11,)
(11,)
(10,)
(10,)
Stats for normIMO: -4.718103408813477, 0.9465072154998779, -0.18074712330654583, 0.9228793620335377
Stats for shortIMO: -0.9114303588867188. 0.9540770649909973, 0.009438859435280727, 0.2735946579010793
For Sampled Data: m=1.1853249505173833, b=0.16617874432007868, r=0.561721903484506,r^2=0.3155314968542567, Se=0.030321524652298003
For Stride Data: m=0.6837478253983106, b=0.015421729694343606, r=0.855771184652488,r^2=0.7323443204815228, Se=0.007179344021855575
(51,)
(51,)
(50,)
(50,)
Stats for normIMO: -1.212721824645996, 0.5600650310516357, -0.019615191740554105, 0.1732938900429374
Stats for shortIMO: -1.4927213191986084. 0.4641287922859192, -0.018139616926283516, 0.1456031686633653
For Sampled Data: m=0.9863295285363357, b=0.020689838741155625, r=0.9485104776824537,r^2=0.8996721262733964, Se=0.00572069692755566
For Stride Data: m=0.9503911920696039, b=0.022039378356841596, r=0.9612661935450262,r^2=0.9240326948525437, Se=0.00473293268467132
(101,)
(101,)
(100,)
(100,)
Stats for normIMO: nan, nan, nan, --
Stats for shortIMO: -1.4161376953125. 0.23033732175827026, -0.010978857436595569, 0.09504825909855276
For Sampled Data: m=nan, b=nan, r=nan,r^2=nan, Se=nan
For Stride Data: m=0.9753063480755544, b=0.012920030327004534, r=0.9835509021214263,r^2=0.9673723770638715, Se=0.0031109652563593316
(152,)
(152,)
(150,)
(150,)
Stats for normIMO: -0.22561302781105042, 1.410522222518921, 0.0005679820580837559, 0.07647892118999015
Stats for shortIMO: -1.3334989547729492. 0.23492039740085602, -0.004099975266225158, 0.07078258431569434
For Sampled Data: m=0.9737968268776405, b=0.0014918659176732518, r=0.9893734589349583,r^2=0.9788598412449236, Se=0.0024855382742976183
For Stride Data: m=0.9850914168075211, b=0.005271943543931082, r=0.990898470049786,r^2=0.9818797779470068, Se=0.002324274237710875
(208,)
(208,)
(200,)
(200,)
Stats for normIMO: nan, nan, nan, --
Stats for shortIMO: -0.35011348128318787. 1.328113079071045, 0.004456174779736137, 0.06042679046060312
For Sampled Data: m=nan, b=nan, r=nan,r^2=nan, Se=nan
For Stride Data: m=0.9868621258492274, b=-0.003423394322133247, r=0.9933712284233621,r^2=0.9867863974593395, Se=0.0019834157516145264
(11,)
(11,)
(10,)
(10,)
Stats for normIMO: -1.26375412940979, 0.9222248792648315, 0.024298650740393196, 0.3873405640177395
Stats for shortIMO: -1.9342900514602661. 1.580886960029602, -0.12753062896444367, 0.577472840516679
For Sampled Data: m=0.5581716480288792, b=0.15402731723192015, r=0.6998719906357244,r^2=0.4898208032764114, Se=0.010038818374143962
For Stride Data: m=0.40050330801754247, b=0.3694929409751869, r=0.4095794116656317,r^2=0.16775529446036502, Se=0.015720471746147963
(51,)
(51,)
(50,)
(50,)
Stats for normIMO: -1.5759079456329346, 1.4304732084274292, 0.08954563057992415, 0.4154437593579973
Stats for shortIMO: -1.400855302810669. 1.4571112394332886, 0.03445061388258457, 0.23894169620100406
For Sampled Data: m=0.8125018453175624, b=-0.013869670879992357, r=0.7347403114680323,r^2=0.5398433252961411, Se=0.013219511747439674
For Stride Data: m=0.9603095618175967, b=-0.018431227117791327, r=0.9080596751808743,r^2=0.8245723736895949, Se=0.007805809007034835
(101,)
(101,)
(100,)
(100,)
Stats for normIMO: -1.627906084060669, 1.4418911933898926, 0.004692963825701779, 0.2663422090657725
For Sampled Data: m=0.7078072214341684, b=0.18133599388658217, r=0.8578760934740988,r^2=0.7359513917543806, Se=0.007471441997782007
For Stride Data: m=0.9603095618175967, b=-0.018431227117791327, r=0.9080596751808743,r^2=0.8245723736895949, Se=0.007805809007034835
(101,)
(101,)
(100,)
(100,)
Stats for normIMO: -1.43583345413208, 0.9839098453521729, -0.009897372946096902, 0.21872925025560577
Stats for shortIMO: -1.4202576875686646. 0.516981303691864, -0.011312878997632244, 0.1556217947056655
For Sampled Data: m=0.8217665421315107, b=0.08183400156291476, r=0.9134909423771123,r^2=0.8344657018050247, Se=0.006450008244719496
For Stride Data: m=0.9070775353211397, b=0.04881725680344462, r=0.9571826115124149,r^2=0.9161985517817266, Se=0.004834454052764576
(152,)
(152,)
(150,)
(150,)
Stats for normIMO: -1.4415467977523804, 1.1138807535171509, 0.027739024621074353, 0.22886073190512624
Stats for shortIMO: -0.36161142587661743. 0.6972051858901978, 0.0069678393600151305, 0.10141705131934826
For Sampled Data: m=0.8981019167587505, b=0.013388008000726592, r=0.9083143370246692,r^2=0.8250349348445644, Se=0.007288483746042874
For Stride Data: m=0.956370723123162, b=0.010641361566883556, r=0.9820583204789314,r^2=0.9644385448218995, Se=0.0032363152480590234
(208,)
(208,)
(200,)
(200,)
Stats for normIMO: -1.397343397140503, 0.4417135417461395, -0.02344501336711597, 0.16679126367279573
Stats for shortIMO: -0.6248481869697571. 0.6278424263000488, -6.00933769635722e-05, 0.07599750257261864
For Sampled Data: m=0.8844469789260748, b=0.07008326412071392, r=0.950819960210366,r^2=0.9040585967344419, Se=0.005077484542902267
For Stride Data: m=0.9644479840937692, b=0.014409199578049647, r=0.9900746288577785,r^2=0.980247770707868, Se=0.0024126315421028597
Stats for shortIMO: -1.4202576875686646. 0.516981303691864, -0.011312878997632244, 0.1556217947056655
For Sampled Data: m=0.8196809938457061, b=0.06808542491411662, r=0.8712650020783633,r^2=0.7591027038466105, Se=0.00813734300645797
For Stride Data: m=0.9070775353211397, b=0.04881725680344462, r=0.9571826115124149,r^2=0.9161985517817266, Se=0.004834454052764576
(152,)
(152,)
(150,)
(150,)
Stats for normIMO: -1.3970081806182861, 0.6318085789680481, -0.0006292202249215598, 0.1665793541400133
Stats for shortIMO: -0.36161142587661743. 0.6972051858901978, 0.0069678393600151305, 0.10141705131934826
For Sampled Data: m=0.9125185795837758, b=0.03593751613853491, r=0.9507675475657642,r^2=0.9039589295042177, Se=0.005241648888922487
For Stride Data: m=0.956370723123162, b=0.010641361566883556, r=0.9820583204789314,r^2=0.9644385448218995, Se=0.0032363152480590234
(208,)
(208,)
(200,)
(200,)
Stats for normIMO: -0.97812819480896, 1.1361476182937622, 0.01047410734094943, 0.1633744882957237
Stats for shortIMO: -0.6248481869697571. 0.6278424263000488, -6.00933769635722e-05, 0.07599750257261864
For Sampled Data: m=0.8982462972553289, b=0.030594607503957705, r=0.9527004359793111,r^2=0.9076381207151695, Se=0.005049606268062123
For Stride Data: m=0.9644479840937692, b=0.014409199578049647, r=0.9900746288577785,r^2=0.980247770707868, Se=0.0024126315421028597
