/apps/python-3.9.2/lib/python3.9/site-packages/scipy/interpolate/interpolate.py:623: RuntimeWarning: invalid value encountered in true_divide
  slope = (y_hi - y_lo) / (x_hi - x_lo)[:, None]
(11,)
(11,)
(10,)
(10,)
Stats for normIMO: -10.211609840393066, 22.822872161865234, 2.5528361797332764, 6.541595935821533
Stats for shortIMO: -11.80868148803711. 14.21798324584961, 0.49568870663642883, 4.401049613952637
For Sampled Data: m=0.6556772584079542, b=5.486593677055387, r=0.9371404178491756,r^2=0.8782321627665274, Se=0.004276051705963832
For Stride Data: m=0.9016416856838818, b=1.8008324547358647, r=0.9590158627807853,r^2=0.9197114250651741, Se=0.004665801584548124
(51,)
(51,)
(50,)
(50,)
Stats for normIMO: -12.949543952941895, 10.900117874145508, 0.6890244483947754, 2.857487201690674
Stats for shortIMO: -5.258460998535156. 3.3888893127441406, -0.03696376085281372, 1.081470012664795
For Sampled Data: m=0.9741787991334241, b=-0.08613694249789816, r=0.982889701685679,r^2=0.9660721656797631, Se=0.0031974455567740263
For Stride Data: m=0.9936997807943153, b=0.18406716780503274, r=0.997563301415078,r^2=0.9951325403301498, Se=0.001217186455575134
(102,)
(102,)
(100,)
(100,)
Stats for normIMO: -2.7129039764404297, 5.235629081726074, 0.16770361363887787, 1.0407869815826416
Stats for shortIMO: -3.3687493801116943. 1.8375005722045898, 0.0016259690746665, 0.46788129210472107
For Sampled Data: m=1.006467498463957, b=-0.31871019692279035, r=0.9978017802386755,r^2=0.99560839264747, Se=0.0011707345419399236
For Stride Data: m=0.9958265542673195, b=0.09581684577958427, r=0.9995495380387369,r^2=0.9990992789934524, Se=0.0005236796837643524
(156,)
(156,)
(150,)
(150,)
Stats for normIMO: -7.5947465896606445, 2.7458229064941406, 0.12062589824199677, 0.8848121166229248
Stats for shortIMO: -1.3499984741210938. 1.028576135635376, -0.005180578213185072, 0.21613512933254242
For Sampled Data: m=1.000150871337847, b=-0.12414716587861818, r=0.9983746920011662,r^2=0.9967520256284236, Se=0.0009999296608591952
For Stride Data: m=0.998580531625835, b=0.03832285583589368, r=0.9999035001944102,r^2=0.9998070097010329, Se=0.00024298750714700273
(204,)
(204,)
(200,)
(200,)
Stats for normIMO: -5.466652870178223, 4.238655090332031, 0.00920106377452612, 0.8655160665512085
Stats for shortIMO: -1.3017525672912598. 2.162494659423828, 0.001528208376839757, 0.1636923998594284
For Sampled Data: m=0.9866259033822171, b=0.30306441832425435, r=0.9984932492599634,r^2=0.9969887688177195, Se=0.0009496654321601932
For Stride Data: m=0.9997109653370856, b=0.005220747638649215, r=0.9999442334333439,r^2=0.9998884699765979, Se=0.00018492080362324262
(11,)
(11,)
(10,)
(10,)
Stats for normIMO: -5.749450206756592, 9.043059349060059, 0.25339260697364807, 2.4638240337371826
Stats for shortIMO: -9.63296127319336. 6.149616241455078, -1.1153236627578735, 2.829876184463501
For Sampled Data: m=0.942311000409257, b=0.921879497979539, r=0.9905162919573715,r^2=0.9811225246329808, Se=0.0022945485083042663
For Stride Data: m=0.939678672760862, b=2.3442219531570316, r=0.9870671219574393,r^2=0.9743015032493423, Se=0.0026790399697386937
(51,)
(51,)
(50,)
(50,)
Stats for normIMO: -5.768730163574219, 6.960000038146973, -0.058552198112010956, 1.7263381481170654
Stats for shortIMO: -2.510810613632202. 3.9096755981445312, 0.09269298613071442, 0.9077402949333191
For Sampled Data: m=0.9940017611643914, b=0.18075107741609742, r=0.994984759393292,r^2=0.9899946714249271, Se=0.0017541997812161461
For Stride Data: m=0.9839626225069367, b=0.23402859438817813, r=0.9987044148049591,r^2=0.9974105081509158, Se=0.0008801193214044357
(102,)
(102,)
(100,)
(100,)
Stats for normIMO: -2.800004005432129, 2.8799991607666016, -0.017837533727288246, 0.7746972441673279
Stats for shortIMO: -1.600000023841858. 2.1600074768066406, -0.0019412151305004954, 0.3993735611438751
For Sampled Data: m=1.0031086014550008, b=-0.04549254600556907, r=0.9990034776144543,r^2=0.9980079482857734, Se=0.0007867267336591331
For Stride Data: m=0.9959332828262262, b=0.08479099070876117, r=0.9997380742653588,r^2=0.999476217135808, Se=0.00040023245838278115
(155,)
(155,)
(150,)
(150,)
Stats for normIMO: -1.808620810508728, 2.0686988830566406, -0.03524326905608177, 0.5084872245788574
Stats for shortIMO: -1.0666664838790894. 0.7275848388671875, -0.011717716231942177, 0.19493384659290314
For Sampled Data: m=0.9996807256803417, b=0.04174650572971572, r=0.9995653332771395,r^2=0.9991308554894389, Se=0.0005175934578279307
For Stride Data: m=0.9992423641269579, b=0.02715370809506723, r=0.99993630739019,r^2=0.9998726188371285, Se=0.00019799022742841298
(203,)
(203,)
(200,)
(200,)
Stats for normIMO: -1.1499996185302734, 2.681995391845703, -0.015830466523766518, 0.376852810382843
Stats for shortIMO: -0.7666657567024231. 0.6348876953125, -0.0032467138953506947, 0.12585656344890594
For Sampled Data: m=0.9951924610138532, b=0.1137727166249114, r=0.9997706552639823,r^2=0.9995413631269726, Se=0.00037422588601767427
For Stride Data: m=0.9990109610244629, b=0.023395531670605152, r=0.9999738062799751,r^2=0.9999476132460612, Se=0.00012693606265801996
(11,)
(11,)
(10,)
(10,)
Stats for normIMO: -8.864473342895508, 12.167750358581543, 0.002750722225755453, 3.1539268493652344
Stats for shortIMO: -5.570173740386963. 7.666259765625, -0.12995857000350952, 2.0759005546569824
For Sampled Data: m=1.200698264128172, b=-2.009104857321198, r=0.8942188931352993,r^2=0.79962742884012, Se=0.01043920462368037
For Stride Data: m=0.7775455162614482, b=2.353805655973728, r=0.910643348786873,r^2=0.8292713086897705, Se=0.006127580010377031
(51,)
(51,)
(50,)
(50,)
Stats for normIMO: -3.1919994354248047, 9.060089111328125, 0.4760082960128784, 1.819704532623291
Stats for shortIMO: -2.1989448070526123. 3.0164146423339844, 0.012947607785463333, 0.5150673389434814
For Sampled Data: m=1.0183158407468509, b=-0.6591094075214041, r=0.9413129918654205,r^2=0.8860701486546292, Se=0.00634198843631787
For Stride Data: m=0.9732786878370754, b=0.25418132140391236, r=0.9947656815109732,r^2=0.989558761111991, Se=0.0017364035667264985
(101,)
(101,)
(100,)
(100,)
Stats for normIMO: -3.299999237060547, 1.4899473190307617, -0.10777748376131058, 0.566655695438385
Stats for shortIMO: -2.2024383544921875. 1.0428571701049805, 0.006489820312708616, 0.2424282282590866
For Sampled Data: m=0.9734566023932788, b=0.37312741159507645, r=0.9935947142144493,r^2=0.9872304561148932, Se=0.0019228847214710892
For Stride Data: m=0.9901740187962154, b=0.09173734919279042, r=0.9988413883027856,r^2=0.9976841189866361, Se=0.0008285740962330388
(151,)
(151,)
(150,)
(150,)
Stats for normIMO: -2.3619048595428467, 1.6364316940307617, -0.01996684819459915, 0.43411940336227417
Stats for shortIMO: -2.2043001651763916. 0.8060235977172852, 0.005898114759474993, 0.1731453835964203
For Sampled Data: m=0.976139186149409, b=0.25849851317105, r=0.9963271057360178,r^2=0.99266770162431, Se=0.0014570957789905032
For Stride Data: m=0.9920871551901249, b=0.07320421416540768, r=0.9994175422347624,r^2=0.9988354237265731, Se=0.0005883626036166129
(208,)
(208,)
(200,)
(200,)
Stats for normIMO: -1.057917594909668, 2.177816390991211, 0.05195450782775879, 0.2417137622833252
Stats for shortIMO: -2.204998731613159. 0.6118650436401367, -0.006466313265264034, 0.15230046212673187
For Sampled Data: m=0.9933896176148685, b=0.014127879020515266, r=0.9988292281263007,r^2=0.9976598269593816, Se=0.0008356234015768634
For Stride Data: m=0.9974191215748812, b=0.03226565209158849, r=0.9995330867202953,r^2=0.9990663914486013, Se=0.0005295672987375616
(11,)
(11,)
(10,)
(10,)
Stats for normIMO: -6.2585906982421875, 19.628822326660156, 2.9937875270843506, 6.7848944664001465
Stats for shortIMO: -6.530997276306152. 6.879652500152588, 1.2397215366363525, 2.5574629306793213
For Sampled Data: m=0.11465519425360987, b=3.2805646565352644, r=0.050315469800858124,r^2=0.002531646501281066, Se=0.0401064137132099
For Stride Data: m=0.5367057674317335, b=2.0435993348265353, r=0.55934954549468,r^2=0.31287191404510506, Se=0.014016638964210364
(51,)
(51,)
(50,)
(50,)
Stats for normIMO: -5.781554222106934, 6.318492412567139, 0.11822482943534851, 1.9425783157348633
Stats for shortIMO: -5.571465015411377. 5.828298568725586, -0.08105607330799103, 1.4593085050582886
For Sampled Data: m=0.7175328955096096, b=1.883591287933723, r=0.7465015606454843,r^2=0.5572645800461438, Se=0.011270814301495683
(11,)
(11,)
(10,)
(10,)
Stats for normIMO: -31.641517639160156, 20.679981231689453, -2.6888723373413086, 9.598003387451172
Stats for shortIMO: -11.80868148803711. 14.21798324584961, 0.49568870663642883, 4.401049613952637
For Sampled Data: m=0.5889663573965722, b=12.285903766602322, r=0.7860012769195579,r^2=0.6177980073191756, Se=0.008113437777046519
For Stride Data: m=0.9016416856838818, b=1.8008324547358647, r=0.9590158627807853,r^2=0.9197114250651741, Se=0.004665801584548124
(51,)
(51,)
(50,)
(50,)
Stats for normIMO: -6.914504051208496, 10.077587127685547, 0.16875861585140228, 2.0476603507995605
Stats for shortIMO: -5.258460998535156. 3.3888893127441406, -0.03696376085281372, 1.081470012664795
For Sampled Data: m=0.9617069078657444, b=0.7253289380587518, r=0.9914657194928612,r^2=0.983004272929497, Se=0.002214757121603646
For Stride Data: m=0.9936997807943153, b=0.18406716780503274, r=0.997563301415078,r^2=0.9951325403301498, Se=0.001217186455575134
(102,)
(102,)
(100,)
(100,)
Stats for normIMO: -6.54685115814209, 2.3294105529785156, -0.20097967982292175, 1.1032322645187378
Stats for shortIMO: -3.3687493801116943. 1.8375005722045898, 0.0016259690746665, 0.46788129210472107
For Sampled Data: m=0.9847155817965529, b=0.5578498051224159, r=0.9975167399018945,r^2=0.9950396463845038, Se=0.0012176939165712557
For Stride Data: m=0.9958265542673195, b=0.09581684577958427, r=0.9995495380387369,r^2=0.9990992789934524, Se=0.0005236796837643524
(156,)
(156,)
(150,)
(150,)
Stats for normIMO: nan, nan, nan, nan
Stats for shortIMO: -1.3499984741210938. 1.028576135635376, -0.005180578213185072, 0.21613512933254242
For Sampled Data: m=nan, b=nan, r=nan,r^2=nan, Se=nan
For Stride Data: m=0.998580531625835, b=0.03832285583589368, r=0.9999035001944102,r^2=0.9998070097010329, Se=0.00024298750714700273
(204,)
(204,)
(200,)
(200,)
Stats for normIMO: -6.346312522888184, 1.6318206787109375, -0.09483259171247482, 0.7233177423477173
Stats for shortIMO: -1.3017525672912598. 2.162494659423828, 0.001528208376839757, 0.1636923998594284
For Sampled Data: m=0.9918528839913013, b=0.28505653952490206, r=0.9989283492384397,r^2=0.997857846912234, Se=0.0008048767346761286
For Stride Data: m=0.9997109653370856, b=0.005220747638649215, r=0.9999442334333439,r^2=0.9998884699765979, Se=0.00018492080362324262
(11,)
(11,)
(10,)
(10,)
Stats for normIMO: -22.466129302978516, 55.792991638183594, 2.0753238201141357, 15.469428062438965
Stats for shortIMO: -9.63296127319336. 6.149616241455078, -1.1153236627578735, 2.829876184463501
For Sampled Data: m=1.30434863039291, b=-8.275676029831047, r=0.8396140275980906,r^2=0.7049517153394872, Se=0.014813347032185167
For Stride Data: m=0.939678672760862, b=2.3442219531570316, r=0.9870671219574393,r^2=0.9743015032493423, Se=0.0026790399697386937
(51,)
(51,)
(50,)
(50,)
Stats for normIMO: -3.4699020385742188, 8.111701965332031, 0.4032914340496063, 1.515483021736145
Stats for shortIMO: -2.510810613632202. 3.9096755981445312, 0.09269298613071442, 0.9077402949333191
For Sampled Data: m=0.9797405523948961, b=0.009444462872203019, r=0.9962125811937803,r^2=0.9924395069287744, Se=0.0015011592664246945
For Stride Data: m=0.9839626225069367, b=0.23402859438817813, r=0.9987044148049591,r^2=0.9974105081509158, Se=0.0008801193214044357
(102,)
(102,)
(100,)
(100,)
Stats for normIMO: -3.2500009536743164, 1.4222259521484375, -0.11795512586832047, 0.5929755568504333
Stats for shortIMO: -1.600000023841858. 2.1600074768066406, -0.0019412151305004954, 0.3993735611438751
For Sampled Data: m=0.9968250600543602, b=0.1826358073330958, r=0.9994106323979545,r^2=0.9988216121500793, Se=0.0006010516026826541
For Stride Data: m=0.9959332828262262, b=0.08479099070876117, r=0.9997380742653588,r^2=0.999476217135808, Se=0.00040023245838278115
(155,)
(155,)
(150,)
(150,)
Stats for normIMO: -3.1157894134521484, 2.732142448425293, 0.027267247438430786, 0.6521220803260803
Stats for shortIMO: -1.0666664838790894. 0.7275848388671875, -0.011717716231942177, 0.19493384659290314
For Sampled Data: m=1.0026918144203243, b=-0.08210652090858872, r=0.9992931795913956,r^2=0.9985868587778812, Se=0.0006621554810531723
For Stride Data: m=0.9992423641269579, b=0.02715370809506723, r=0.99993630739019,r^2=0.9998726188371285, Se=0.00019799022742841298
(203,)
(203,)
(200,)
(200,)
Stats for normIMO: -1.5000004768371582, 2.0500030517578125, 0.06064443290233612, 0.4368077516555786
Stats for shortIMO: -0.7666657567024231. 0.6348876953125, -0.0032467138953506947, 0.12585656344890594
For Sampled Data: m=0.9951796621558954, b=0.03755831828538092, r=0.999687962016006,r^2=0.9993760213997154, Se=0.00043653043355785164
For Stride Data: m=0.9990109610244629, b=0.023395531670605152, r=0.9999738062799751,r^2=0.9999476132460612, Se=0.00012693606265801996
(11,)
(11,)
(10,)
(10,)
Stats for normIMO: -5.152724742889404, 10.292163848876953, 0.648122251033783, 2.8843753337860107
Stats for shortIMO: -5.570173740386963. 7.666259765625, -0.12995857000350952, 2.0759005546569824
For Sampled Data: m=0.8929174501950752, b=0.42236703596237213, r=0.8430989314046788,r^2=0.7108158081357113, Se=0.009891867252823119
For Stride Data: m=0.7775455162614482, b=2.353805655973728, r=0.910643348786873,r^2=0.8292713086897705, Se=0.006127580010377031
(51,)
(51,)
(50,)
(50,)
Stats for normIMO: -2.5352935791015625, 4.120128631591797, 0.21852056682109833, 1.1797406673431396
Stats for shortIMO: -2.1989448070526123. 3.0164146423339844, 0.012947607785463333, 0.5150673389434814
For Sampled Data: m=0.8990471444463239, b=0.7906909776824094, r=0.9727098022085086,r^2=0.9461643593125159, Se=0.0037247090157073656
For Stride Data: m=0.9732786878370754, b=0.25418132140391236, r=0.9947656815109732,r^2=0.989558761111991, Se=0.0017364035667264985
(101,)
(101,)
(100,)
(100,)
Stats for normIMO: -3.4533333778381348, 6.343939304351807, 0.1410258710384369, 1.0291415452957153
Stats for shortIMO: -2.2024383544921875. 1.0428571701049805, 0.006489820312708616, 0.2424282282590866
For Sampled Data: m=0.981382099756835, b=0.04509414350096819, r=0.9786856457199845,r^2=0.957825593138343, Se=0.0035766598454318966
For Stride Data: m=0.9901740187962154, b=0.09173734919279042, r=0.9988413883027856,r^2=0.9976841189866361, Se=0.0008285740962330388
(151,)
(151,)
(150,)
(150,)
Stats for normIMO: -4.162020683288574, 1.7043466567993164, -0.16409938037395477, 0.6470353007316589
Stats for shortIMO: -2.2043001651763916. 0.8060235977172852, 0.005898114759474993, 0.1731453835964203
For Sampled Data: m=0.9838118371014424, b=0.3259296231305431, r=0.9915143861942382,r^2=0.9831007780301368, Se=0.0022402919202182897
For Stride Data: m=0.9920871551901249, b=0.07320421416540768, r=0.9994175422347624,r^2=0.9988354237265731, Se=0.0005883626036166129
(208,)
(208,)
(200,)
(200,)
Stats for normIMO: -1.4828572273254395, 2.249987840652466, -0.02549038454890251, 0.2917627692222595
Stats for shortIMO: -2.204998731613159. 0.6118650436401367, -0.006466313265264034, 0.15230046212673187
For Sampled Data: m=0.9824057399768369, b=0.20137725415018792, r=0.9983840850616823,r^2=0.9967707813044525, Se=0.0009711810608373203
For Stride Data: m=0.9974191215748812, b=0.03226565209158849, r=0.9995330867202953,r^2=0.9990663914486013, Se=0.0005295672987375616
(11,)
(11,)
(10,)
(10,)
Stats for normIMO: -15.620471000671387, 8.443070411682129, -1.5172369480133057, 4.659860610961914
Stats for shortIMO: -6.530997276306152. 6.879652500152588, 1.2397215366363525, 2.5574629306793213
For Sampled Data: m=-0.19512260844211912, b=9.986955206356338, r=-0.16359379618533662,r^2=0.026762930150329458, Se=0.02073586459186611
For Stride Data: m=0.5367057674317335, b=2.0435993348265353, r=0.55934954549468,r^2=0.31287191404510506, Se=0.014016638964210364
(51,)
(51,)
(50,)
(50,)
Stats for normIMO: -7.488886833190918, 18.787582397460938, 0.6551586389541626, 3.85832142829895
Stats for shortIMO: -5.571465015411377. 5.828298568725586, -0.08105607330799103, 1.4593085050582886
For Sampled Data: m=0.5963147396688655, b=2.205719131871483, r=0.40945168054572156,r^2=0.16765067870171563, Se=0.023415194271964403
For Stride Data: m=0.8073767399781542, b=1.4461579269894598, r=0.8555213317174292,r^2=0.7319167490235635, Se=0.008610974350185804
(101,)
(101,)
(100,)
(100,)
Stats for normIMO: -5.469880104064941, 5.006182670593262, 0.09184062480926514, 1.3684076070785522
Stats for shortIMO: -3.405881643295288. 3.843674421310425, 0.04852939024567604, 0.8726376295089722
For Sampled Data: m=0.8542800121652883, b=0.9408626193216758, r=0.875953722055739,r^2=0.7672949231833028, Se=0.008290754896221029
For Stride Data: m=0.9154682508494661, b=0.5505391262917367, r=0.9495109277586089,r^2=0.9015710019330142, Se=0.005330610080375982
(154,)
(154,)
(150,)
(150,)
Stats for normIMO: -4.67142915725708, 4.485713958740234, -0.09723510593175888, 1.155221700668335
Stats for shortIMO: -2.309101104736328. 2.5, 0.027328629046678543, 0.5157236456871033
For Sampled Data: m=0.8352787012661409, b=1.2645994829310512, r=0.9095079246707424,r^2=0.8272046650388808, Se=0.006727643823541654
For Stride Data: m=0.9498450355174345, b=0.32811390423240994, r=0.9827565392833824,r^2=0.9658104155042503, Se=0.003149385259397732
(202,)
(202,)
(200,)
(200,)
Stats for normIMO: -4.22115421295166, 2.540426254272461, -0.14698852598667145, 0.9153878688812256
Stats for shortIMO: -1.7625000476837158. 1.6777777671813965, 0.008794656954705715, 0.36499297618865967
For Sampled Data: m=0.9153187650356032, b=0.7471165345126032, r=0.9444900211738234,r^2=0.8920614000969294, Se=0.0056109376984727856
For Stride Data: m=0.9622057195126784, b=0.25904960080055517, r=0.9915597711270849,r^2=0.983190779717597, Se=0.0022171490194552996
For Stride Data: m=0.8073767399781542, b=1.4461579269894598, r=0.8555213317174292,r^2=0.7319167490235635, Se=0.008610974350185804
(101,)
(101,)
(100,)
(100,)
Stats for normIMO: -6.429513931274414, 4.18250036239624, -0.10765159875154495, 1.3937835693359375
Stats for shortIMO: -3.405881643295288. 3.843674421310425, 0.04852939024567604, 0.8726376295089722
For Sampled Data: m=0.7546545922274183, b=1.8463897695938751, r=0.8651047164793069,r^2=0.7484061704747419, Se=0.00771083830876477
For Stride Data: m=0.9154682508494661, b=0.5505391262917367, r=0.9495109277586089,r^2=0.9015710019330142, Se=0.005330610080375982
(154,)
(154,)
(150,)
(150,)
Stats for normIMO: -11.68667984008789, 3.525887966156006, -0.12418527156114578, 1.479367733001709
Stats for shortIMO: -2.309101104736328. 2.5, 0.027328629046678543, 0.5157236456871033
For Sampled Data: m=0.8403229104908874, b=1.2558010690385624, r=0.8558054663638947,r^2=0.7324029962583232, Se=0.008951253065031431
For Stride Data: m=0.9498450355174345, b=0.32811390423240994, r=0.9827565392833824,r^2=0.9658104155042503, Se=0.003149385259397732
(202,)
(202,)
(200,)
(200,)
Stats for normIMO: -5.7965407371521, 3.7502291202545166, 0.08088359981775284, 0.9748627543449402
Stats for shortIMO: -1.7625000476837158. 1.6777777671813965, 0.008794656954705715, 0.36499297618865967
For Sampled Data: m=0.8870373451214898, b=0.7196713548434932, r=0.9364863692233508,r^2=0.8770067197411342, Se=0.005854006499505365
For Stride Data: m=0.9622057195126784, b=0.25904960080055517, r=0.9915597711270849,r^2=0.983190779717597, Se=0.0022171490194552996
